\BOOKMARK [0][-]{chapter.1}{Introduction}{}% 1
\BOOKMARK [1][-]{section.1.1}{Purpose}{chapter.1}% 2
\BOOKMARK [1][-]{section.1.2}{Scope}{chapter.1}% 3
\BOOKMARK [1][-]{section.1.3}{Definitions, Acronyms, Abbreviations}{chapter.1}% 4
\BOOKMARK [2][-]{subsection.1.3.1}{Definitions}{section.1.3}% 5
\BOOKMARK [2][-]{subsection.1.3.2}{Acronyms}{section.1.3}% 6
\BOOKMARK [2][-]{subsection.1.3.3}{Abbreviations}{section.1.3}% 7
\BOOKMARK [1][-]{section.1.4}{Reference Documents}{chapter.1}% 8
\BOOKMARK [1][-]{section.1.5}{Document Structure}{chapter.1}% 9
\BOOKMARK [0][-]{chapter.2}{Architectural Design}{}% 10
\BOOKMARK [1][-]{section.2.1}{Overview}{chapter.2}% 11
\BOOKMARK [1][-]{section.2.2}{High level components and their interactions}{chapter.2}% 12
\BOOKMARK [1][-]{section.2.3}{Component view}{chapter.2}% 13
\BOOKMARK [1][-]{section.2.4}{Deployment view}{chapter.2}% 14
\BOOKMARK [1][-]{section.2.5}{Runtime view}{chapter.2}% 15
\BOOKMARK [1][-]{section.2.6}{Component interfaces}{chapter.2}% 16
\BOOKMARK [1][-]{section.2.7}{Selected architectural styles and patterns}{chapter.2}% 17
\BOOKMARK [1][-]{section.2.8}{Other design decisions}{chapter.2}% 18
\BOOKMARK [0][-]{chapter.3}{Algorithm Design}{}% 19
\BOOKMARK [0][-]{chapter.4}{User Interface Design}{}% 20
\BOOKMARK [0][-]{chapter.5}{Requirements Traceability}{}% 21
\BOOKMARK [1][-]{section.5.1}{Functional Requirements}{chapter.5}% 22
\BOOKMARK [1][-]{section.5.2}{Quality Requirements}{chapter.5}% 23
\BOOKMARK [0][-]{Appendix.1.A}{Appendix Hours of work}{}% 24
