\BOOKMARK [0][-]{chapter.1}{Introduction}{}% 1
\BOOKMARK [1][-]{section.1.1}{Purpose}{chapter.1}% 2
\BOOKMARK [1][-]{section.1.2}{Scope}{chapter.1}% 3
\BOOKMARK [1][-]{section.1.3}{Stakeholders}{chapter.1}% 4
\BOOKMARK [1][-]{section.1.4}{Definitions, acronyms, and abbreviations}{chapter.1}% 5
\BOOKMARK [2][-]{subsection.1.4.1}{Definitions}{section.1.4}% 6
\BOOKMARK [2][-]{subsection.1.4.2}{Acronyms}{section.1.4}% 7
\BOOKMARK [2][-]{subsection.1.4.3}{Abbreviations}{section.1.4}% 8
\BOOKMARK [1][-]{section.1.5}{References}{chapter.1}% 9
\BOOKMARK [1][-]{section.1.6}{Overview}{chapter.1}% 10
\BOOKMARK [0][-]{chapter.2}{Overall description}{}% 11
\BOOKMARK [1][-]{section.2.1}{Product perspective}{chapter.2}% 12
\BOOKMARK [2][-]{subsection.2.1.1}{System interfaces}{section.2.1}% 13
\BOOKMARK [2][-]{subsection.2.1.2}{User interfaces}{section.2.1}% 14
\BOOKMARK [2][-]{subsection.2.1.3}{Software interfaces}{section.2.1}% 15
\BOOKMARK [1][-]{section.2.2}{Product functions}{chapter.2}% 16
\BOOKMARK [1][-]{section.2.3}{User characteristics}{chapter.2}% 17
\BOOKMARK [2][-]{subsection.2.3.1}{Actors identifying}{section.2.3}% 18
\BOOKMARK [1][-]{section.2.4}{Constraints}{chapter.2}% 19
\BOOKMARK [2][-]{subsection.2.4.1}{Regulatory policies}{section.2.4}% 20
\BOOKMARK [2][-]{subsection.2.4.2}{Hardware limitations}{section.2.4}% 21
\BOOKMARK [2][-]{subsection.2.4.3}{Interfaces to other applications}{section.2.4}% 22
\BOOKMARK [2][-]{subsection.2.4.4}{Parallel operation}{section.2.4}% 23
\BOOKMARK [2][-]{subsection.2.4.5}{Criticality of the application}{section.2.4}% 24
\BOOKMARK [2][-]{subsection.2.4.6}{Safety and security considerations}{section.2.4}% 25
\BOOKMARK [1][-]{section.2.5}{Domain properties and assumptions}{chapter.2}% 26
\BOOKMARK [0][-]{chapter.3}{Specific requirements}{}% 27
\BOOKMARK [1][-]{section.3.1}{External Interface Requirements}{chapter.3}% 28
\BOOKMARK [2][-]{subsection.3.1.1}{User interface sketches}{section.3.1}% 29
\BOOKMARK [1][-]{section.3.2}{Functional Requirements}{chapter.3}% 30
\BOOKMARK [2][-]{subsection.3.2.1}{Goal 1}{section.3.2}% 31
\BOOKMARK [2][-]{subsection.3.2.2}{Goal 2}{section.3.2}% 32
\BOOKMARK [2][-]{subsection.3.2.3}{Goal 3}{section.3.2}% 33
\BOOKMARK [2][-]{subsection.3.2.4}{Goal 4}{section.3.2}% 34
\BOOKMARK [2][-]{subsection.3.2.5}{Goal 5}{section.3.2}% 35
\BOOKMARK [2][-]{subsection.3.2.6}{Goal 6}{section.3.2}% 36
\BOOKMARK [2][-]{subsection.3.2.7}{Goal 7}{section.3.2}% 37
\BOOKMARK [2][-]{subsection.3.2.8}{Goal 8}{section.3.2}% 38
\BOOKMARK [2][-]{subsection.3.2.9}{Goal 9}{section.3.2}% 39
\BOOKMARK [2][-]{subsection.3.2.10}{Goal 10}{section.3.2}% 40
\BOOKMARK [2][-]{subsection.3.2.11}{Goal 11}{section.3.2}% 41
\BOOKMARK [2][-]{subsection.3.2.12}{Goal 12}{section.3.2}% 42
\BOOKMARK [1][-]{section.3.3}{Performance Requirements}{chapter.3}% 43
\BOOKMARK [1][-]{section.3.4}{Design Constraints}{chapter.3}% 44
\BOOKMARK [2][-]{subsection.3.4.1}{Standard compliance}{section.3.4}% 45
\BOOKMARK [1][-]{section.3.5}{Software System Attributes}{chapter.3}% 46
\BOOKMARK [2][-]{subsection.3.5.1}{Reliability}{section.3.5}% 47
\BOOKMARK [2][-]{subsection.3.5.2}{Availability}{section.3.5}% 48
\BOOKMARK [2][-]{subsection.3.5.3}{Security}{section.3.5}% 49
\BOOKMARK [2][-]{subsection.3.5.4}{Portability}{section.3.5}% 50
\BOOKMARK [1][-]{section.3.6}{Scenarios}{chapter.3}% 51
\BOOKMARK [2][-]{subsection.3.6.1}{Scenario 1}{section.3.6}% 52
\BOOKMARK [2][-]{subsection.3.6.2}{Scenario 2}{section.3.6}% 53
\BOOKMARK [2][-]{subsection.3.6.3}{Scenario 3}{section.3.6}% 54
\BOOKMARK [2][-]{subsection.3.6.4}{Scenario 4}{section.3.6}% 55
\BOOKMARK [2][-]{subsection.3.6.5}{Scenario 5}{section.3.6}% 56
\BOOKMARK [2][-]{subsection.3.6.6}{Scenario 6}{section.3.6}% 57
\BOOKMARK [2][-]{subsection.3.6.7}{Scenario 7}{section.3.6}% 58
\BOOKMARK [0][-]{Appendix.1.A}{Appendix Alloy}{}% 59
\BOOKMARK [0][-]{Appendix.1.B}{Appendix Work hours}{}% 60
\BOOKMARK [0][-]{Appendix.1.C}{Appendix UML diagrams}{}% 61
\BOOKMARK [1][-]{section.1.C.1}{Class diagram}{Appendix.1.C}% 62
\BOOKMARK [1][-]{section.1.C.2}{Activity diagrams}{Appendix.1.C}% 63
\BOOKMARK [1][-]{section.1.C.3}{Statechart diagram}{Appendix.1.C}% 64
\BOOKMARK [0][-]{Appendix.1.D}{Appendix Tries}{}% 65
