\BOOKMARK [0][-]{chapter.1}{Introduction}{}% 1
\BOOKMARK [1][-]{section.1.1}{Revision History}{chapter.1}% 2
\BOOKMARK [1][-]{section.1.2}{Purpose and Scope}{chapter.1}% 3
\BOOKMARK [1][-]{section.1.3}{Definitions, Acronyms, Abbreviations}{chapter.1}% 4
\BOOKMARK [2][-]{subsection.1.3.1}{Definitions}{section.1.3}% 5
\BOOKMARK [2][-]{subsection.1.3.2}{Acronyms}{section.1.3}% 6
\BOOKMARK [2][-]{subsection.1.3.3}{Abbreviations}{section.1.3}% 7
\BOOKMARK [1][-]{section.1.4}{Reference Documents}{chapter.1}% 8
\BOOKMARK [0][-]{chapter.2}{Integration Strategy}{}% 9
\BOOKMARK [1][-]{section.2.1}{Entry Criteria}{chapter.2}% 10
\BOOKMARK [1][-]{section.2.2}{Elements to be Integrated}{chapter.2}% 11
\BOOKMARK [1][-]{section.2.3}{Integration Testing Strategy}{chapter.2}% 12
\BOOKMARK [1][-]{section.2.4}{Sequence of Component/Function Integration}{chapter.2}% 13
\BOOKMARK [2][-]{subsection.2.4.1}{Software Integration Sequence}{section.2.4}% 14
\BOOKMARK [2][-]{subsection.2.4.2}{Subsystem Integration Sequence}{section.2.4}% 15
\BOOKMARK [0][-]{chapter.3}{Individual Steps and Test Description}{}% 16
\BOOKMARK [1][-]{section.3.1}{Taxi Management System}{chapter.3}% 17
\BOOKMARK [2][-]{subsection.3.1.1}{Request Management, Data Access Utilities}{section.3.1}% 18
\BOOKMARK [2][-]{subsection.3.1.2}{Reservation Management, Data Access Utilities}{section.3.1}% 19
\BOOKMARK [2][-]{subsection.3.1.3}{Taxi Management, Data Access Utilities Management}{section.3.1}% 20
\BOOKMARK [2][-]{subsection.3.1.4}{Taxi Management, Location Management}{section.3.1}% 21
\BOOKMARK [2][-]{subsection.3.1.5}{Reservation Management, Location Management}{section.3.1}% 22
\BOOKMARK [2][-]{subsection.3.1.6}{Reservation Management, Request Management}{section.3.1}% 23
\BOOKMARK [2][-]{subsection.3.1.7}{Request Management, Taxi Management}{section.3.1}% 24
\BOOKMARK [1][-]{section.3.2}{System Administration}{chapter.3}% 25
\BOOKMARK [2][-]{subsection.3.2.1}{Zone Management, Data Access Utilities}{section.3.2}% 26
\BOOKMARK [2][-]{subsection.3.2.2}{API Permission Management, Data Access Utilities}{section.3.2}% 27
\BOOKMARK [2][-]{subsection.3.2.3}{Taxi Driver Management}{section.3.2}% 28
\BOOKMARK [1][-]{section.3.3}{Account Management}{chapter.3}% 29
\BOOKMARK [2][-]{subsection.3.3.1}{Passenger Registration, Data Access Utilities}{section.3.3}% 30
\BOOKMARK [2][-]{subsection.3.3.2}{Login, Data Access Utilities}{section.3.3}% 31
\BOOKMARK [2][-]{subsection.3.3.3}{Password Retrieval, Data Access Utilities}{section.3.3}% 32
\BOOKMARK [2][-]{subsection.3.3.4}{Settings Management, Data Access Utilities}{section.3.3}% 33
\BOOKMARK [1][-]{section.3.4}{Integration Between Subsystems}{chapter.3}% 34
\BOOKMARK [2][-]{subsection.3.4.1}{Remote Services Interface, Taxi Management System}{section.3.4}% 35
\BOOKMARK [2][-]{subsection.3.4.2}{Remote Services Interface, Account Management}{section.3.4}% 36
\BOOKMARK [2][-]{subsection.3.4.3}{Remote Services Interface, System Administration}{section.3.4}% 37
\BOOKMARK [0][-]{chapter.4}{Performance analysis}{}% 38
\BOOKMARK [0][-]{chapter.5}{Tools and Test Equipment Required}{}% 39
\BOOKMARK [1][-]{section.5.1}{Tools}{chapter.5}% 40
\BOOKMARK [1][-]{section.5.2}{Test Equipment}{chapter.5}% 41
\BOOKMARK [0][-]{chapter.6}{Required Program Stubs and Test Data}{}% 42
\BOOKMARK [1][-]{section.6.1}{Program Stubs and Drivers}{chapter.6}% 43
\BOOKMARK [1][-]{section.6.2}{Test Data}{chapter.6}% 44
\BOOKMARK [0][-]{Appendix.1.A}{Appendix Hours of work}{}% 45
