\BOOKMARK [0][-]{chapter.1}{Introduction}{}% 1
\BOOKMARK [1][-]{section.1.1}{Purpose}{chapter.1}% 2
\BOOKMARK [1][-]{section.1.2}{Scope}{chapter.1}% 3
\BOOKMARK [1][-]{section.1.3}{Definitions, acronyms, and abbreviations}{chapter.1}% 4
\BOOKMARK [2][-]{subsection.1.3.1}{Definition}{section.1.3}% 5
\BOOKMARK [2][-]{subsection.1.3.2}{Acronyms}{section.1.3}% 6
\BOOKMARK [2][-]{subsection.1.3.3}{Abbreviations}{section.1.3}% 7
\BOOKMARK [1][-]{section.1.4}{References}{chapter.1}% 8
\BOOKMARK [1][-]{section.1.5}{Overview}{chapter.1}% 9
\BOOKMARK [0][-]{chapter.2}{Overall description}{}% 10
\BOOKMARK [1][-]{section.2.1}{Product perspective}{chapter.2}% 11
\BOOKMARK [2][-]{subsection.2.1.1}{System interfaces}{section.2.1}% 12
\BOOKMARK [2][-]{subsection.2.1.2}{User interfaces}{section.2.1}% 13
\BOOKMARK [2][-]{subsection.2.1.3}{Hardware interfaces}{section.2.1}% 14
\BOOKMARK [2][-]{subsection.2.1.4}{Software interfaces}{section.2.1}% 15
\BOOKMARK [1][-]{section.2.2}{Product functions}{chapter.2}% 16
\BOOKMARK [1][-]{section.2.3}{User characteristics}{chapter.2}% 17
\BOOKMARK [1][-]{section.2.4}{Constraints}{chapter.2}% 18
\BOOKMARK [1][-]{section.2.5}{Assumptions and dependencies}{chapter.2}% 19
\BOOKMARK [2][-]{subsection.2.5.1}{Domain properties}{section.2.5}% 20
\BOOKMARK [2][-]{subsection.2.5.2}{Assumptions}{section.2.5}% 21
\BOOKMARK [0][-]{chapter.3}{Specific requirements}{}% 22
\BOOKMARK [1][-]{section.3.1}{Goals and requirements}{chapter.3}% 23
\BOOKMARK [2][-]{subsection.3.1.1}{Goal 1}{section.3.1}% 24
\BOOKMARK [2][-]{subsection.3.1.2}{Goal 2}{section.3.1}% 25
\BOOKMARK [2][-]{subsection.3.1.3}{Goal 3}{section.3.1}% 26
\BOOKMARK [2][-]{subsection.3.1.4}{Goal 4}{section.3.1}% 27
\BOOKMARK [2][-]{subsection.3.1.5}{Goal 5}{section.3.1}% 28
\BOOKMARK [2][-]{subsection.3.1.6}{Goal 6}{section.3.1}% 29
\BOOKMARK [2][-]{subsection.3.1.7}{Goal 7}{section.3.1}% 30
\BOOKMARK [2][-]{subsection.3.1.8}{Goal 8}{section.3.1}% 31
\BOOKMARK [2][-]{subsection.3.1.9}{Goal 9}{section.3.1}% 32
\BOOKMARK [2][-]{subsection.3.1.10}{Goal 10}{section.3.1}% 33
\BOOKMARK [2][-]{subsection.3.1.11}{Goal 11}{section.3.1}% 34
\BOOKMARK [2][-]{subsection.3.1.12}{Goal 12}{section.3.1}% 35
\BOOKMARK [1][-]{section.3.2}{Scenarios}{chapter.3}% 36
