\BOOKMARK [0][-]{chapter.1}{Introduction}{}% 1
\BOOKMARK [1][-]{section.1.1}{Revision History}{chapter.1}% 2
\BOOKMARK [1][-]{section.1.2}{Purpose and scope}{chapter.1}% 3
\BOOKMARK [1][-]{section.1.3}{Definitions, Acronyms, Abbreviations}{chapter.1}% 4
\BOOKMARK [2][-]{subsection.1.3.1}{Definitions}{section.1.3}% 5
\BOOKMARK [2][-]{subsection.1.3.2}{Acronyms}{section.1.3}% 6
\BOOKMARK [2][-]{subsection.1.3.3}{Abbreviations}{section.1.3}% 7
\BOOKMARK [1][-]{section.1.4}{Reference Documents}{chapter.1}% 8
\BOOKMARK [0][-]{chapter.2}{Project size, cost and effort estimation}{}% 9
\BOOKMARK [1][-]{section.2.1}{Size estimation: function points}{chapter.2}% 10
\BOOKMARK [2][-]{subsection.2.1.1}{Internal Logic Files \(ILFs\)}{section.2.1}% 11
\BOOKMARK [2][-]{subsection.2.1.2}{External Logic Files \(ELFs\)}{section.2.1}% 12
\BOOKMARK [2][-]{subsection.2.1.3}{External Inputs \(EIs\)}{section.2.1}% 13
\BOOKMARK [2][-]{subsection.2.1.4}{External Inquiries \(EQs\)}{section.2.1}% 14
\BOOKMARK [2][-]{subsection.2.1.5}{External Outputs \(EOs\)}{section.2.1}% 15
\BOOKMARK [2][-]{subsection.2.1.6}{Overall estimation}{section.2.1}% 16
\BOOKMARK [1][-]{section.2.2}{Cost and effort estimation: COCOMO II}{chapter.2}% 17
\BOOKMARK [2][-]{subsection.2.2.1}{Scale Drivers}{section.2.2}% 18
\BOOKMARK [2][-]{subsection.2.2.2}{Cost Drivers}{section.2.2}% 19
\BOOKMARK [2][-]{subsection.2.2.3}{Effort equation}{section.2.2}% 20
\BOOKMARK [2][-]{subsection.2.2.4}{Schedule estimation}{section.2.2}% 21
\BOOKMARK [0][-]{chapter.3}{Schedule}{}% 22
\BOOKMARK [0][-]{chapter.4}{Resource allocation}{}% 23
\BOOKMARK [0][-]{chapter.5}{Risk management}{}% 24
\BOOKMARK [0][-]{Appendix.1.A}{Appendix Hours of work}{}% 25
