This is pdfTeX, Version 3.14159265-2.6-1.40.16 (TeX Live 2015) (preloaded format=pdflatex 2015.11.21)  29 FEB 2016 12:58
entering extended mode
 \write18 enabled.
 file:line:error style messages enabled.
 %&-line parsing enabled.
**1_RASD.tex
(./1_RASD.tex
LaTeX2e <2015/01/01>
Babel <3.9l> and hyphenation patterns for 79 languages loaded.
(./preable/settings.tex (/usr/local/texlive/2015/texmf-dist/tex/latex/base/report.cls
Document Class: report 2014/09/29 v1.4h Standard LaTeX document class
(/usr/local/texlive/2015/texmf-dist/tex/latex/base/size11.clo
File: size11.clo 2014/09/29 v1.4h Standard LaTeX file (size option)
)
\c@part=\count79
\c@chapter=\count80
\c@section=\count81
\c@subsection=\count82
\c@subsubsection=\count83
\c@paragraph=\count84
\c@subparagraph=\count85
\c@figure=\count86
\c@table=\count87
\abovecaptionskip=\skip41
\belowcaptionskip=\skip42
\bibindent=\dimen102
) (/usr/local/texlive/2015/texmf-dist/tex/latex/hyperref/hyperref.sty
Package: hyperref 2012/11/06 v6.83m Hypertext links for LaTeX
 (/usr/local/texlive/2015/texmf-dist/tex/generic/oberdiek/hobsub-hyperref.sty
Package: hobsub-hyperref 2012/05/28 v1.13 Bundle oberdiek, subset hyperref (HO)
 (/usr/local/texlive/2015/texmf-dist/tex/generic/oberdiek/hobsub-generic.sty
Package: hobsub-generic 2012/05/28 v1.13 Bundle oberdiek, subset generic (HO)
Package: hobsub 2012/05/28 v1.13 Construct package bundles (HO)
Package: infwarerr 2010/04/08 v1.3 Providing info/warning/error messages (HO)
Package: ltxcmds 2011/11/09 v1.22 LaTeX kernel commands for general use (HO)
Package: ifluatex 2010/03/01 v1.3 Provides the ifluatex switch (HO)
Package ifluatex Info: LuaTeX not detected.
Package: ifvtex 2010/03/01 v1.5 Detect VTeX and its facilities (HO)
Package ifvtex Info: VTeX not detected.
Package: intcalc 2007/09/27 v1.1 Expandable calculations with integers (HO)
Package: ifpdf 2011/01/30 v2.3 Provides the ifpdf switch (HO)
Package ifpdf Info: pdfTeX in PDF mode is detected.
Package: etexcmds 2011/02/16 v1.5 Avoid name clashes with e-TeX commands (HO)
Package etexcmds Info: Could not find \expanded.
(etexcmds)             That can mean that you are not using pdfTeX 1.50 or
(etexcmds)             that some package has redefined \expanded.
(etexcmds)             In the latter case, load this package earlier.
Package: kvsetkeys 2012/04/25 v1.16 Key value parser (HO)
Package: kvdefinekeys 2011/04/07 v1.3 Define keys (HO)
Package: pdftexcmds 2011/11/29 v0.20 Utility functions of pdfTeX for LuaTeX (HO)
Package pdftexcmds Info: LuaTeX not detected.
Package pdftexcmds Info: \pdf@primitive is available.
Package pdftexcmds Info: \pdf@ifprimitive is available.
Package pdftexcmds Info: \pdfdraftmode found.
Package: pdfescape 2011/11/25 v1.13 Implements pdfTeX's escape features (HO)
Package: bigintcalc 2012/04/08 v1.3 Expandable calculations on big integers (HO)
Package: bitset 2011/01/30 v1.1 Handle bit-vector datatype (HO)
Package: uniquecounter 2011/01/30 v1.2 Provide unlimited unique counter (HO)
)
Package hobsub Info: Skipping package `hobsub' (already loaded).
Package: letltxmacro 2010/09/02 v1.4 Let assignment for LaTeX macros (HO)
Package: hopatch 2012/05/28 v1.2 Wrapper for package hooks (HO)
Package: xcolor-patch 2011/01/30 xcolor patch
Package: atveryend 2011/06/30 v1.8 Hooks at the very end of document (HO)
Package atveryend Info: \enddocument detected (standard20110627).
Package: atbegshi 2011/10/05 v1.16 At begin shipout hook (HO)
Package: refcount 2011/10/16 v3.4 Data extraction from label references (HO)
Package: hycolor 2011/01/30 v1.7 Color options for hyperref/bookmark (HO)
) (/usr/local/texlive/2015/texmf-dist/tex/latex/graphics/keyval.sty
Package: keyval 2014/10/28 v1.15 key=value parser (DPC)
\KV@toks@=\toks14
) (/usr/local/texlive/2015/texmf-dist/tex/generic/ifxetex/ifxetex.sty
Package: ifxetex 2010/09/12 v0.6 Provides ifxetex conditional
) (/usr/local/texlive/2015/texmf-dist/tex/latex/oberdiek/auxhook.sty
Package: auxhook 2011/03/04 v1.3 Hooks for auxiliary files (HO)
) (/usr/local/texlive/2015/texmf-dist/tex/latex/oberdiek/kvoptions.sty
Package: kvoptions 2011/06/30 v3.11 Key value format for package options (HO)
)
\@linkdim=\dimen103
\Hy@linkcounter=\count88
\Hy@pagecounter=\count89
 (/usr/local/texlive/2015/texmf-dist/tex/latex/hyperref/pd1enc.def
File: pd1enc.def 2012/11/06 v6.83m Hyperref: PDFDocEncoding definition (HO)
)
\Hy@SavedSpaceFactor=\count90
 (/usr/local/texlive/2015/texmf-dist/tex/latex/latexconfig/hyperref.cfg
File: hyperref.cfg 2002/06/06 v1.2 hyperref configuration of TeXLive
)
Package hyperref Info: Hyper figures OFF on input line 4443.
Package hyperref Info: Link nesting OFF on input line 4448.
Package hyperref Info: Hyper index ON on input line 4451.
Package hyperref Info: Plain pages OFF on input line 4458.
Package hyperref Info: Backreferencing OFF on input line 4463.
Package hyperref Info: Implicit mode ON; LaTeX internals redefined.
Package hyperref Info: Bookmarks ON on input line 4688.
\c@Hy@tempcnt=\count91
 (/usr/local/texlive/2015/texmf-dist/tex/latex/url/url.sty
\Urlmuskip=\muskip10
Package: url 2013/09/16  ver 3.4  Verb mode for urls, etc.
)
LaTeX Info: Redefining \url on input line 5041.
\XeTeXLinkMargin=\dimen104
\Fld@menulength=\count92
\Field@Width=\dimen105
\Fld@charsize=\dimen106
Package hyperref Info: Hyper figures OFF on input line 6295.
Package hyperref Info: Link nesting OFF on input line 6300.
Package hyperref Info: Hyper index ON on input line 6303.
Package hyperref Info: backreferencing OFF on input line 6310.
Package hyperref Info: Link coloring OFF on input line 6315.
Package hyperref Info: Link coloring with OCG OFF on input line 6320.
Package hyperref Info: PDF/A mode OFF on input line 6325.
LaTeX Info: Redefining \ref on input line 6365.
LaTeX Info: Redefining \pageref on input line 6369.
\Hy@abspage=\count93
\c@Item=\count94
\c@Hfootnote=\count95
)

Package hyperref Message: Driver (autodetected): hpdftex.

(/usr/local/texlive/2015/texmf-dist/tex/latex/hyperref/hpdftex.def
File: hpdftex.def 2012/11/06 v6.83m Hyperref driver for pdfTeX
\Fld@listcount=\count96
\c@bookmark@seq@number=\count97
 (/usr/local/texlive/2015/texmf-dist/tex/latex/oberdiek/rerunfilecheck.sty
Package: rerunfilecheck 2011/04/15 v1.7 Rerun checks for auxiliary files (HO)
Package uniquecounter Info: New unique counter `rerunfilecheck' on input line 282.
)
\Hy@SectionHShift=\skip43
) (/usr/local/texlive/2015/texmf-dist/tex/latex/fancyhdr/fancyhdr.sty
\fancy@headwidth=\skip44
\f@ncyO@elh=\skip45
\f@ncyO@erh=\skip46
\f@ncyO@olh=\skip47
\f@ncyO@orh=\skip48
\f@ncyO@elf=\skip49
\f@ncyO@erf=\skip50
\f@ncyO@olf=\skip51
\f@ncyO@orf=\skip52
)

Package Fancyhdr Warning: \fancyhead's `E' option without twoside option is useless on input line 13.


Package Fancyhdr Warning: \fancyfoot's `E' option without twoside option is useless on input line 14.


Package Fancyhdr Warning: \fancyfoot's `E' option without twoside option is useless on input line 16.

(/usr/local/texlive/2015/texmf-dist/tex/latex/float/float.sty
Package: float 2001/11/08 v1.3d Float enhancements (AL)
\c@float@type=\count98
\float@exts=\toks15
\float@box=\box26
\@float@everytoks=\toks16
\@floatcapt=\box27
) (/usr/local/texlive/2015/texmf-dist/tex/latex/listings/listings.sty
\lst@mode=\count99
\lst@gtempboxa=\box28
\lst@token=\toks17
\lst@length=\count100
\lst@currlwidth=\dimen107
\lst@column=\count101
\lst@pos=\count102
\lst@lostspace=\dimen108
\lst@width=\dimen109
\lst@newlines=\count103
\lst@lineno=\count104
\lst@maxwidth=\dimen110
 (/usr/local/texlive/2015/texmf-dist/tex/latex/listings/lstmisc.sty
File: lstmisc.sty 2014/09/06 1.5e (Carsten Heinz)
\c@lstnumber=\count105
\lst@skipnumbers=\count106
\lst@framebox=\box29
) (/usr/local/texlive/2015/texmf-dist/tex/latex/listings/listings.cfg
File: listings.cfg 2014/09/06 1.5e listings configuration
))
Package: listings 2014/09/06 1.5e (Carsten Heinz)
 (/usr/local/texlive/2015/texmf-dist/tex/latex/graphics/color.sty
Package: color 2014/10/28 v1.1a Standard LaTeX Color (DPC)
 (/usr/local/texlive/2015/texmf-dist/tex/latex/latexconfig/color.cfg
File: color.cfg 2007/01/18 v1.5 color configuration of teTeX/TeXLive
)
Package color Info: Driver file: pdftex.def on input line 142.
 (/usr/local/texlive/2015/texmf-dist/tex/latex/pdftex-def/pdftex.def
File: pdftex.def 2011/05/27 v0.06d Graphics/color for pdfTeX
\Gread@gobject=\count107
)) (/usr/local/texlive/2015/texmf-dist/tex/latex/graphics/graphicx.sty
Package: graphicx 2014/10/28 v1.0g Enhanced LaTeX Graphics (DPC,SPQR)
 (/usr/local/texlive/2015/texmf-dist/tex/latex/graphics/graphics.sty
Package: graphics 2014/10/28 v1.0p Standard LaTeX Graphics (DPC,SPQR)
 (/usr/local/texlive/2015/texmf-dist/tex/latex/graphics/trig.sty
Package: trig 1999/03/16 v1.09 sin cos tan (DPC)
) (/usr/local/texlive/2015/texmf-dist/tex/latex/latexconfig/graphics.cfg
File: graphics.cfg 2010/04/23 v1.9 graphics configuration of TeX Live
)
Package graphics Info: Driver file: pdftex.def on input line 94.
)
\Gin@req@height=\dimen111
\Gin@req@width=\dimen112
) (/usr/local/texlive/2015/texmf-dist/tex/latex/wrapfig/wrapfig.sty
\wrapoverhang=\dimen113
\WF@size=\dimen114
\c@WF@wrappedlines=\count108
\WF@box=\box30
\WF@everypar=\toks18
Package: wrapfig 2003/01/31  v 3.6
) (/usr/local/texlive/2015/texmf-dist/tex/latex/graphics/lscape.sty
Package: lscape 2000/10/22 v3.01 Landscape Pages (DPC)
) (/usr/local/texlive/2015/texmf-dist/tex/latex/rotating/rotating.sty
Package: rotating 2009/03/28 v2.16a rotated objects in LaTeX
 (/usr/local/texlive/2015/texmf-dist/tex/latex/base/ifthen.sty
Package: ifthen 2014/09/29 v1.1c Standard LaTeX ifthen package (DPC)
)
\c@r@tfl@t=\count109
\rotFPtop=\skip53
\rotFPbot=\skip54
\rot@float@box=\box31
\rot@mess@toks=\toks19
) (/usr/local/texlive/2015/texmf-dist/tex/latex/oberdiek/epstopdf.sty
Package: epstopdf 2010/02/09 v2.5 Conversion with epstopdf on the fly (HO)
 (/usr/local/texlive/2015/texmf-dist/tex/latex/oberdiek/epstopdf-base.sty
Package: epstopdf-base 2010/02/09 v2.5 Base part for package epstopdf
 (/usr/local/texlive/2015/texmf-dist/tex/latex/oberdiek/grfext.sty
Package: grfext 2010/08/19 v1.1 Manage graphics extensions (HO)
)
Package grfext Info: Graphics extension search list:
(grfext)             [.png,.pdf,.jpg,.mps,.jpeg,.jbig2,.jb2,.PNG,.PDF,.JPG,.JPEG,.JBIG2,.JB2,.eps]
(grfext)             \AppendGraphicsExtensions on input line 452.
 (/usr/local/texlive/2015/texmf-dist/tex/latex/latexconfig/epstopdf-sys.cfg
File: epstopdf-sys.cfg 2010/07/13 v1.3 Configuration of (r)epstopdf for TeX Live
))) (/usr/local/texlive/2015/texmf-dist/tex/latex/oberdiek/pdflscape.sty
Package: pdflscape 2008/08/11 v0.10 Display of landscape pages in PDF (HO)
Package pdflscape Info: Auto-detected driver: pdftex on input line 80.
) (/usr/local/texlive/2015/texmf-dist/tex/latex/pdfpages/pdfpages.sty
Package: pdfpages 2015/05/11 v0.4x Insert pages of external PDF documents (AM)
 (/usr/local/texlive/2015/texmf-dist/tex/latex/tools/calc.sty
Package: calc 2014/10/28 v4.3 Infix arithmetic (KKT,FJ)
\calc@Acount=\count110
\calc@Bcount=\count111
\calc@Adimen=\dimen115
\calc@Bdimen=\dimen116
\calc@Askip=\skip55
\calc@Bskip=\skip56
LaTeX Info: Redefining \setlength on input line 80.
LaTeX Info: Redefining \addtolength on input line 81.
\calc@Ccount=\count112
\calc@Cskip=\skip57
) (/usr/local/texlive/2015/texmf-dist/tex/latex/eso-pic/eso-pic.sty
Package: eso-pic 2015/04/20 v2.0e eso-pic (RN)
)
\AM@pagewidth=\dimen117
\AM@pageheight=\dimen118
 (/usr/local/texlive/2015/texmf-dist/tex/latex/pdfpages/pppdftex.def
File: pppdftex.def 2015/05/11 v0.4x Pdfpages driver for pdfTeX (AM)
)
\AM@pagebox=\box32
\AM@toc@title=\toks20
\c@AM@survey=\count113
\AM@templatesizebox=\box33
) (/usr/local/texlive/2015/texmf-dist/tex/latex/appendix/appendix.sty
Package: appendix 2009/09/02 v1.2b extra appendix facilities
\c@@pps=\count114
\c@@ppsavesec=\count115
\c@@ppsaveapp=\count116
) (/usr/local/texlive/2015/texmf-dist/tex/latex/tools/longtable.sty
Package: longtable 2014/10/28 v4.11 Multi-page Table package (DPC)
\LTleft=\skip58
\LTright=\skip59
\LTpre=\skip60
\LTpost=\skip61
\LTchunksize=\count117
\LTcapwidth=\dimen119
\LT@head=\box34
\LT@firsthead=\box35
\LT@foot=\box36
\LT@lastfoot=\box37
\LT@cols=\count118
\LT@rows=\count119
\c@LT@tables=\count120
\c@LT@chunks=\count121
\LT@p@ftn=\toks21
)) (./preable/alloy_style.tex) (/Users/Valerio/GitHub/casaticastelli_sweng2/Documents/1_RASD/latex_files/.texpadtmp/1_RASD.aux)
\openout1 = `1_RASD.aux'.

LaTeX Font Info:    Checking defaults for OML/cmm/m/it on input line 4.
LaTeX Font Info:    ... okay on input line 4.
LaTeX Font Info:    Checking defaults for T1/cmr/m/n on input line 4.
LaTeX Font Info:    ... okay on input line 4.
LaTeX Font Info:    Checking defaults for OT1/cmr/m/n on input line 4.
LaTeX Font Info:    ... okay on input line 4.
LaTeX Font Info:    Checking defaults for OMS/cmsy/m/n on input line 4.
LaTeX Font Info:    ... okay on input line 4.
LaTeX Font Info:    Checking defaults for OMX/cmex/m/n on input line 4.
LaTeX Font Info:    ... okay on input line 4.
LaTeX Font Info:    Checking defaults for U/cmr/m/n on input line 4.
LaTeX Font Info:    ... okay on input line 4.
LaTeX Font Info:    Checking defaults for PD1/pdf/m/n on input line 4.
LaTeX Font Info:    ... okay on input line 4.
\AtBeginShipoutBox=\box38
Package hyperref Info: Link coloring OFF on input line 4.
 (/usr/local/texlive/2015/texmf-dist/tex/latex/hyperref/nameref.sty
Package: nameref 2012/10/27 v2.43 Cross-referencing by name of section
 (/usr/local/texlive/2015/texmf-dist/tex/generic/oberdiek/gettitlestring.sty
Package: gettitlestring 2010/12/03 v1.4 Cleanup title references (HO)
)
\c@section@level=\count122
)
LaTeX Info: Redefining \ref on input line 4.
LaTeX Info: Redefining \pageref on input line 4.
LaTeX Info: Redefining \nameref on input line 4.

(/Users/Valerio/GitHub/casaticastelli_sweng2/Documents/1_RASD/latex_files/.texpadtmp/1_RASD.out) (/Users/Valerio/GitHub/casaticastelli_sweng2/Documents/1_RASD/latex_files/.texpadtmp/1_RASD.out)
\@outlinefile=\write3
\openout3 = `1_RASD.out'.

\c@lstlisting=\count123
 (/usr/local/texlive/2015/texmf-dist/tex/context/base/supp-pdf.mkii
[Loading MPS to PDF converter (version 2006.09.02).]
\scratchcounter=\count124
\scratchdimen=\dimen120
\scratchbox=\box39
\nofMPsegments=\count125
\nofMParguments=\count126
\everyMPshowfont=\toks22
\MPscratchCnt=\count127
\MPscratchDim=\dimen121
\MPnumerator=\count128
\makeMPintoPDFobject=\count129
\everyMPtoPDFconversion=\toks23
) <images/polimi_logo.png, id=321, 419.31656pt x 417.81094pt>
File: images/polimi_logo.png Graphic file (type png)
 <use images/polimi_logo.png>
Package pdftex.def Info: images/polimi_logo.png used on input line 7.
(pdftex.def)             Requested size: 150.0pt x 149.4619pt.
 [1

{/usr/local/texlive/2015/texmf-var/fonts/map/pdftex/updmap/pdftex.map} <./images/polimi_logo.png>] (/Users/Valerio/GitHub/casaticastelli_sweng2/Documents/1_RASD/latex_files/.texpadtmp/1_RASD.toc
LaTeX Font Info:    External font `cmex10' loaded for size
(Font)              <10.95> on input line 2.
LaTeX Font Info:    External font `cmex10' loaded for size
(Font)              <8> on input line 2.
LaTeX Font Info:    External font `cmex10' loaded for size
(Font)              <6> on input line 2.
pdfTeX warning (ext4): destination with the same identifier (name{page.i}) has been already used, duplicate ignored
<to be read again> 
                   \relax 
l.33 ...rline {3.2.3}Goal 3}{22}{subsection.3.2.3}
                                                   [1

]

Package Fancyhdr Warning: \headheight is too small (12.0pt): 
 Make it at least 13.59999pt.
 We now make it that large for the rest of the document.
 This may cause the page layout to be inconsistent, however.

[2])
\tf@toc=\write4
\openout4 = `1_RASD.toc'.



Package Fancyhdr Warning: \headheight is too small (12.0pt): 
 Make it at least 13.59999pt.
 We now make it that large for the rest of the document.
 This may cause the page layout to be inconsistent, however.

[3]
Chapter 1.
(./chapters/introduction.tex [1


]
LaTeX Font Info:    Try loading font information for OMS+cmr on input line 12.
 (/usr/local/texlive/2015/texmf-dist/tex/latex/base/omscmr.fd
File: omscmr.fd 2014/09/29 v2.5h Standard LaTeX font definitions
)
LaTeX Font Info:    Font shape `OMS/cmr/m/n' in size <10.95> not available
(Font)              Font shape `OMS/cmsy/m/n' tried instead on input line 12.


Package Fancyhdr Warning: \headheight is too small (12.0pt): 
 Make it at least 13.59999pt.
 We now make it that large for the rest of the document.
 This may cause the page layout to be inconsistent, however.

[2]

Package Fancyhdr Warning: \headheight is too small (12.0pt): 
 Make it at least 13.59999pt.
 We now make it that large for the rest of the document.
 This may cause the page layout to be inconsistent, however.

[3]

Package Fancyhdr Warning: \headheight is too small (12.0pt): 
 Make it at least 13.59999pt.
 We now make it that large for the rest of the document.
 This may cause the page layout to be inconsistent, however.

[4])

Package Fancyhdr Warning: \headheight is too small (12.0pt): 
 Make it at least 13.59999pt.
 We now make it that large for the rest of the document.
 This may cause the page layout to be inconsistent, however.

[5]
Chapter 2.
(./chapters/overall_description.tex
Overfull \hbox (3.8447pt too wide) in paragraph at lines 17--18
\OT1/cmr/m/n/10.95 The mo-bile ap-pli-ca-tion should na-tively sup-port both smart-phones and tablets
 []

[6

]

Package Fancyhdr Warning: \headheight is too small (12.0pt): 
 Make it at least 13.59999pt.
 We now make it that large for the rest of the document.
 This may cause the page layout to be inconsistent, however.

[7]

Package Fancyhdr Warning: \headheight is too small (12.0pt): 
 Make it at least 13.59999pt.
 We now make it that large for the rest of the document.
 This may cause the page layout to be inconsistent, however.

[8]

Package Fancyhdr Warning: \headheight is too small (12.0pt): 
 Make it at least 13.59999pt.
 We now make it that large for the rest of the document.
 This may cause the page layout to be inconsistent, however.

[9]

Package Fancyhdr Warning: \headheight is too small (12.0pt): 
 Make it at least 13.59999pt.
 We now make it that large for the rest of the document.
 This may cause the page layout to be inconsistent, however.

[10]

Package Fancyhdr Warning: \headheight is too small (12.0pt): 
 Make it at least 13.59999pt.
 We now make it that large for the rest of the document.
 This may cause the page layout to be inconsistent, however.

[11])

Package Fancyhdr Warning: \headheight is too small (12.0pt): 
 Make it at least 13.59999pt.
 We now make it that large for the rest of the document.
 This may cause the page layout to be inconsistent, however.

[12]
Chapter 3.
(./chapters/specific_requirements.tex <images/guest_home.png, id=477, 643.40375pt x 381.425pt>
File: images/guest_home.png Graphic file (type png)
 <use images/guest_home.png>
Package pdftex.def Info: images/guest_home.png used on input line 10.
(pdftex.def)             Requested size: 300.0pt x 177.84967pt.
 <images/guest_login.png, id=479, 643.40375pt x 399.4925pt>
File: images/guest_login.png Graphic file (type png)
 <use images/guest_login.png>
Package pdftex.def Info: images/guest_login.png used on input line 18.
(pdftex.def)             Requested size: 300.0pt x 186.27412pt.
 [13

 <./images/guest_home.png>] <images/user_call.png, id=487, 711.65875pt x 436.63126pt>
File: images/user_call.png Graphic file (type png)
 <use images/user_call.png>
Package pdftex.def Info: images/user_call.png used on input line 25.
(pdftex.def)             Requested size: 300.0pt x 184.05678pt.
 <images/user_confirm.png, id=488, 764.8575pt x 483.8075pt>
File: images/user_confirm.png Graphic file (type png)
 <use images/user_confirm.png>
Package pdftex.def Info: images/user_confirm.png used on input line 32.
(pdftex.def)             Requested size: 300.0pt x 189.76198pt.


Package Fancyhdr Warning: \headheight is too small (12.0pt): 
 Make it at least 13.59999pt.
 We now make it that large for the rest of the document.
 This may cause the page layout to be inconsistent, however.

[14 <./images/guest_login.png> <./images/user_call.png>] <images/user_home.png, id=497, 764.8575pt x 483.8075pt>
File: images/user_home.png Graphic file (type png)
 <use images/user_home.png>
Package pdftex.def Info: images/user_home.png used on input line 39.
(pdftex.def)             Requested size: 300.0pt x 189.76198pt.
 <images/user_reservation.png, id=498, 875.27pt x 512.91624pt>
File: images/user_reservation.png Graphic file (type png)
 <use images/user_reservation.png>
Package pdftex.def Info: images/user_reservation.png used on input line 47.
(pdftex.def)             Requested size: 300.0pt x 175.8058pt.


Package Fancyhdr Warning: \headheight is too small (12.0pt): 
 Make it at least 13.59999pt.
 We now make it that large for the rest of the document.
 This may cause the page layout to be inconsistent, however.

[15 <./images/user_confirm.png> <./images/user_home.png>] <images/taxi_accepted_ride.png, id=508, 382.42876pt x 650.43pt>
File: images/taxi_accepted_ride.png Graphic file (type png)
 <use images/taxi_accepted_ride.png>
Package pdftex.def Info: images/taxi_accepted_ride.png used on input line 55.
(pdftex.def)             Requested size: 150.0pt x 255.11569pt.
 <images/taxi_available.png, id=509, 382.42876pt x 650.43pt>
File: images/taxi_available.png Graphic file (type png)
 <use images/taxi_available.png>
Package pdftex.def Info: images/taxi_available.png used on input line 63.
(pdftex.def)             Requested size: 150.0pt x 255.11569pt.


Package Fancyhdr Warning: \headheight is too small (12.0pt): 
 Make it at least 13.59999pt.
 We now make it that large for the rest of the document.
 This may cause the page layout to be inconsistent, however.

[16 <./images/user_reservation.png> <./images/taxi_accepted_ride.png>] <images/taxi_login.png, id=518, 382.42876pt x 650.43pt>
File: images/taxi_login.png Graphic file (type png)
 <use images/taxi_login.png>
Package pdftex.def Info: images/taxi_login.png used on input line 71.
(pdftex.def)             Requested size: 150.0pt x 255.11569pt.


Package Fancyhdr Warning: \headheight is too small (12.0pt): 
 Make it at least 13.59999pt.
 We now make it that large for the rest of the document.
 This may cause the page layout to be inconsistent, however.

[17 <./images/taxi_available.png>] <images/taxi_meeting.png, id=525, 382.42876pt x 650.43pt>
File: images/taxi_meeting.png Graphic file (type png)
 <use images/taxi_meeting.png>
Package pdftex.def Info: images/taxi_meeting.png used on input line 79.
(pdftex.def)             Requested size: 150.0pt x 255.11569pt.


Package Fancyhdr Warning: \headheight is too small (12.0pt): 
 Make it at least 13.59999pt.
 We now make it that large for the rest of the document.
 This may cause the page layout to be inconsistent, however.

[18 <./images/taxi_login.png>] <images/taxi_new_ride.png, id=532, 382.42876pt x 650.43pt>
File: images/taxi_new_ride.png Graphic file (type png)
 <use images/taxi_new_ride.png>
Package pdftex.def Info: images/taxi_new_ride.png used on input line 87.
(pdftex.def)             Requested size: 150.0pt x 255.11569pt.


Package Fancyhdr Warning: \headheight is too small (12.0pt): 
 Make it at least 13.59999pt.
 We now make it that large for the rest of the document.
 This may cause the page layout to be inconsistent, however.

[19 <./images/taxi_meeting.png>] <images/taxi_unavailable.png, id=539, 382.42876pt x 650.43pt>
File: images/taxi_unavailable.png Graphic file (type png)
 <use images/taxi_unavailable.png>
Package pdftex.def Info: images/taxi_unavailable.png used on input line 95.
(pdftex.def)             Requested size: 150.0pt x 255.11569pt.


Package Fancyhdr Warning: \headheight is too small (12.0pt): 
 Make it at least 13.59999pt.
 We now make it that large for the rest of the document.
 This may cause the page layout to be inconsistent, however.

[20 <./images/taxi_new_ride.png>]

Package Fancyhdr Warning: \headheight is too small (12.0pt): 
 Make it at least 13.59999pt.
 We now make it that large for the rest of the document.
 This may cause the page layout to be inconsistent, however.

[21 <./images/taxi_unavailable.png>]

Package Fancyhdr Warning: \headheight is too small (12.0pt): 
 Make it at least 13.59999pt.
 We now make it that large for the rest of the document.
 This may cause the page layout to be inconsistent, however.

[22]

Package Fancyhdr Warning: \headheight is too small (12.0pt): 
 Make it at least 13.59999pt.
 We now make it that large for the rest of the document.
 This may cause the page layout to be inconsistent, however.

[23]

Package Fancyhdr Warning: \headheight is too small (12.0pt): 
 Make it at least 13.59999pt.
 We now make it that large for the rest of the document.
 This may cause the page layout to be inconsistent, however.

[24]

Package Fancyhdr Warning: \headheight is too small (12.0pt): 
 Make it at least 13.59999pt.
 We now make it that large for the rest of the document.
 This may cause the page layout to be inconsistent, however.

[25]

Package Fancyhdr Warning: \headheight is too small (12.0pt): 
 Make it at least 13.59999pt.
 We now make it that large for the rest of the document.
 This may cause the page layout to be inconsistent, however.

[26]

Package Fancyhdr Warning: \headheight is too small (12.0pt): 
 Make it at least 13.59999pt.
 We now make it that large for the rest of the document.
 This may cause the page layout to be inconsistent, however.

[27]

Package Fancyhdr Warning: \headheight is too small (12.0pt): 
 Make it at least 13.59999pt.
 We now make it that large for the rest of the document.
 This may cause the page layout to be inconsistent, however.

[28]

Package Fancyhdr Warning: \headheight is too small (12.0pt): 
 Make it at least 13.59999pt.
 We now make it that large for the rest of the document.
 This may cause the page layout to be inconsistent, however.

[29]
Overfull \hbox (1.74294pt too wide) in paragraph at lines 325--326
[]\OT1/cmr/m/n/10.95 Moreover, the cen-tral in-fras-truc-ture of the sys-tem must im-ple-ment proper
 []


Package Fancyhdr Warning: \headheight is too small (12.0pt): 
 Make it at least 13.59999pt.
 We now make it that large for the rest of the document.
 This may cause the page layout to be inconsistent, however.

[30]

Package Fancyhdr Warning: \headheight is too small (12.0pt): 
 Make it at least 13.59999pt.
 We now make it that large for the rest of the document.
 This may cause the page layout to be inconsistent, however.

[31]
Overfull \hbox (3.78085pt too wide) in paragraph at lines 387--388
[]\OT1/cmr/m/n/10.95 Since Mat-teo was pre-vi-ously avail-able be-fore the ride and has not switched
 []


Package Fancyhdr Warning: \headheight is too small (12.0pt): 
 Make it at least 13.59999pt.
 We now make it that large for the rest of the document.
 This may cause the page layout to be inconsistent, however.

[32])

Package Fancyhdr Warning: \headheight is too small (12.0pt): 
 Make it at least 13.59999pt.
 We now make it that large for the rest of the document.
 This may cause the page layout to be inconsistent, however.

[33]
Appendix A.
(./chapters/use_cases.tex
Underfull \vbox (badness 10000) detected at line 43
 []

[34

]
Underfull \vbox (badness 10000) detected at line 73
 []


Package Fancyhdr Warning: \headheight is too small (12.0pt): 
 Make it at least 13.59999pt.
 We now make it that large for the rest of the document.
 This may cause the page layout to be inconsistent, however.

[35]
Underfull \vbox (badness 10000) detected at line 118
 []


Package Fancyhdr Warning: \headheight is too small (12.0pt): 
 Make it at least 13.59999pt.
 We now make it that large for the rest of the document.
 This may cause the page layout to be inconsistent, however.

[36]
Underfull \vbox (badness 10000) detected at line 148
 []


Package Fancyhdr Warning: \headheight is too small (12.0pt): 
 Make it at least 13.59999pt.
 We now make it that large for the rest of the document.
 This may cause the page layout to be inconsistent, however.

[37]
Underfull \vbox (badness 10000) detected at line 180
 []

Missing character: There is no â in font cmr10!
Missing character: There is no € in font cmr10!
Missing character: There is no ™ in font cmr10!

Underfull \vbox (badness 10000) detected at line 212
 []


Package Fancyhdr Warning: \headheight is too small (12.0pt): 
 Make it at least 13.59999pt.
 We now make it that large for the rest of the document.
 This may cause the page layout to be inconsistent, however.

[38])

Package Fancyhdr Warning: \headheight is too small (12.0pt): 
 Make it at least 13.59999pt.
 We now make it that large for the rest of the document.
 This may cause the page layout to be inconsistent, however.

[39]
Appendix B.
(./chapters/uml.tex [40

] <pdfs/use_case.pdf, id=638, 1540.75626pt x 846.16125pt>
File: pdfs/use_case.pdf Graphic file (type pdf)
 <use pdfs/use_case.pdf>
Package pdftex.def Info: pdfs/use_case.pdf used on input line 4.
(pdftex.def)             Requested size: 1540.7525pt x 846.1592pt.
File: pdfs/use_case.pdf Graphic file (type pdf)
 <use pdfs/use_case.pdf>
Package pdftex.def Info: pdfs/use_case.pdf used on input line 4.
(pdftex.def)             Requested size: 1540.7525pt x 846.1592pt.
 <pdfs/use_case.pdf, id=641, page=1, 1540.75626pt x 846.16125pt>
File: pdfs/use_case.pdf Graphic file (type pdf)
 <use pdfs/use_case.pdf, page 1>
Package pdftex.def Info: pdfs/use_case.pdf, page1 used on input line 4.
(pdftex.def)             Requested size: 1540.7525pt x 846.1592pt.
File: pdfs/use_case.pdf Graphic file (type pdf)
 <use pdfs/use_case.pdf, page 1>
Package pdftex.def Info: pdfs/use_case.pdf, page1 used on input line 4.
(pdftex.def)             Requested size: 1463.71017pt x 803.84865pt.
File: pdfs/use_case.pdf Graphic file (type pdf)
 <use pdfs/use_case.pdf, page 1>
Package pdftex.def Info: pdfs/use_case.pdf, page1 used on input line 4.
(pdftex.def)             Requested size: 1463.71017pt x 803.84865pt.
File: pdfs/use_case.pdf Graphic file (type pdf)
 <use pdfs/use_case.pdf, page 1>
Package pdftex.def Info: pdfs/use_case.pdf, page1 used on input line 4.
(pdftex.def)             Requested size: 1463.71017pt x 803.84865pt.
File: pdfs/use_case.pdf Graphic file (type pdf)
 <use pdfs/use_case.pdf, page 1>
Package pdftex.def Info: pdfs/use_case.pdf, page1 used on input line 4.
(pdftex.def)             Requested size: 1463.71017pt x 803.84865pt.
 [41

 <./pdfs/use_case.pdf>]

Package Fancyhdr Warning: \headheight is too small (12.0pt): 
 Make it at least 13.59999pt.
 We now make it that large for the rest of the document.
 This may cause the page layout to be inconsistent, however.

[42

] <pdfs/class_diagram.pdf, id=653, 806.01125pt x 512.91624pt>
File: pdfs/class_diagram.pdf Graphic file (type pdf)
 <use pdfs/class_diagram.pdf>
Package pdftex.def Info: pdfs/class_diagram.pdf used on input line 18.
(pdftex.def)             Requested size: 806.00928pt x 512.915pt.
File: pdfs/class_diagram.pdf Graphic file (type pdf)
 <use pdfs/class_diagram.pdf>
Package pdftex.def Info: pdfs/class_diagram.pdf used on input line 18.
(pdftex.def)             Requested size: 806.00928pt x 512.915pt.
 <pdfs/class_diagram.pdf, id=656, page=1, 806.01125pt x 512.91624pt>
File: pdfs/class_diagram.pdf Graphic file (type pdf)
 <use pdfs/class_diagram.pdf, page 1>
Package pdftex.def Info: pdfs/class_diagram.pdf, page1 used on input line 18.
(pdftex.def)             Requested size: 806.00928pt x 512.915pt.
File: pdfs/class_diagram.pdf Graphic file (type pdf)
 <use pdfs/class_diagram.pdf, page 1>
Package pdftex.def Info: pdfs/class_diagram.pdf, page1 used on input line 18.
(pdftex.def)             Requested size: 765.70634pt x 487.26767pt.
File: pdfs/class_diagram.pdf Graphic file (type pdf)
 <use pdfs/class_diagram.pdf, page 1>
Package pdftex.def Info: pdfs/class_diagram.pdf, page1 used on input line 18.
(pdftex.def)             Requested size: 765.70634pt x 487.26767pt.
File: pdfs/class_diagram.pdf Graphic file (type pdf)
 <use pdfs/class_diagram.pdf, page 1>
Package pdftex.def Info: pdfs/class_diagram.pdf, page1 used on input line 18.
(pdftex.def)             Requested size: 765.70634pt x 487.26767pt.
File: pdfs/class_diagram.pdf Graphic file (type pdf)
 <use pdfs/class_diagram.pdf, page 1>
Package pdftex.def Info: pdfs/class_diagram.pdf, page1 used on input line 18.
(pdftex.def)             Requested size: 765.70634pt x 487.26767pt.
 [43

 <./pdfs/class_diagram.pdf>] <pdfs/01_call_taxi.pdf, id=664, 1231.60126pt x 1690.315pt>
File: pdfs/01_call_taxi.pdf Graphic file (type pdf)
 <use pdfs/01_call_taxi.pdf>
Package pdftex.def Info: pdfs/01_call_taxi.pdf used on input line 26.
(pdftex.def)             Requested size: 360.0pt x 494.07341pt.
 <pdfs/02_reserve_taxi.pdf, id=665, 546.04pt x 827.09pt>
File: pdfs/02_reserve_taxi.pdf Graphic file (type pdf)
 <use pdfs/02_reserve_taxi.pdf>
Package pdftex.def Info: pdfs/02_reserve_taxi.pdf used on input line 33.
(pdftex.def)             Requested size: 300.0pt x 454.4087pt.


Package Fancyhdr Warning: \headheight is too small (12.0pt): 
 Make it at least 13.59999pt.
 We now make it that large for the rest of the document.
 This may cause the page layout to be inconsistent, however.

[44

 <./pdfs/01_call_taxi.pdf>] <pdfs/03_allocate_taxi.pdf, id=673, 887.315pt x 1589.94pt>
File: pdfs/03_allocate_taxi.pdf Graphic file (type pdf)
 <use pdfs/03_allocate_taxi.pdf>
Package pdftex.def Info: pdfs/03_allocate_taxi.pdf used on input line 41.
(pdftex.def)             Requested size: 300.0pt x 537.53989pt.


Package Fancyhdr Warning: \headheight is too small (12.0pt): 
 Make it at least 13.59999pt.
 We now make it that large for the rest of the document.
 This may cause the page layout to be inconsistent, however.

[45 <./pdfs/02_reserve_taxi.pdf>] <pdfs/04_end_ride.pdf, id=682, 1088.065pt x 1579.9025pt>
File: pdfs/04_end_ride.pdf Graphic file (type pdf)
 <use pdfs/04_end_ride.pdf>
Package pdftex.def Info: pdfs/04_end_ride.pdf used on input line 48.
(pdftex.def)             Requested size: 300.0pt x 435.61963pt.


Package Fancyhdr Warning: \headheight is too small (12.0pt): 
 Make it at least 13.59999pt.
 We now make it that large for the rest of the document.
 This may cause the page layout to be inconsistent, however.

[46 <./pdfs/03_allocate_taxi.pdf>] <pdfs/05_unavailable.pdf, id=690, 606.265pt x 1148.29pt>
File: pdfs/05_unavailable.pdf Graphic file (type pdf)
 <use pdfs/05_unavailable.pdf>
Package pdftex.def Info: pdfs/05_unavailable.pdf used on input line 55.
(pdftex.def)             Requested size: 280.0pt x 530.3399pt.


Package Fancyhdr Warning: \headheight is too small (12.0pt): 
 Make it at least 13.59999pt.
 We now make it that large for the rest of the document.
 This may cause the page layout to be inconsistent, however.

[47 <./pdfs/04_end_ride.pdf>]

Package Fancyhdr Warning: \headheight is too small (12.0pt): 
 Make it at least 13.59999pt.
 We now make it that large for the rest of the document.
 This may cause the page layout to be inconsistent, however.

[48 <./pdfs/05_unavailable.pdf>]

Package Fancyhdr Warning: \headheight is too small (12.0pt): 
 Make it at least 13.59999pt.
 We now make it that large for the rest of the document.
 This may cause the page layout to be inconsistent, however.

[49] <pdfs/sequence.pdf, id=710, 1449.415pt x 939.51pt>
File: pdfs/sequence.pdf Graphic file (type pdf)
 <use pdfs/sequence.pdf>
Package pdftex.def Info: pdfs/sequence.pdf used on input line 65.
(pdftex.def)             Requested size: 1449.41147pt x 939.5077pt.
File: pdfs/sequence.pdf Graphic file (type pdf)
 <use pdfs/sequence.pdf>
Package pdftex.def Info: pdfs/sequence.pdf used on input line 65.
(pdftex.def)             Requested size: 1449.41147pt x 939.5077pt.
 <pdfs/sequence.pdf, id=713, page=1, 1449.415pt x 939.51pt>
File: pdfs/sequence.pdf Graphic file (type pdf)
 <use pdfs/sequence.pdf, page 1>
Package pdftex.def Info: pdfs/sequence.pdf, page1 used on input line 65.
(pdftex.def)             Requested size: 1449.41147pt x 939.5077pt.
File: pdfs/sequence.pdf Graphic file (type pdf)
 <use pdfs/sequence.pdf, page 1>
Package pdftex.def Info: pdfs/sequence.pdf, page1 used on input line 65.
(pdftex.def)             Requested size: 1376.93646pt x 892.52945pt.
File: pdfs/sequence.pdf Graphic file (type pdf)
 <use pdfs/sequence.pdf, page 1>
Package pdftex.def Info: pdfs/sequence.pdf, page1 used on input line 65.
(pdftex.def)             Requested size: 1376.93646pt x 892.52945pt.
File: pdfs/sequence.pdf Graphic file (type pdf)
 <use pdfs/sequence.pdf, page 1>
Package pdftex.def Info: pdfs/sequence.pdf, page1 used on input line 65.
(pdftex.def)             Requested size: 1376.93646pt x 892.52945pt.
File: pdfs/sequence.pdf Graphic file (type pdf)
 <use pdfs/sequence.pdf, page 1>
Package pdftex.def Info: pdfs/sequence.pdf, page1 used on input line 65.
(pdftex.def)             Requested size: 1376.93646pt x 892.52945pt.
 [50

 <./pdfs/sequence.pdf>] <pdfs/statechart.pdf, id=721, 755.82375pt x 815.045pt>
File: pdfs/statechart.pdf Graphic file (type pdf)
 <use pdfs/statechart.pdf>
Package pdftex.def Info: pdfs/statechart.pdf used on input line 80.
(pdftex.def)             Requested size: 350.0pt x 377.42499pt.


Package Fancyhdr Warning: \headheight is too small (12.0pt): 
 Make it at least 13.59999pt.
 We now make it that large for the rest of the document.
 This may cause the page layout to be inconsistent, however.

[51

 <./pdfs/statechart.pdf>])
Appendix C.
(./chapters/alloy.tex
Package hyperref Info: bookmark level for unknown lstlisting defaults to 0 on input line 8.
 (../alloy.als [52

]

Package Fancyhdr Warning: \headheight is too small (12.0pt): 
 Make it at least 13.59999pt.
 We now make it that large for the rest of the document.
 This may cause the page layout to be inconsistent, however.

[53]

Package Fancyhdr Warning: \headheight is too small (12.0pt): 
 Make it at least 13.59999pt.
 We now make it that large for the rest of the document.
 This may cause the page layout to be inconsistent, however.

[54]

Package Fancyhdr Warning: \headheight is too small (12.0pt): 
 Make it at least 13.59999pt.
 We now make it that large for the rest of the document.
 This may cause the page layout to be inconsistent, however.

[55]

Package Fancyhdr Warning: \headheight is too small (12.0pt): 
 Make it at least 13.59999pt.
 We now make it that large for the rest of the document.
 This may cause the page layout to be inconsistent, however.

[56]

Package Fancyhdr Warning: \headheight is too small (12.0pt): 
 Make it at least 13.59999pt.
 We now make it that large for the rest of the document.
 This may cause the page layout to be inconsistent, however.

[57]

Package Fancyhdr Warning: \headheight is too small (12.0pt): 
 Make it at least 13.59999pt.
 We now make it that large for the rest of the document.
 This may cause the page layout to be inconsistent, however.

[58]

Package Fancyhdr Warning: \headheight is too small (12.0pt): 
 Make it at least 13.59999pt.
 We now make it that large for the rest of the document.
 This may cause the page layout to be inconsistent, however.

[59]

Package Fancyhdr Warning: \headheight is too small (12.0pt): 
 Make it at least 13.59999pt.
 We now make it that large for the rest of the document.
 This may cause the page layout to be inconsistent, however.

[60]

Package Fancyhdr Warning: \headheight is too small (12.0pt): 
 Make it at least 13.59999pt.
 We now make it that large for the rest of the document.
 This may cause the page layout to be inconsistent, however.

[61])

Package Fancyhdr Warning: \headheight is too small (12.0pt): 
 Make it at least 13.59999pt.
 We now make it that large for the rest of the document.
 This may cause the page layout to be inconsistent, however.

[62] <images/alloy_execution_result.jpg, id=1138, 625.33624pt x 716.6775pt>
File: images/alloy_execution_result.jpg Graphic file (type jpg)
 <use images/alloy_execution_result.jpg>
Package pdftex.def Info: images/alloy_execution_result.jpg used on input line 14.
(pdftex.def)             Requested size: 350.0pt x 401.12889pt.


Package Fancyhdr Warning: \headheight is too small (12.0pt): 
 Make it at least 13.59999pt.
 We now make it that large for the rest of the document.
 This may cause the page layout to be inconsistent, however.

[63 <./images/alloy_execution_result.jpg>] <pdfs/alloy_world_1.pdf, id=1144, 597.51233pt x 845.0471pt>
File: pdfs/alloy_world_1.pdf Graphic file (type pdf)
 <use pdfs/alloy_world_1.pdf>
Package pdftex.def Info: pdfs/alloy_world_1.pdf used on input line 18.
(pdftex.def)             Requested size: 597.51086pt x 845.04504pt.
File: pdfs/alloy_world_1.pdf Graphic file (type pdf)
 <use pdfs/alloy_world_1.pdf>
Package pdftex.def Info: pdfs/alloy_world_1.pdf used on input line 18.
(pdftex.def)             Requested size: 597.51086pt x 845.04504pt.
 <pdfs/alloy_world_1.pdf, id=1147, page=1, 597.51233pt x 845.0471pt>
File: pdfs/alloy_world_1.pdf Graphic file (type pdf)
 <use pdfs/alloy_world_1.pdf, page 1>
Package pdftex.def Info: pdfs/alloy_world_1.pdf, page1 used on input line 18.
(pdftex.def)             Requested size: 597.51086pt x 845.04504pt.
File: pdfs/alloy_world_1.pdf Graphic file (type pdf)
 <use pdfs/alloy_world_1.pdf, page 1>
Package pdftex.def Info: pdfs/alloy_world_1.pdf, page1 used on input line 18.
(pdftex.def)             Requested size: 567.63348pt x 802.7902pt.
File: pdfs/alloy_world_1.pdf Graphic file (type pdf)
 <use pdfs/alloy_world_1.pdf, page 1>
Package pdftex.def Info: pdfs/alloy_world_1.pdf, page1 used on input line 18.
(pdftex.def)             Requested size: 567.63348pt x 802.7902pt.
File: pdfs/alloy_world_1.pdf Graphic file (type pdf)
 <use pdfs/alloy_world_1.pdf, page 1>
Package pdftex.def Info: pdfs/alloy_world_1.pdf, page1 used on input line 18.
(pdftex.def)             Requested size: 567.63348pt x 802.7902pt.
File: pdfs/alloy_world_1.pdf Graphic file (type pdf)
 <use pdfs/alloy_world_1.pdf, page 1>
Package pdftex.def Info: pdfs/alloy_world_1.pdf, page1 used on input line 18.
(pdftex.def)             Requested size: 567.63348pt x 802.7902pt.
 [64

 <./pdfs/alloy_world_1.pdf>] <pdfs/alloy_world_2.pdf, id=1166, 597.51233pt x 845.0471pt>
File: pdfs/alloy_world_2.pdf Graphic file (type pdf)
 <use pdfs/alloy_world_2.pdf>
Package pdftex.def Info: pdfs/alloy_world_2.pdf used on input line 22.
(pdftex.def)             Requested size: 597.51086pt x 845.04504pt.
File: pdfs/alloy_world_2.pdf Graphic file (type pdf)
 <use pdfs/alloy_world_2.pdf>
Package pdftex.def Info: pdfs/alloy_world_2.pdf used on input line 22.
(pdftex.def)             Requested size: 597.51086pt x 845.04504pt.
 <pdfs/alloy_world_2.pdf, id=1169, page=1, 597.51233pt x 845.0471pt>
File: pdfs/alloy_world_2.pdf Graphic file (type pdf)
 <use pdfs/alloy_world_2.pdf, page 1>
Package pdftex.def Info: pdfs/alloy_world_2.pdf, page1 used on input line 22.
(pdftex.def)             Requested size: 597.51086pt x 845.04504pt.
File: pdfs/alloy_world_2.pdf Graphic file (type pdf)
 <use pdfs/alloy_world_2.pdf, page 1>
Package pdftex.def Info: pdfs/alloy_world_2.pdf, page1 used on input line 22.
(pdftex.def)             Requested size: 567.63348pt x 802.7902pt.
File: pdfs/alloy_world_2.pdf Graphic file (type pdf)
 <use pdfs/alloy_world_2.pdf, page 1>
Package pdftex.def Info: pdfs/alloy_world_2.pdf, page1 used on input line 22.
(pdftex.def)             Requested size: 567.63348pt x 802.7902pt.
File: pdfs/alloy_world_2.pdf Graphic file (type pdf)
 <use pdfs/alloy_world_2.pdf, page 1>
Package pdftex.def Info: pdfs/alloy_world_2.pdf, page1 used on input line 22.
(pdftex.def)             Requested size: 567.63348pt x 802.7902pt.
File: pdfs/alloy_world_2.pdf Graphic file (type pdf)
 <use pdfs/alloy_world_2.pdf, page 1>
Package pdftex.def Info: pdfs/alloy_world_2.pdf, page1 used on input line 22.
(pdftex.def)             Requested size: 567.63348pt x 802.7902pt.
 [65


 <./pdfs/alloy_world_2.pdf>] <pdfs/alloy_world_3.pdf, id=1188, 597.51233pt x 845.0471pt>
File: pdfs/alloy_world_3.pdf Graphic file (type pdf)
 <use pdfs/alloy_world_3.pdf>
Package pdftex.def Info: pdfs/alloy_world_3.pdf used on input line 26.
(pdftex.def)             Requested size: 597.51086pt x 845.04504pt.
File: pdfs/alloy_world_3.pdf Graphic file (type pdf)
 <use pdfs/alloy_world_3.pdf>
Package pdftex.def Info: pdfs/alloy_world_3.pdf used on input line 26.
(pdftex.def)             Requested size: 597.51086pt x 845.04504pt.
 <pdfs/alloy_world_3.pdf, id=1191, page=1, 597.51233pt x 845.0471pt>
File: pdfs/alloy_world_3.pdf Graphic file (type pdf)
 <use pdfs/alloy_world_3.pdf, page 1>
Package pdftex.def Info: pdfs/alloy_world_3.pdf, page1 used on input line 26.
(pdftex.def)             Requested size: 597.51086pt x 845.04504pt.
File: pdfs/alloy_world_3.pdf Graphic file (type pdf)
 <use pdfs/alloy_world_3.pdf, page 1>
Package pdftex.def Info: pdfs/alloy_world_3.pdf, page1 used on input line 26.
(pdftex.def)             Requested size: 567.63348pt x 802.7902pt.
File: pdfs/alloy_world_3.pdf Graphic file (type pdf)
 <use pdfs/alloy_world_3.pdf, page 1>
Package pdftex.def Info: pdfs/alloy_world_3.pdf, page1 used on input line 26.
(pdftex.def)             Requested size: 567.63348pt x 802.7902pt.
File: pdfs/alloy_world_3.pdf Graphic file (type pdf)
 <use pdfs/alloy_world_3.pdf, page 1>
Package pdftex.def Info: pdfs/alloy_world_3.pdf, page1 used on input line 26.
(pdftex.def)             Requested size: 567.63348pt x 802.7902pt.
File: pdfs/alloy_world_3.pdf Graphic file (type pdf)
 <use pdfs/alloy_world_3.pdf, page 1>
Package pdftex.def Info: pdfs/alloy_world_3.pdf, page1 used on input line 26.
(pdftex.def)             Requested size: 567.63348pt x 802.7902pt.
 [66


 <./pdfs/alloy_world_3.pdf>])
Appendix D.
(./chapters/changelog.tex [67


])

Package Fancyhdr Warning: \headheight is too small (12.0pt): 
 Make it at least 13.59999pt.
 We now make it that large for the rest of the document.
 This may cause the page layout to be inconsistent, however.

[68]
Appendix E.
Package atveryend Info: Empty hook `BeforeClearDocument' on input line 60.
[69

]
Package atveryend Info: Empty hook `AfterLastShipout' on input line 60.
 (/Users/Valerio/GitHub/casaticastelli_sweng2/Documents/1_RASD/latex_files/.texpadtmp/1_RASD.aux)
Package atveryend Info: Executing hook `AtVeryEndDocument' on input line 60.
Package atveryend Info: Executing hook `AtEndAfterFileList' on input line 60.
Package rerunfilecheck Info: File `1_RASD.out' has not changed.
(rerunfilecheck)             Checksum: 37F78FFBE8F921F1FEBEB3026D147580;5294.
Package atveryend Info: Empty hook `AtVeryVeryEnd' on input line 60.
 ) 
Here is how much of TeX's memory you used:
 8499 strings out of 493089
 128668 string characters out of 6134841
 317638 words of memory out of 5000000
 11309 multiletter control sequences out of 15000+600000
 10533 words of font info for 37 fonts, out of 8000000 for 9000
 1141 hyphenation exceptions out of 8191
 41i,21n,48p,2488b,1892s stack positions out of 5000i,500n,10000p,200000b,80000s
</usr/local/texlive/2015/texmf-dist/fonts/type1/public/amsfonts/cm/cmbx10.pfb></usr/local/texlive/2015/texmf-dist/fonts/type1/public/amsfonts/cm/cmbx12.pfb></usr/local/texlive/2015/texmf-dist/fonts/type1/public/amsfonts/cm/cmcsc10.pfb></usr/local/texlive/2015/texmf-dist/fonts/type1/public/amsfonts/cm/cmr10.pfb></usr/local/texlive/2015/texmf-dist/fonts/type1/public/amsfonts/cm/cmr12.pfb></usr/local/texlive/2015/texmf-dist/fonts/type1/public/amsfonts/cm/cmsl10.pfb></usr/local/texlive/2015/texmf-dist/fonts/type1/public/amsfonts/cm/cmsy10.pfb></usr/local/texlive/2015/texmf-dist/fonts/type1/public/amsfonts/cm/cmtt10.pfb>
Output written on /Users/Valerio/GitHub/casaticastelli_sweng2/Documents/1_RASD/latex_files/.texpadtmp/1_RASD.pdf (73 pages, 3705388 bytes).
PDF statistics:
 1366 PDF objects out of 1440 (max. 8388607)
 1205 compressed objects within 13 object streams
 529 named destinations out of 1000 (max. 500000)
 853 words of extra memory for PDF output out of 10000 (max. 10000000)

