\BOOKMARK [0][-]{chapter.1}{Introduction}{}% 1
\BOOKMARK [1][-]{section.1.1}{Revision History}{chapter.1}% 2
\BOOKMARK [1][-]{section.1.2}{Purpose and Scope}{chapter.1}% 3
\BOOKMARK [1][-]{section.1.3}{Definitions, Acronyms, Abbreviations}{chapter.1}% 4
\BOOKMARK [2][-]{subsection.1.3.1}{Definitions}{section.1.3}% 5
\BOOKMARK [2][-]{subsection.1.3.2}{Acronyms}{section.1.3}% 6
\BOOKMARK [2][-]{subsection.1.3.3}{Abbreviations}{section.1.3}% 7
\BOOKMARK [1][-]{section.1.4}{Reference Documents}{chapter.1}% 8
\BOOKMARK [0][-]{chapter.2}{Integration Strategy}{}% 9
\BOOKMARK [1][-]{section.2.1}{Entry Criteria}{chapter.2}% 10
\BOOKMARK [1][-]{section.2.2}{Elements to be Integrated}{chapter.2}% 11
\BOOKMARK [1][-]{section.2.3}{Integration Testing Strategy}{chapter.2}% 12
\BOOKMARK [1][-]{section.2.4}{Sequence of Component/Function Integration}{chapter.2}% 13
\BOOKMARK [2][-]{subsection.2.4.1}{Software Integration Sequence}{section.2.4}% 14
\BOOKMARK [2][-]{subsection.2.4.2}{Subsystem Integration Sequence}{section.2.4}% 15
\BOOKMARK [0][-]{chapter.3}{Individual Steps and Test Description}{}% 16
\BOOKMARK [0][-]{chapter.4}{Performance analysis}{}% 17
\BOOKMARK [0][-]{chapter.5}{Tools and Test Equipment Required}{}% 18
\BOOKMARK [1][-]{subsection.5.0.1}{Tools}{chapter.5}% 19
\BOOKMARK [2][-]{subsection.5.0.2}{Test Equipment}{subsection.5.0.1}% 20
\BOOKMARK [0][-]{chapter.6}{Required Program Stubs and Test Data}{}% 21
\BOOKMARK [1][-]{subsection.6.0.1}{Program Stubs and Drivers}{chapter.6}% 22
\BOOKMARK [2][-]{subsection.6.0.2}{Test Data}{subsection.6.0.1}% 23
\BOOKMARK [0][-]{Appendix.1.A}{Appendix Hours of work}{}% 24
