This is pdfTeX, Version 3.14159265-2.6-1.40.16 (TeX Live 2015) (preloaded format=pdflatex 2015.11.21)  29 FEB 2016 14:55
entering extended mode
 \write18 enabled.
 file:line:error style messages enabled.
 %&-line parsing enabled.
**5_PPD.tex
(./5_PPD.tex
LaTeX2e <2015/01/01>
Babel <3.9l> and hyphenation patterns for 79 languages loaded.
(./preamble/settings.tex (/usr/local/texlive/2015/texmf-dist/tex/latex/base/report.cls
Document Class: report 2014/09/29 v1.4h Standard LaTeX document class
(/usr/local/texlive/2015/texmf-dist/tex/latex/base/size11.clo
File: size11.clo 2014/09/29 v1.4h Standard LaTeX file (size option)
)
\c@part=\count79
\c@chapter=\count80
\c@section=\count81
\c@subsection=\count82
\c@subsubsection=\count83
\c@paragraph=\count84
\c@subparagraph=\count85
\c@figure=\count86
\c@table=\count87
\abovecaptionskip=\skip41
\belowcaptionskip=\skip42
\bibindent=\dimen102
) (/usr/local/texlive/2015/texmf-dist/tex/latex/hyperref/hyperref.sty
Package: hyperref 2012/11/06 v6.83m Hypertext links for LaTeX
 (/usr/local/texlive/2015/texmf-dist/tex/generic/oberdiek/hobsub-hyperref.sty
Package: hobsub-hyperref 2012/05/28 v1.13 Bundle oberdiek, subset hyperref (HO)
 (/usr/local/texlive/2015/texmf-dist/tex/generic/oberdiek/hobsub-generic.sty
Package: hobsub-generic 2012/05/28 v1.13 Bundle oberdiek, subset generic (HO)
Package: hobsub 2012/05/28 v1.13 Construct package bundles (HO)
Package: infwarerr 2010/04/08 v1.3 Providing info/warning/error messages (HO)
Package: ltxcmds 2011/11/09 v1.22 LaTeX kernel commands for general use (HO)
Package: ifluatex 2010/03/01 v1.3 Provides the ifluatex switch (HO)
Package ifluatex Info: LuaTeX not detected.
Package: ifvtex 2010/03/01 v1.5 Detect VTeX and its facilities (HO)
Package ifvtex Info: VTeX not detected.
Package: intcalc 2007/09/27 v1.1 Expandable calculations with integers (HO)
Package: ifpdf 2011/01/30 v2.3 Provides the ifpdf switch (HO)
Package ifpdf Info: pdfTeX in PDF mode is detected.
Package: etexcmds 2011/02/16 v1.5 Avoid name clashes with e-TeX commands (HO)
Package etexcmds Info: Could not find \expanded.
(etexcmds)             That can mean that you are not using pdfTeX 1.50 or
(etexcmds)             that some package has redefined \expanded.
(etexcmds)             In the latter case, load this package earlier.
Package: kvsetkeys 2012/04/25 v1.16 Key value parser (HO)
Package: kvdefinekeys 2011/04/07 v1.3 Define keys (HO)
Package: pdftexcmds 2011/11/29 v0.20 Utility functions of pdfTeX for LuaTeX (HO)
Package pdftexcmds Info: LuaTeX not detected.
Package pdftexcmds Info: \pdf@primitive is available.
Package pdftexcmds Info: \pdf@ifprimitive is available.
Package pdftexcmds Info: \pdfdraftmode found.
Package: pdfescape 2011/11/25 v1.13 Implements pdfTeX's escape features (HO)
Package: bigintcalc 2012/04/08 v1.3 Expandable calculations on big integers (HO)
Package: bitset 2011/01/30 v1.1 Handle bit-vector datatype (HO)
Package: uniquecounter 2011/01/30 v1.2 Provide unlimited unique counter (HO)
)
Package hobsub Info: Skipping package `hobsub' (already loaded).
Package: letltxmacro 2010/09/02 v1.4 Let assignment for LaTeX macros (HO)
Package: hopatch 2012/05/28 v1.2 Wrapper for package hooks (HO)
Package: xcolor-patch 2011/01/30 xcolor patch
Package: atveryend 2011/06/30 v1.8 Hooks at the very end of document (HO)
Package atveryend Info: \enddocument detected (standard20110627).
Package: atbegshi 2011/10/05 v1.16 At begin shipout hook (HO)
Package: refcount 2011/10/16 v3.4 Data extraction from label references (HO)
Package: hycolor 2011/01/30 v1.7 Color options for hyperref/bookmark (HO)
) (/usr/local/texlive/2015/texmf-dist/tex/latex/graphics/keyval.sty
Package: keyval 2014/10/28 v1.15 key=value parser (DPC)
\KV@toks@=\toks14
) (/usr/local/texlive/2015/texmf-dist/tex/generic/ifxetex/ifxetex.sty
Package: ifxetex 2010/09/12 v0.6 Provides ifxetex conditional
) (/usr/local/texlive/2015/texmf-dist/tex/latex/oberdiek/auxhook.sty
Package: auxhook 2011/03/04 v1.3 Hooks for auxiliary files (HO)
) (/usr/local/texlive/2015/texmf-dist/tex/latex/oberdiek/kvoptions.sty
Package: kvoptions 2011/06/30 v3.11 Key value format for package options (HO)
)
\@linkdim=\dimen103
\Hy@linkcounter=\count88
\Hy@pagecounter=\count89
 (/usr/local/texlive/2015/texmf-dist/tex/latex/hyperref/pd1enc.def
File: pd1enc.def 2012/11/06 v6.83m Hyperref: PDFDocEncoding definition (HO)
)
\Hy@SavedSpaceFactor=\count90
 (/usr/local/texlive/2015/texmf-dist/tex/latex/latexconfig/hyperref.cfg
File: hyperref.cfg 2002/06/06 v1.2 hyperref configuration of TeXLive
)
Package hyperref Info: Hyper figures OFF on input line 4443.
Package hyperref Info: Link nesting OFF on input line 4448.
Package hyperref Info: Hyper index ON on input line 4451.
Package hyperref Info: Plain pages OFF on input line 4458.
Package hyperref Info: Backreferencing OFF on input line 4463.
Package hyperref Info: Implicit mode ON; LaTeX internals redefined.
Package hyperref Info: Bookmarks ON on input line 4688.
\c@Hy@tempcnt=\count91
 (/usr/local/texlive/2015/texmf-dist/tex/latex/url/url.sty
\Urlmuskip=\muskip10
Package: url 2013/09/16  ver 3.4  Verb mode for urls, etc.
)
LaTeX Info: Redefining \url on input line 5041.
\XeTeXLinkMargin=\dimen104
\Fld@menulength=\count92
\Field@Width=\dimen105
\Fld@charsize=\dimen106
Package hyperref Info: Hyper figures OFF on input line 6295.
Package hyperref Info: Link nesting OFF on input line 6300.
Package hyperref Info: Hyper index ON on input line 6303.
Package hyperref Info: backreferencing OFF on input line 6310.
Package hyperref Info: Link coloring OFF on input line 6315.
Package hyperref Info: Link coloring with OCG OFF on input line 6320.
Package hyperref Info: PDF/A mode OFF on input line 6325.
LaTeX Info: Redefining \ref on input line 6365.
LaTeX Info: Redefining \pageref on input line 6369.
\Hy@abspage=\count93
\c@Item=\count94
\c@Hfootnote=\count95
)

Package hyperref Message: Driver (autodetected): hpdftex.

(/usr/local/texlive/2015/texmf-dist/tex/latex/hyperref/hpdftex.def
File: hpdftex.def 2012/11/06 v6.83m Hyperref driver for pdfTeX
\Fld@listcount=\count96
\c@bookmark@seq@number=\count97
 (/usr/local/texlive/2015/texmf-dist/tex/latex/oberdiek/rerunfilecheck.sty
Package: rerunfilecheck 2011/04/15 v1.7 Rerun checks for auxiliary files (HO)
Package uniquecounter Info: New unique counter `rerunfilecheck' on input line 282.
)
\Hy@SectionHShift=\skip43
) (/usr/local/texlive/2015/texmf-dist/tex/latex/fancyhdr/fancyhdr.sty
\fancy@headwidth=\skip44
\f@ncyO@elh=\skip45
\f@ncyO@erh=\skip46
\f@ncyO@olh=\skip47
\f@ncyO@orh=\skip48
\f@ncyO@elf=\skip49
\f@ncyO@erf=\skip50
\f@ncyO@olf=\skip51
\f@ncyO@orf=\skip52
)

Package Fancyhdr Warning: \fancyhead's `E' option without twoside option is useless on input line 23.


Package Fancyhdr Warning: \fancyfoot's `E' option without twoside option is useless on input line 24.


Package Fancyhdr Warning: \fancyfoot's `E' option without twoside option is useless on input line 26.

(/usr/local/texlive/2015/texmf-dist/tex/latex/float/float.sty
Package: float 2001/11/08 v1.3d Float enhancements (AL)
\c@float@type=\count98
\float@exts=\toks15
\float@box=\box26
\@float@everytoks=\toks16
\@floatcapt=\box27
) (/usr/local/texlive/2015/texmf-dist/tex/latex/graphics/graphicx.sty
Package: graphicx 2014/10/28 v1.0g Enhanced LaTeX Graphics (DPC,SPQR)
 (/usr/local/texlive/2015/texmf-dist/tex/latex/graphics/graphics.sty
Package: graphics 2014/10/28 v1.0p Standard LaTeX Graphics (DPC,SPQR)
 (/usr/local/texlive/2015/texmf-dist/tex/latex/graphics/trig.sty
Package: trig 1999/03/16 v1.09 sin cos tan (DPC)
) (/usr/local/texlive/2015/texmf-dist/tex/latex/latexconfig/graphics.cfg
File: graphics.cfg 2010/04/23 v1.9 graphics configuration of TeX Live
)
Package graphics Info: Driver file: pdftex.def on input line 94.
 (/usr/local/texlive/2015/texmf-dist/tex/latex/pdftex-def/pdftex.def
File: pdftex.def 2011/05/27 v0.06d Graphics/color for pdfTeX
\Gread@gobject=\count99
))
\Gin@req@height=\dimen107
\Gin@req@width=\dimen108
) (/usr/local/texlive/2015/texmf-dist/tex/latex/wrapfig/wrapfig.sty
\wrapoverhang=\dimen109
\WF@size=\dimen110
\c@WF@wrappedlines=\count100
\WF@box=\box28
\WF@everypar=\toks17
Package: wrapfig 2003/01/31  v 3.6
) (/usr/local/texlive/2015/texmf-dist/tex/latex/rotating/rotating.sty
Package: rotating 2009/03/28 v2.16a rotated objects in LaTeX
 (/usr/local/texlive/2015/texmf-dist/tex/latex/base/ifthen.sty
Package: ifthen 2014/09/29 v1.1c Standard LaTeX ifthen package (DPC)
)
\c@r@tfl@t=\count101
\rotFPtop=\skip53
\rotFPbot=\skip54
\rot@float@box=\box29
\rot@mess@toks=\toks18
) (/usr/local/texlive/2015/texmf-dist/tex/latex/oberdiek/epstopdf.sty
Package: epstopdf 2010/02/09 v2.5 Conversion with epstopdf on the fly (HO)
 (/usr/local/texlive/2015/texmf-dist/tex/latex/oberdiek/epstopdf-base.sty
Package: epstopdf-base 2010/02/09 v2.5 Base part for package epstopdf
 (/usr/local/texlive/2015/texmf-dist/tex/latex/oberdiek/grfext.sty
Package: grfext 2010/08/19 v1.1 Manage graphics extensions (HO)
)
Package grfext Info: Graphics extension search list:
(grfext)             [.png,.pdf,.jpg,.mps,.jpeg,.jbig2,.jb2,.PNG,.PDF,.JPG,.JPEG,.JBIG2,.JB2,.eps]
(grfext)             \AppendGraphicsExtensions on input line 452.
 (/usr/local/texlive/2015/texmf-dist/tex/latex/latexconfig/epstopdf-sys.cfg
File: epstopdf-sys.cfg 2010/07/13 v1.3 Configuration of (r)epstopdf for TeX Live
))) (/usr/local/texlive/2015/texmf-dist/tex/latex/graphics/lscape.sty
Package: lscape 2000/10/22 v3.01 Landscape Pages (DPC)
) (/usr/local/texlive/2015/texmf-dist/tex/latex/oberdiek/pdflscape.sty
Package: pdflscape 2008/08/11 v0.10 Display of landscape pages in PDF (HO)
Package pdflscape Info: Auto-detected driver: pdftex on input line 80.
) (/usr/local/texlive/2015/texmf-dist/tex/latex/pdfpages/pdfpages.sty
Package: pdfpages 2015/05/11 v0.4x Insert pages of external PDF documents (AM)
 (/usr/local/texlive/2015/texmf-dist/tex/latex/tools/calc.sty
Package: calc 2014/10/28 v4.3 Infix arithmetic (KKT,FJ)
\calc@Acount=\count102
\calc@Bcount=\count103
\calc@Adimen=\dimen111
\calc@Bdimen=\dimen112
\calc@Askip=\skip55
\calc@Bskip=\skip56
LaTeX Info: Redefining \setlength on input line 80.
LaTeX Info: Redefining \addtolength on input line 81.
\calc@Ccount=\count104
\calc@Cskip=\skip57
) (/usr/local/texlive/2015/texmf-dist/tex/latex/eso-pic/eso-pic.sty
Package: eso-pic 2015/04/20 v2.0e eso-pic (RN)
 (/usr/local/texlive/2015/texmf-dist/tex/latex/xcolor/xcolor.sty
Package: xcolor 2007/01/21 v2.11 LaTeX color extensions (UK)
 (/usr/local/texlive/2015/texmf-dist/tex/latex/latexconfig/color.cfg
File: color.cfg 2007/01/18 v1.5 color configuration of teTeX/TeXLive
)
Package xcolor Info: Driver file: pdftex.def on input line 225.
Package xcolor Info: Model `cmy' substituted by `cmy0' on input line 1337.
Package xcolor Info: Model `hsb' substituted by `rgb' on input line 1341.
Package xcolor Info: Model `RGB' extended on input line 1353.
Package xcolor Info: Model `HTML' substituted by `rgb' on input line 1355.
Package xcolor Info: Model `Hsb' substituted by `hsb' on input line 1356.
Package xcolor Info: Model `tHsb' substituted by `hsb' on input line 1357.
Package xcolor Info: Model `HSB' substituted by `hsb' on input line 1358.
Package xcolor Info: Model `Gray' substituted by `gray' on input line 1359.
Package xcolor Info: Model `wave' substituted by `hsb' on input line 1360.
))
\AM@pagewidth=\dimen113
\AM@pageheight=\dimen114
 (/usr/local/texlive/2015/texmf-dist/tex/latex/pdfpages/pppdftex.def
File: pppdftex.def 2015/05/11 v0.4x Pdfpages driver for pdfTeX (AM)
)
\AM@pagebox=\box30
\AM@toc@title=\toks19
\c@AM@survey=\count105
\AM@templatesizebox=\box31
) (/usr/local/texlive/2015/texmf-dist/tex/latex/appendix/appendix.sty
Package: appendix 2009/09/02 v1.2b extra appendix facilities
\c@@pps=\count106
\c@@ppsavesec=\count107
\c@@ppsaveapp=\count108
) (/usr/local/texlive/2015/texmf-dist/tex/latex/tools/longtable.sty
Package: longtable 2014/10/28 v4.11 Multi-page Table package (DPC)
\LTleft=\skip58
\LTright=\skip59
\LTpre=\skip60
\LTpost=\skip61
\LTchunksize=\count109
\LTcapwidth=\dimen115
\LT@head=\box32
\LT@firsthead=\box33
\LT@foot=\box34
\LT@lastfoot=\box35
\LT@cols=\count110
\LT@rows=\count111
\c@LT@tables=\count112
\c@LT@chunks=\count113
\LT@p@ftn=\toks20
) (/usr/local/texlive/2015/texmf-dist/tex/generic/babel/babel.sty
Package: babel 2014/09/25 3.9l The Babel package
 (/usr/local/texlive/2015/texmf-dist/tex/generic/babel-english/english.ldf
Language: english 2012/08/20 v3.3p English support from the babel system
 (/usr/local/texlive/2015/texmf-dist/tex/generic/babel/babel.def
File: babel.def 2014/09/25 3.9l Babel common definitions
\babel@savecnt=\count114
\U@D=\dimen116
)
\l@canadian = a dialect from \language\l@american 
\l@australian = a dialect from \language\l@british 
\l@newzealand = a dialect from \language\l@british 
)) (/usr/local/texlive/2015/texmf-dist/tex/latex/base/inputenc.sty
Package: inputenc 2015/03/17 v1.2c Input encoding file
\inpenc@prehook=\toks21
\inpenc@posthook=\toks22
 (/usr/local/texlive/2015/texmf-dist/tex/latex/base/utf8.def
File: utf8.def 2014/09/29 v1.1m UTF-8 support for inputenc
Now handling font encoding OML ...
... no UTF-8 mapping file for font encoding OML
Now handling font encoding T1 ...
... processing UTF-8 mapping file for font encoding T1
 (/usr/local/texlive/2015/texmf-dist/tex/latex/base/t1enc.dfu
File: t1enc.dfu 2014/09/29 v1.1m UTF-8 support for inputenc
   defining Unicode char U+00A1 (decimal 161)
   defining Unicode char U+00A3 (decimal 163)
   defining Unicode char U+00AB (decimal 171)
   defining Unicode char U+00BB (decimal 187)
   defining Unicode char U+00BF (decimal 191)
   defining Unicode char U+00C0 (decimal 192)
   defining Unicode char U+00C1 (decimal 193)
   defining Unicode char U+00C2 (decimal 194)
   defining Unicode char U+00C3 (decimal 195)
   defining Unicode char U+00C4 (decimal 196)
   defining Unicode char U+00C5 (decimal 197)
   defining Unicode char U+00C6 (decimal 198)
   defining Unicode char U+00C7 (decimal 199)
   defining Unicode char U+00C8 (decimal 200)
   defining Unicode char U+00C9 (decimal 201)
   defining Unicode char U+00CA (decimal 202)
   defining Unicode char U+00CB (decimal 203)
   defining Unicode char U+00CC (decimal 204)
   defining Unicode char U+00CD (decimal 205)
   defining Unicode char U+00CE (decimal 206)
   defining Unicode char U+00CF (decimal 207)
   defining Unicode char U+00D0 (decimal 208)
   defining Unicode char U+00D1 (decimal 209)
   defining Unicode char U+00D2 (decimal 210)
   defining Unicode char U+00D3 (decimal 211)
   defining Unicode char U+00D4 (decimal 212)
   defining Unicode char U+00D5 (decimal 213)
   defining Unicode char U+00D6 (decimal 214)
   defining Unicode char U+00D8 (decimal 216)
   defining Unicode char U+00D9 (decimal 217)
   defining Unicode char U+00DA (decimal 218)
   defining Unicode char U+00DB (decimal 219)
   defining Unicode char U+00DC (decimal 220)
   defining Unicode char U+00DD (decimal 221)
   defining Unicode char U+00DE (decimal 222)
   defining Unicode char U+00DF (decimal 223)
   defining Unicode char U+00E0 (decimal 224)
   defining Unicode char U+00E1 (decimal 225)
   defining Unicode char U+00E2 (decimal 226)
   defining Unicode char U+00E3 (decimal 227)
   defining Unicode char U+00E4 (decimal 228)
   defining Unicode char U+00E5 (decimal 229)
   defining Unicode char U+00E6 (decimal 230)
   defining Unicode char U+00E7 (decimal 231)
   defining Unicode char U+00E8 (decimal 232)
   defining Unicode char U+00E9 (decimal 233)
   defining Unicode char U+00EA (decimal 234)
   defining Unicode char U+00EB (decimal 235)
   defining Unicode char U+00EC (decimal 236)
   defining Unicode char U+00ED (decimal 237)
   defining Unicode char U+00EE (decimal 238)
   defining Unicode char U+00EF (decimal 239)
   defining Unicode char U+00F0 (decimal 240)
   defining Unicode char U+00F1 (decimal 241)
   defining Unicode char U+00F2 (decimal 242)
   defining Unicode char U+00F3 (decimal 243)
   defining Unicode char U+00F4 (decimal 244)
   defining Unicode char U+00F5 (decimal 245)
   defining Unicode char U+00F6 (decimal 246)
   defining Unicode char U+00F8 (decimal 248)
   defining Unicode char U+00F9 (decimal 249)
   defining Unicode char U+00FA (decimal 250)
   defining Unicode char U+00FB (decimal 251)
   defining Unicode char U+00FC (decimal 252)
   defining Unicode char U+00FD (decimal 253)
   defining Unicode char U+00FE (decimal 254)
   defining Unicode char U+00FF (decimal 255)
   defining Unicode char U+0102 (decimal 258)
   defining Unicode char U+0103 (decimal 259)
   defining Unicode char U+0104 (decimal 260)
   defining Unicode char U+0105 (decimal 261)
   defining Unicode char U+0106 (decimal 262)
   defining Unicode char U+0107 (decimal 263)
   defining Unicode char U+010C (decimal 268)
   defining Unicode char U+010D (decimal 269)
   defining Unicode char U+010E (decimal 270)
   defining Unicode char U+010F (decimal 271)
   defining Unicode char U+0110 (decimal 272)
   defining Unicode char U+0111 (decimal 273)
   defining Unicode char U+0118 (decimal 280)
   defining Unicode char U+0119 (decimal 281)
   defining Unicode char U+011A (decimal 282)
   defining Unicode char U+011B (decimal 283)
   defining Unicode char U+011E (decimal 286)
   defining Unicode char U+011F (decimal 287)
   defining Unicode char U+0130 (decimal 304)
   defining Unicode char U+0131 (decimal 305)
   defining Unicode char U+0132 (decimal 306)
   defining Unicode char U+0133 (decimal 307)
   defining Unicode char U+0139 (decimal 313)
   defining Unicode char U+013A (decimal 314)
   defining Unicode char U+013D (decimal 317)
   defining Unicode char U+013E (decimal 318)
   defining Unicode char U+0141 (decimal 321)
   defining Unicode char U+0142 (decimal 322)
   defining Unicode char U+0143 (decimal 323)
   defining Unicode char U+0144 (decimal 324)
   defining Unicode char U+0147 (decimal 327)
   defining Unicode char U+0148 (decimal 328)
   defining Unicode char U+014A (decimal 330)
   defining Unicode char U+014B (decimal 331)
   defining Unicode char U+0150 (decimal 336)
   defining Unicode char U+0151 (decimal 337)
   defining Unicode char U+0152 (decimal 338)
   defining Unicode char U+0153 (decimal 339)
   defining Unicode char U+0154 (decimal 340)
   defining Unicode char U+0155 (decimal 341)
   defining Unicode char U+0158 (decimal 344)
   defining Unicode char U+0159 (decimal 345)
   defining Unicode char U+015A (decimal 346)
   defining Unicode char U+015B (decimal 347)
   defining Unicode char U+015E (decimal 350)
   defining Unicode char U+015F (decimal 351)
   defining Unicode char U+0160 (decimal 352)
   defining Unicode char U+0161 (decimal 353)
   defining Unicode char U+0162 (decimal 354)
   defining Unicode char U+0163 (decimal 355)
   defining Unicode char U+0164 (decimal 356)
   defining Unicode char U+0165 (decimal 357)
   defining Unicode char U+016E (decimal 366)
   defining Unicode char U+016F (decimal 367)
   defining Unicode char U+0170 (decimal 368)
   defining Unicode char U+0171 (decimal 369)
   defining Unicode char U+0178 (decimal 376)
   defining Unicode char U+0179 (decimal 377)
   defining Unicode char U+017A (decimal 378)
   defining Unicode char U+017B (decimal 379)
   defining Unicode char U+017C (decimal 380)
   defining Unicode char U+017D (decimal 381)
   defining Unicode char U+017E (decimal 382)
   defining Unicode char U+200C (decimal 8204)
   defining Unicode char U+2013 (decimal 8211)
   defining Unicode char U+2014 (decimal 8212)
   defining Unicode char U+2018 (decimal 8216)
   defining Unicode char U+2019 (decimal 8217)
   defining Unicode char U+201A (decimal 8218)
   defining Unicode char U+201C (decimal 8220)
   defining Unicode char U+201D (decimal 8221)
   defining Unicode char U+201E (decimal 8222)
   defining Unicode char U+2030 (decimal 8240)
   defining Unicode char U+2031 (decimal 8241)
   defining Unicode char U+2039 (decimal 8249)
   defining Unicode char U+203A (decimal 8250)
   defining Unicode char U+2423 (decimal 9251)
)
Now handling font encoding OT1 ...
... processing UTF-8 mapping file for font encoding OT1
 (/usr/local/texlive/2015/texmf-dist/tex/latex/base/ot1enc.dfu
File: ot1enc.dfu 2014/09/29 v1.1m UTF-8 support for inputenc
   defining Unicode char U+00A1 (decimal 161)
   defining Unicode char U+00A3 (decimal 163)
   defining Unicode char U+00B8 (decimal 184)
   defining Unicode char U+00BF (decimal 191)
   defining Unicode char U+00C5 (decimal 197)
   defining Unicode char U+00C6 (decimal 198)
   defining Unicode char U+00D8 (decimal 216)
   defining Unicode char U+00DF (decimal 223)
   defining Unicode char U+00E6 (decimal 230)
   defining Unicode char U+00EC (decimal 236)
   defining Unicode char U+00ED (decimal 237)
   defining Unicode char U+00EE (decimal 238)
   defining Unicode char U+00EF (decimal 239)
   defining Unicode char U+00F8 (decimal 248)
   defining Unicode char U+0131 (decimal 305)
   defining Unicode char U+0141 (decimal 321)
   defining Unicode char U+0142 (decimal 322)
   defining Unicode char U+0152 (decimal 338)
   defining Unicode char U+0153 (decimal 339)
   defining Unicode char U+2013 (decimal 8211)
   defining Unicode char U+2014 (decimal 8212)
   defining Unicode char U+2018 (decimal 8216)
   defining Unicode char U+2019 (decimal 8217)
   defining Unicode char U+201C (decimal 8220)
   defining Unicode char U+201D (decimal 8221)
)
Now handling font encoding OMS ...
... processing UTF-8 mapping file for font encoding OMS

(/usr/local/texlive/2015/texmf-dist/tex/latex/base/omsenc.dfu
File: omsenc.dfu 2014/09/29 v1.1m UTF-8 support for inputenc
   defining Unicode char U+00A7 (decimal 167)
   defining Unicode char U+00B6 (decimal 182)
   defining Unicode char U+00B7 (decimal 183)
   defining Unicode char U+2020 (decimal 8224)
   defining Unicode char U+2021 (decimal 8225)
   defining Unicode char U+2022 (decimal 8226)
)
Now handling font encoding OMX ...
... no UTF-8 mapping file for font encoding OMX
Now handling font encoding U ...
... no UTF-8 mapping file for font encoding U
Now handling font encoding PD1 ...
... no UTF-8 mapping file for font encoding PD1
   defining Unicode char U+00A9 (decimal 169)
   defining Unicode char U+00AA (decimal 170)
   defining Unicode char U+00AE (decimal 174)
   defining Unicode char U+00BA (decimal 186)
   defining Unicode char U+02C6 (decimal 710)
   defining Unicode char U+02DC (decimal 732)
   defining Unicode char U+200C (decimal 8204)
   defining Unicode char U+2026 (decimal 8230)
   defining Unicode char U+2122 (decimal 8482)
   defining Unicode char U+2423 (decimal 9251)
)) (/usr/local/texlive/2015/texmf-dist/tex/latex/enumitem/enumitem.sty
Package: enumitem 2011/09/28 v3.5.2 Customized lists
\labelindent=\skip62
\enit@outerparindent=\dimen117
\enit@toks=\toks23
\enit@inbox=\box36
\enitdp@description=\count115
) (/usr/local/texlive/2015/texmf-dist/tex/latex/seqsplit/seqsplit.sty
Package: seqsplit 2006/08/07 v0.1 Splitting long sequences (DNA, RNA, proteins, etc.) 
) (/usr/local/texlive/2015/texmf-dist/tex/latex/multirow/multirow.sty
\bigstrutjot=\dimen118
) (/usr/local/texlive/2015/texmf-dist/tex/latex/tools/hhline.sty
Package: hhline 2014/10/28 v2.03 Table rule package (DPC)
) (/usr/local/texlive/2015/texmf-dist/tex/latex/adjustbox/adjustbox.sty
Package: adjustbox 2012/05/21 v1.0 Adjusting TeX boxes (trim, clip, ...)
 (/usr/local/texlive/2015/texmf-dist/tex/latex/xkeyval/xkeyval.sty
Package: xkeyval 2014/12/03 v2.7a package option processing (HA)
 (/usr/local/texlive/2015/texmf-dist/tex/generic/xkeyval/xkeyval.tex (/usr/local/texlive/2015/texmf-dist/tex/generic/xkeyval/xkvutils.tex
\XKV@toks=\toks24
\XKV@tempa@toks=\toks25
)
\XKV@depth=\count116
File: xkeyval.tex 2014/12/03 v2.7a key=value parser (HA)
)) (/usr/local/texlive/2015/texmf-dist/tex/latex/adjustbox/adjcalc.sty
Package: adjcalc 2012/05/16 v1.1 Provides advanced setlength with multiple back-ends (calc, etex, pgfmath)
) (/usr/local/texlive/2015/texmf-dist/tex/latex/adjustbox/trimclip.sty
Package: trimclip 2012/05/16 v1.0 Trim and clip general TeX material
 (/usr/local/texlive/2015/texmf-dist/tex/latex/collectbox/collectbox.sty
Package: collectbox 2012/05/17 v0.4b Collect macro arguments as boxes
\collectedbox=\box37
)
\tc@llx=\dimen119
\tc@lly=\dimen120
\tc@urx=\dimen121
\tc@ury=\dimen122
Package trimclip Info: Using driver 'tc-pdftex.def'.
 (/usr/local/texlive/2015/texmf-dist/tex/latex/adjustbox/tc-pdftex.def
File: tc-pdftex.def 2012/05/13 v1.0 Clipping driver for pdftex
))
\adjbox@Width=\dimen123
\adjbox@Height=\dimen124
\adjbox@Depth=\dimen125
\adjbox@Totalheight=\dimen126
 (/usr/local/texlive/2015/texmf-dist/tex/latex/ifoddpage/ifoddpage.sty
Package: ifoddpage 2011/09/13 v1.0 Conditionals for odd/even page detection
\c@checkoddpage=\count117
) (/usr/local/texlive/2015/texmf-dist/tex/latex/varwidth/varwidth.sty
Package: varwidth 2009/03/30 ver 0.92;  Variable-width minipages
\@vwid@box=\box38
\sift@deathcycles=\count118
\@vwid@loff=\dimen127
\@vwid@roff=\dimen128
)) (/usr/local/texlive/2015/texmf-dist/tex/latex/listings/listings.sty
\lst@mode=\count119
\lst@gtempboxa=\box39
\lst@token=\toks26
\lst@length=\count120
\lst@currlwidth=\dimen129
\lst@column=\count121
\lst@pos=\count122
\lst@lostspace=\dimen130
\lst@width=\dimen131
\lst@newlines=\count123
\lst@lineno=\count124
\lst@maxwidth=\dimen132
 (/usr/local/texlive/2015/texmf-dist/tex/latex/listings/lstmisc.sty
File: lstmisc.sty 2014/09/06 1.5e (Carsten Heinz)
\c@lstnumber=\count125
\lst@skipnumbers=\count126
\lst@framebox=\box40
) (/usr/local/texlive/2015/texmf-dist/tex/latex/listings/listings.cfg
File: listings.cfg 2014/09/06 1.5e listings configuration
))
Package: listings 2014/09/06 1.5e (Carsten Heinz)
 (/usr/local/texlive/2015/texmf-dist/tex/latex/listings/lstlang1.sty
File: lstlang1.sty 2014/09/06 1.5e listings language file
) (./preamble/commands.tex)) (/Users/Valerio/GitHub/casaticastelli_sweng2/Documents/5_PPD/latex_files/.texpadtmp/5_PPD.aux)
\openout1 = `5_PPD.aux'.

LaTeX Font Info:    Checking defaults for OML/cmm/m/it on input line 4.
LaTeX Font Info:    ... okay on input line 4.
LaTeX Font Info:    Checking defaults for T1/cmr/m/n on input line 4.
LaTeX Font Info:    ... okay on input line 4.
LaTeX Font Info:    Checking defaults for OT1/cmr/m/n on input line 4.
LaTeX Font Info:    ... okay on input line 4.
LaTeX Font Info:    Checking defaults for OMS/cmsy/m/n on input line 4.
LaTeX Font Info:    ... okay on input line 4.
LaTeX Font Info:    Checking defaults for OMX/cmex/m/n on input line 4.
LaTeX Font Info:    ... okay on input line 4.
LaTeX Font Info:    Checking defaults for U/cmr/m/n on input line 4.
LaTeX Font Info:    ... okay on input line 4.
LaTeX Font Info:    Checking defaults for PD1/pdf/m/n on input line 4.
LaTeX Font Info:    ... okay on input line 4.
\AtBeginShipoutBox=\box41
Package hyperref Info: Link coloring OFF on input line 4.
 (/usr/local/texlive/2015/texmf-dist/tex/latex/hyperref/nameref.sty
Package: nameref 2012/10/27 v2.43 Cross-referencing by name of section
 (/usr/local/texlive/2015/texmf-dist/tex/generic/oberdiek/gettitlestring.sty
Package: gettitlestring 2010/12/03 v1.4 Cleanup title references (HO)
)
\c@section@level=\count127
)
LaTeX Info: Redefining \ref on input line 4.
LaTeX Info: Redefining \pageref on input line 4.
LaTeX Info: Redefining \nameref on input line 4.
 (/Users/Valerio/GitHub/casaticastelli_sweng2/Documents/5_PPD/latex_files/.texpadtmp/5_PPD.out) (/Users/Valerio/GitHub/casaticastelli_sweng2/Documents/5_PPD/latex_files/.texpadtmp/5_PPD.out)
\@outlinefile=\write3
\openout3 = `5_PPD.out'.

 (/usr/local/texlive/2015/texmf-dist/tex/context/base/supp-pdf.mkii
[Loading MPS to PDF converter (version 2006.09.02).]
\scratchcounter=\count128
\scratchdimen=\dimen133
\scratchbox=\box42
\nofMPsegments=\count129
\nofMParguments=\count130
\everyMPshowfont=\toks27
\MPscratchCnt=\count131
\MPscratchDim=\dimen134
\MPnumerator=\count132
\makeMPintoPDFobject=\count133
\everyMPtoPDFconversion=\toks28
)
\c@lstlisting=\count134
 (./title/title_page.tex <title/polimi_logo.png, id=108, 419.31656pt x 417.81094pt>
File: title/polimi_logo.png Graphic file (type png)
 <use title/polimi_logo.png>
Package pdftex.def Info: title/polimi_logo.png used on input line 3.
(pdftex.def)             Requested size: 150.0pt x 149.4619pt.
 [1

{/usr/local/texlive/2015/texmf-var/fonts/map/pdftex/updmap/pdftex.map} <./title/polimi_logo.png>]) (/Users/Valerio/GitHub/casaticastelli_sweng2/Documents/5_PPD/latex_files/.texpadtmp/5_PPD.toc
LaTeX Font Info:    External font `cmex10' loaded for size
(Font)              <10.95> on input line 3.
LaTeX Font Info:    External font `cmex10' loaded for size
(Font)              <8> on input line 3.
LaTeX Font Info:    External font `cmex10' loaded for size
(Font)              <6> on input line 3.
)
\tf@toc=\write4
\openout4 = `5_PPD.toc'.

pdfTeX warning (ext4): destination with the same identifier (name{page.i}) has been already used, duplicate ignored
<to be read again> 
                   \relax 
l.8 \tableofcontents
                     [1

] (./chapters/introduction.tex
Chapter 1.

Underfull \vbox (badness 10000) detected at line 20
 []

LaTeX Font Info:    Try loading font information for OMS+cmr on input line 38.
(/usr/local/texlive/2015/texmf-dist/tex/latex/base/omscmr.fd
File: omscmr.fd 2014/09/29 v2.5h Standard LaTeX font definitions
)
LaTeX Font Info:    Font shape `OMS/cmr/m/n' in size <10.95> not available
(Font)              Font shape `OMS/cmsy/m/n' tried instead on input line 38.
 [1


]
Overfull \hbox (34.68718pt too wide) in paragraph at lines 54--55
[]\OT1/cmr/m/n/10.95 myTaxiService Re-quire-ment Anal-y-sis and Spec-i-fi-ca-tion Doc-u-ment: RASD.pdf 
 []

) (./chapters/fp_cocomo.tex

Package Fancyhdr Warning: \headheight is too small (12.0pt): 
 Make it at least 13.59999pt.
 We now make it that large for the rest of the document.
 This may cause the page layout to be inconsistent, however.

[2]
Chapter 2.

Underfull \vbox (badness 10000) detected at line 17
 []

[3

]
Underfull \vbox (badness 10000) detected at line 24
 []


Underfull \vbox (badness 10000) detected at line 31
 []


Underfull \vbox (badness 10000) detected at line 40
 []


Package Fancyhdr Warning: \headheight is too small (12.0pt): 
 Make it at least 13.59999pt.
 We now make it that large for the rest of the document.
 This may cause the page layout to be inconsistent, however.

[4]
Underfull \vbox (badness 10000) detected at line 74
 []


Package Fancyhdr Warning: \headheight is too small (12.0pt): 
 Make it at least 13.59999pt.
 We now make it that large for the rest of the document.
 This may cause the page layout to be inconsistent, however.

[5]
Underfull \vbox (badness 10000) detected at line 95
 []


Package Fancyhdr Warning: \headheight is too small (12.0pt): 
 Make it at least 13.59999pt.
 We now make it that large for the rest of the document.
 This may cause the page layout to be inconsistent, however.

[6]
Underfull \vbox (badness 10000) detected at line 145
 []


Package Fancyhdr Warning: \headheight is too small (12.0pt): 
 Make it at least 13.59999pt.
 We now make it that large for the rest of the document.
 This may cause the page layout to be inconsistent, however.

[7]

Package Fancyhdr Warning: \headheight is too small (12.0pt): 
 Make it at least 13.59999pt.
 We now make it that large for the rest of the document.
 This may cause the page layout to be inconsistent, however.

[8]
Underfull \vbox (badness 10000) detected at line 168
 []


Underfull \vbox (badness 10000) detected at line 189
 []


Underfull \vbox (badness 10000) detected at line 201
 []


Package Fancyhdr Warning: \headheight is too small (12.0pt): 
 Make it at least 13.59999pt.
 We now make it that large for the rest of the document.
 This may cause the page layout to be inconsistent, however.

[9]
LaTeX Font Info:    Font shape `OMS/cmr/m/n' in size <9> not available
(Font)              Font shape `OMS/cmsy/m/n' tried instead on input line 207.

Underfull \hbox (badness 10000) in paragraph at lines 220--220
[]|\OT1/cmr/m/n/10.95 Scale Fac-
 []


Underfull \hbox (badness 10000) in paragraph at lines 220--220
[]|\OT1/cmr/m/n/10.95 Extra
 []


Overfull \hbox (1.64323pt too wide) in paragraph at lines 221--221
[]|\OT1/cmr/m/n/10.95 thoroughly
 []


Underfull \hbox (badness 10000) in paragraph at lines 221--221
\OT1/cmr/m/n/10.95 un-prece-
 []


Underfull \hbox (badness 10000) in paragraph at lines 221--221
[]|\OT1/cmr/m/n/10.95 largely
 []


Underfull \hbox (badness 10000) in paragraph at lines 221--221
\OT1/cmr/m/n/10.95 un-prece-
 []


Underfull \hbox (badness 10000) in paragraph at lines 221--221
[]|\OT1/cmr/m/n/10.95 somewhat
 []


Underfull \hbox (badness 10000) in paragraph at lines 221--221
\OT1/cmr/m/n/10.95 un-prece-
 []


Underfull \hbox (badness 10000) in paragraph at lines 221--221
[]|\OT1/cmr/m/n/10.95 generally
 []


Overfull \hbox (1.64323pt too wide) in paragraph at lines 221--222
[]|\OT1/cmr/m/n/10.95 thoroughly
 []


Underfull \hbox (badness 10000) in paragraph at lines 223--223
[]|\OT1/cmr/m/n/10.95 occasional
 []


Underfull \hbox (badness 10000) in paragraph at lines 223--223
[]|\OT1/cmr/m/n/10.95 some
 []


Underfull \hbox (badness 10000) in paragraph at lines 223--223
[]|\OT1/cmr/m/n/10.95 general
 []


Underfull \hbox (badness 10000) in paragraph at lines 223--223
\OT1/cmr/m/n/10.95 con-for-
 []


Underfull \hbox (badness 10000) in paragraph at lines 223--224
[]|\OT1/cmr/m/n/10.95 general
 []


Underfull \hbox (badness 10000) in paragraph at lines 225--225
[]|\OT1/cmr/m/n/10.95 little
 []


Underfull \hbox (badness 10000) in paragraph at lines 225--225
[]|\OT1/cmr/m/n/10.95 some
 []


Underfull \hbox (badness 10000) in paragraph at lines 225--225
[]|\OT1/cmr/m/n/10.95 often
 []


Underfull \hbox (badness 10000) in paragraph at lines 225--225
[]|\OT1/cmr/m/n/10.95 generally
 []


Underfull \hbox (badness 10000) in paragraph at lines 225--225
[]|\OT1/cmr/m/n/10.95 mostly
 []


Underfull \hbox (badness 10000) in paragraph at lines 225--226
[]|\OT1/cmr/m/n/10.95 full
 []


Underfull \hbox (badness 1436) in paragraph at lines 227--227
[]|\OT1/cmr/m/n/10.95 very dif-fi-
 []


Underfull \hbox (badness 10000) in paragraph at lines 227--227
[]|\OT1/cmr/m/n/10.95 basically
 []


Underfull \hbox (badness 10000) in paragraph at lines 227--227
\OT1/cmr/m/n/10.95 co-op-
 []


Underfull \hbox (badness 10000) in paragraph at lines 227--227
\OT1/cmr/m/n/10.95 er-a-tive
 []


Underfull \hbox (badness 10000) in paragraph at lines 227--227
\OT1/cmr/m/n/10.95 in-ter-ac-
 []


Underfull \hbox (badness 10000) in paragraph at lines 227--228
[]|\OT1/cmr/m/n/10.95 seamless
 []


Underfull \hbox (badness 10000) in paragraph at lines 227--228
\OT1/cmr/m/n/10.95 in-ter-ac-
 []


Underfull \hbox (badness 10000) in paragraph at lines 229--229
[]|\OT1/cmr/m/n/10.95 Level 1
 []


Underfull \hbox (badness 10000) in paragraph at lines 229--229
[]|\OT1/cmr/m/n/10.95 Level 1
 []


Overfull \hbox (44.0pt too wide) in alignment at lines 219--231
 [] [] [] [] [] [] [] 
 []


Underfull \vbox (badness 10000) detected at line 231
 []


Package Fancyhdr Warning: \headheight is too small (12.0pt): 
 Make it at least 13.59999pt.
 We now make it that large for the rest of the document.
 This may cause the page layout to be inconsistent, however.

[10]

Package Fancyhdr Warning: \headheight is too small (12.0pt): 
 Make it at least 13.59999pt.
 We now make it that large for the rest of the document.
 This may cause the page layout to be inconsistent, however.

[11]
Underfull \vbox (badness 10000) detected at line 251
 []


Underfull \hbox (badness 6708) in paragraph at lines 259--259
[]|\OT1/cmr/m/n/10.95 RELY De-
 []


Underfull \hbox (badness 10000) in paragraph at lines 259--259
[]|\OT1/cmr/m/n/10.95 slightly
 []


Underfull \hbox (badness 10000) in paragraph at lines 259--259
\OT1/cmr/m/n/10.95 in-con-ve-
 []


Underfull \hbox (badness 6708) in paragraph at lines 259--259
[]|\OT1/cmr/m/n/10.95 easily re-
 []


Underfull \hbox (badness 10000) in paragraph at lines 259--259
\OT1/cmr/m/n/10.95 cov-er-able
 []


Underfull \hbox (badness 10000) in paragraph at lines 259--259
[]|\OT1/cmr/m/n/10.95 moderate
 []


Underfull \hbox (badness 10000) in paragraph at lines 259--259
\OT1/cmr/m/n/10.95 re-cov-
 []


Underfull \hbox (badness 10000) in paragraph at lines 259--259
\OT1/cmr/m/n/10.95 er-able
 []


Underfull \hbox (badness 10000) in paragraph at lines 259--259
[]|\OT1/cmr/m/n/10.95 high fi-
 []


Underfull \hbox (badness 10000) in paragraph at lines 259--259
\OT1/cmr/m/n/10.95 nan-cial
 []


Underfull \hbox (badness 10000) in paragraph at lines 260--260
[]|\OT1/cmr/m/n/10.95 Extra
 []


Underfull \hbox (badness 1490) in paragraph at lines 261--261
[]|\OT1/cmr/m/n/10.95 Effort mul-
 []


Overfull \hbox (44.0pt too wide) in alignment at lines 258--262
 [] [] [] [] [] [] [] 
 []


Underfull \vbox (badness 10000) detected at line 262
 []


Underfull \hbox (badness 4531) in paragraph at lines 271--271
[]|\OT1/cmr/m/n/10.95 DATA De-
 []


Underfull \hbox (badness 10000) in paragraph at lines 272--272
[]|\OT1/cmr/m/n/10.95 Extra
 []


Underfull \hbox (badness 1490) in paragraph at lines 273--273
[]|\OT1/cmr/m/n/10.95 Effort mul-
 []


Overfull \hbox (44.0pt too wide) in alignment at lines 270--274
 [] [] [] [] [] [] [] 
 []


Underfull \vbox (badness 10000) detected at line 274
 []


Overfull \vbox (6.65187pt too high) has occurred while \output is active []



Package Fancyhdr Warning: \headheight is too small (12.0pt): 
 Make it at least 13.59999pt.
 We now make it that large for the rest of the document.
 This may cause the page layout to be inconsistent, however.

[12]
Underfull \hbox (badness 10000) in paragraph at lines 283--283
[]|\OT1/cmr/m/n/10.95 Extra
 []


Underfull \hbox (badness 1490) in paragraph at lines 284--284
[]|\OT1/cmr/m/n/10.95 Effort mul-
 []


Overfull \hbox (44.0pt too wide) in alignment at lines 282--285
 [] [] [] [] [] [] [] 
 []


Underfull \vbox (badness 10000) detected at line 285
 []


Underfull \hbox (badness 7133) in paragraph at lines 294--294
[]|\OT1/cmr/m/n/10.95 RUSE De-
 []


Underfull \hbox (badness 10000) in paragraph at lines 294--294
[]|\OT1/cmr/m/n/10.95 Across
 []


Underfull \hbox (badness 10000) in paragraph at lines 294--294
[]|\OT1/cmr/m/n/10.95 Across
 []


Underfull \hbox (badness 10000) in paragraph at lines 294--294
[]|\OT1/cmr/m/n/10.95 Across
 []


Underfull \hbox (badness 10000) in paragraph at lines 294--294
\OT1/cmr/m/n/10.95 prod-uct
 []


Underfull \hbox (badness 10000) in paragraph at lines 294--294
[]|\OT1/cmr/m/n/10.95 Across
 []


Underfull \hbox (badness 10000) in paragraph at lines 294--294
\OT1/cmr/m/n/10.95 mul-ti-ple
 []


Underfull \hbox (badness 10000) in paragraph at lines 294--294
\OT1/cmr/m/n/10.95 prod-uct
 []


Underfull \hbox (badness 10000) in paragraph at lines 295--295
[]|\OT1/cmr/m/n/10.95 Extra
 []


Underfull \hbox (badness 1490) in paragraph at lines 296--296
[]|\OT1/cmr/m/n/10.95 Effort mul-
 []


Overfull \hbox (44.0pt too wide) in alignment at lines 293--297
 [] [] [] [] [] [] [] 
 []


Underfull \vbox (badness 10000) detected at line 297
 []


Underfull \hbox (badness 1107) in paragraph at lines 306--306
[]|\OT1/cmr/m/n/10.95 DOCU De-
 []


Underfull \hbox (badness 10000) in paragraph at lines 306--306
[]|\OT1/cmr/m/n/10.95 Many
 []


Underfull \hbox (badness 10000) in paragraph at lines 306--306
\OT1/cmr/m/n/10.95 life-cycle
 []


Underfull \hbox (badness 10000) in paragraph at lines 306--306
\OT1/cmr/m/n/10.95 needs
 []


Underfull \hbox (badness 10000) in paragraph at lines 306--306
[]|\OT1/cmr/m/n/10.95 Some
 []


Underfull \hbox (badness 10000) in paragraph at lines 306--306
\OT1/cmr/m/n/10.95 life-cycle
 []


Underfull \hbox (badness 10000) in paragraph at lines 306--306
\OT1/cmr/m/n/10.95 needs
 []


Underfull \hbox (badness 10000) in paragraph at lines 306--306
[]|\OT1/cmr/m/n/10.95 Right-
 []


Underfull \hbox (badness 10000) in paragraph at lines 306--306
\OT1/cmr/m/n/10.95 sized to
 []


Underfull \hbox (badness 10000) in paragraph at lines 306--306
\OT1/cmr/m/n/10.95 life-cycle
 []


Underfull \hbox (badness 10000) in paragraph at lines 306--306
[]|\OT1/cmr/m/n/10.95 Excessive
 []


Underfull \hbox (badness 10000) in paragraph at lines 306--306
\OT1/cmr/m/n/10.95 for life-
 []


Underfull \hbox (badness 10000) in paragraph at lines 306--306
\OT1/cmr/m/n/10.95 cycle
 []


Underfull \hbox (badness 10000) in paragraph at lines 306--306
[]|\OT1/cmr/m/n/10.95 Very ex-
 []


Underfull \hbox (badness 10000) in paragraph at lines 306--306
\OT1/cmr/m/n/10.95 life-cycle
 []


Underfull \hbox (badness 10000) in paragraph at lines 307--307
[]|\OT1/cmr/m/n/10.95 Extra
 []


Underfull \hbox (badness 1490) in paragraph at lines 308--308
[]|\OT1/cmr/m/n/10.95 Effort mul-
 []


Overfull \hbox (44.0pt too wide) in alignment at lines 305--309
 [] [] [] [] [] [] [] 
 []


Underfull \vbox (badness 10000) detected at line 309
 []


Package Fancyhdr Warning: \headheight is too small (12.0pt): 
 Make it at least 13.59999pt.
 We now make it that large for the rest of the document.
 This may cause the page layout to be inconsistent, however.

[13]
Underfull \hbox (badness 7576) in paragraph at lines 318--318
[]|\OT1/cmr/m/n/10.95 TIME De-
 []


Underfull \hbox (badness 10000) in paragraph at lines 318--318
[]|$\OMS/cmsy/m/n/10.95 ^^T$ \OT1/cmr/m/n/10.95 50%
 []


Underfull \hbox (badness 10000) in paragraph at lines 318--318
\OT1/cmr/m/n/10.95 use of
 []


Underfull \hbox (badness 10000) in paragraph at lines 318--318
\OT1/cmr/m/n/10.95 avail-able
 []


Underfull \hbox (badness 10000) in paragraph at lines 318--318
\OT1/cmr/m/n/10.95 ex-e-cu-tion
 []


Underfull \hbox (badness 10000) in paragraph at lines 318--318
\OT1/cmr/m/n/10.95 avail-able
 []


Underfull \hbox (badness 10000) in paragraph at lines 318--318
\OT1/cmr/m/n/10.95 ex-e-cu-tion
 []


Underfull \hbox (badness 10000) in paragraph at lines 318--318
\OT1/cmr/m/n/10.95 avail-able
 []


Underfull \hbox (badness 10000) in paragraph at lines 318--318
\OT1/cmr/m/n/10.95 ex-e-cu-tion
 []


Underfull \hbox (badness 10000) in paragraph at lines 318--318
\OT1/cmr/m/n/10.95 avail-able
 []


Underfull \hbox (badness 10000) in paragraph at lines 318--318
\OT1/cmr/m/n/10.95 ex-e-cu-tion
 []


Underfull \hbox (badness 10000) in paragraph at lines 319--319
[]|\OT1/cmr/m/n/10.95 Extra
 []


Underfull \hbox (badness 1490) in paragraph at lines 320--320
[]|\OT1/cmr/m/n/10.95 Effort mul-
 []


Overfull \hbox (44.0pt too wide) in alignment at lines 317--321
 [] [] [] [] [] [] [] 
 []


Underfull \vbox (badness 10000) detected at line 321
 []


Underfull \hbox (badness 4531) in paragraph at lines 330--330
[]|\OT1/cmr/m/n/10.95 STOR De-
 []


Underfull \hbox (badness 10000) in paragraph at lines 330--330
[]|$\OMS/cmsy/m/n/10.95 ^^T$ \OT1/cmr/m/n/10.95 50%
 []


Underfull \hbox (badness 10000) in paragraph at lines 330--330
\OT1/cmr/m/n/10.95 use of
 []


Underfull \hbox (badness 10000) in paragraph at lines 330--330
\OT1/cmr/m/n/10.95 avail-able
 []


Underfull \hbox (badness 10000) in paragraph at lines 330--330
\OT1/cmr/m/n/10.95 avail-able
 []


Underfull \hbox (badness 10000) in paragraph at lines 330--330
\OT1/cmr/m/n/10.95 avail-able
 []


Underfull \hbox (badness 10000) in paragraph at lines 330--330
\OT1/cmr/m/n/10.95 avail-able
 []


Underfull \hbox (badness 10000) in paragraph at lines 331--331
[]|\OT1/cmr/m/n/10.95 Extra
 []


Underfull \hbox (badness 1490) in paragraph at lines 332--332
[]|\OT1/cmr/m/n/10.95 Effort mul-
 []


Overfull \hbox (44.0pt too wide) in alignment at lines 329--333
 [] [] [] [] [] [] [] 
 []


Underfull \vbox (badness 10000) detected at line 333
 []


Package Fancyhdr Warning: \headheight is too small (12.0pt): 
 Make it at least 13.59999pt.
 We now make it that large for the rest of the document.
 This may cause the page layout to be inconsistent, however.

[14]
Underfull \hbox (badness 4217) in paragraph at lines 343--343
[]|\OT1/cmr/m/n/10.95 PVOL De-
 []


Underfull \hbox (badness 10000) in paragraph at lines 343--343
[]|\OT1/cmr/m/n/10.95 Major
 []


Underfull \hbox (badness 10000) in paragraph at lines 343--343
\OT1/cmr/m/n/10.95 change
 []


Underfull \hbox (badness 10000) in paragraph at lines 343--343
\OT1/cmr/m/n/10.95 ev-ery
 []


Underfull \hbox (badness 10000) in paragraph at lines 343--343
\OT1/cmr/m/n/10.95 12 mo.,
 []


Underfull \hbox (badness 10000) in paragraph at lines 343--343
\OT1/cmr/m/n/10.95 mi-nor
 []


Underfull \hbox (badness 10000) in paragraph at lines 343--343
\OT1/cmr/m/n/10.95 change
 []


Underfull \hbox (badness 10000) in paragraph at lines 343--343
\OT1/cmr/m/n/10.95 ev-ery 1
 []


Underfull \hbox (badness 10000) in paragraph at lines 343--343
[]|\OT1/cmr/m/n/10.95 Major:
 []


Underfull \hbox (badness 10000) in paragraph at lines 343--343
\OT1/cmr/m/n/10.95 6mo;
 []


Underfull \hbox (badness 10000) in paragraph at lines 343--343
\OT1/cmr/m/n/10.95 mi-nor:
 []


Underfull \hbox (badness 10000) in paragraph at lines 343--343
[]|\OT1/cmr/m/n/10.95 Major:
 []


Underfull \hbox (badness 10000) in paragraph at lines 343--343
\OT1/cmr/m/n/10.95 2mo,
 []


Underfull \hbox (badness 10000) in paragraph at lines 343--343
\OT1/cmr/m/n/10.95 mi-nor:
 []


Underfull \hbox (badness 10000) in paragraph at lines 343--343
[]|\OT1/cmr/m/n/10.95 Major:
 []


Underfull \hbox (badness 3240) in paragraph at lines 343--343
\OT1/cmr/m/n/10.95 2wk; mi-
 []


Underfull \hbox (badness 10000) in paragraph at lines 343--343
\OT1/cmr/m/n/10.95 nor: 2
 []


Underfull \hbox (badness 10000) in paragraph at lines 344--344
[]|\OT1/cmr/m/n/10.95 Extra
 []


Underfull \hbox (badness 1490) in paragraph at lines 345--345
[]|\OT1/cmr/m/n/10.95 Effort mul-
 []


Overfull \hbox (44.0pt too wide) in alignment at lines 342--346
 [] [] [] [] [] [] [] 
 []


Underfull \vbox (badness 10000) detected at line 346
 []


Underfull \hbox (badness 2875) in paragraph at lines 355--355
[]|\OT1/cmr/m/n/10.95 ACAP De-
 []


Underfull \hbox (badness 4036) in paragraph at lines 355--355
[]|\OT1/cmr/m/n/10.95 15th per-
 []


Underfull \hbox (badness 4036) in paragraph at lines 355--355
[]|\OT1/cmr/m/n/10.95 35th per-
 []


Underfull \hbox (badness 4036) in paragraph at lines 355--355
[]|\OT1/cmr/m/n/10.95 55th per-
 []


Underfull \hbox (badness 4036) in paragraph at lines 355--355
[]|\OT1/cmr/m/n/10.95 75th per-
 []


Underfull \hbox (badness 4036) in paragraph at lines 355--355
[]|\OT1/cmr/m/n/10.95 90th per-
 []


Underfull \hbox (badness 10000) in paragraph at lines 356--356
[]|\OT1/cmr/m/n/10.95 Extra
 []


Underfull \hbox (badness 1490) in paragraph at lines 357--357
[]|\OT1/cmr/m/n/10.95 Effort mul-
 []


Overfull \hbox (44.0pt too wide) in alignment at lines 354--358
 [] [] [] [] [] [] [] 
 []


Underfull \vbox (badness 10000) detected at line 358
 []


Underfull \hbox (badness 3635) in paragraph at lines 367--367
[]|\OT1/cmr/m/n/10.95 PCAP De-
 []


Underfull \hbox (badness 4036) in paragraph at lines 367--367
[]|\OT1/cmr/m/n/10.95 15th per-
 []


Underfull \hbox (badness 4036) in paragraph at lines 367--367
[]|\OT1/cmr/m/n/10.95 35th per-
 []


Underfull \hbox (badness 4036) in paragraph at lines 367--367
[]|\OT1/cmr/m/n/10.95 55th per-
 []


Underfull \hbox (badness 4036) in paragraph at lines 367--367
[]|\OT1/cmr/m/n/10.95 75th per-
 []


Underfull \hbox (badness 4036) in paragraph at lines 367--367
[]|\OT1/cmr/m/n/10.95 90th per-
 []


Underfull \hbox (badness 10000) in paragraph at lines 368--368
[]|\OT1/cmr/m/n/10.95 Extra
 []


Underfull \hbox (badness 1490) in paragraph at lines 369--369
[]|\OT1/cmr/m/n/10.95 Effort mul-
 []


Overfull \hbox (44.0pt too wide) in alignment at lines 366--370
 [] [] [] [] [] [] [] 
 []


Underfull \vbox (badness 10000) detected at line 370
 []


Package Fancyhdr Warning: \headheight is too small (12.0pt): 
 Make it at least 13.59999pt.
 We now make it that large for the rest of the document.
 This may cause the page layout to be inconsistent, however.

[15]
Underfull \hbox (badness 3118) in paragraph at lines 379--379
[]|\OT1/cmr/m/n/10.95 APEX De-
 []


Underfull \hbox (badness 10000) in paragraph at lines 379--379
[]|$\OMS/cmsy/m/n/10.95 ^^T$ \OT1/cmr/m/n/10.95 2
 []


Underfull \hbox (badness 10000) in paragraph at lines 380--380
[]|\OT1/cmr/m/n/10.95 Extra
 []


Underfull \hbox (badness 1490) in paragraph at lines 381--381
[]|\OT1/cmr/m/n/10.95 Effort mul-
 []


Overfull \hbox (44.0pt too wide) in alignment at lines 378--382
 [] [] [] [] [] [] [] 
 []


Underfull \vbox (badness 10000) detected at line 382
 []


Underfull \hbox (badness 5924) in paragraph at lines 391--391
[]|\OT1/cmr/m/n/10.95 PLEX De-
 []


Underfull \hbox (badness 10000) in paragraph at lines 391--391
[]|$\OMS/cmsy/m/n/10.95 ^^T$ \OT1/cmr/m/n/10.95 2
 []


Underfull \hbox (badness 10000) in paragraph at lines 392--392
[]|\OT1/cmr/m/n/10.95 Extra
 []


Underfull \hbox (badness 1490) in paragraph at lines 393--393
[]|\OT1/cmr/m/n/10.95 Effort mul-
 []


Overfull \hbox (44.0pt too wide) in alignment at lines 390--394
 [] [] [] [] [] [] [] 
 []


Underfull \vbox (badness 10000) detected at line 394
 []


Underfull \hbox (badness 7133) in paragraph at lines 403--403
[]|\OT1/cmr/m/n/10.95 LTEX De-
 []


Underfull \hbox (badness 10000) in paragraph at lines 403--403
[]|$\OMS/cmsy/m/n/10.95 ^^T$ \OT1/cmr/m/n/10.95 2
 []


Underfull \hbox (badness 10000) in paragraph at lines 404--404
[]|\OT1/cmr/m/n/10.95 Extra
 []


Underfull \hbox (badness 1490) in paragraph at lines 405--405
[]|\OT1/cmr/m/n/10.95 Effort mul-
 []


Overfull \hbox (44.0pt too wide) in alignment at lines 402--406
 [] [] [] [] [] [] [] 
 []


Underfull \vbox (badness 10000) detected at line 406
 []


Package Fancyhdr Warning: \headheight is too small (12.0pt): 
 Make it at least 13.59999pt.
 We now make it that large for the rest of the document.
 This may cause the page layout to be inconsistent, however.

[16]
Underfull \hbox (badness 2035) in paragraph at lines 415--415
[]|\OT1/cmr/m/n/10.95 PCON De-
 []


Underfull \hbox (badness 10000) in paragraph at lines 415--415
[]|\OT1/cmr/m/n/10.95 48% /
 []


Underfull \hbox (badness 10000) in paragraph at lines 415--415
[]|\OT1/cmr/m/n/10.95 24% /
 []


Underfull \hbox (badness 10000) in paragraph at lines 415--415
[]|\OT1/cmr/m/n/10.95 12% /
 []


Underfull \hbox (badness 10000) in paragraph at lines 416--416
[]|\OT1/cmr/m/n/10.95 Extra
 []


Underfull \hbox (badness 1490) in paragraph at lines 417--417
[]|\OT1/cmr/m/n/10.95 Effort mul-
 []


Overfull \hbox (44.0pt too wide) in alignment at lines 414--418
 [] [] [] [] [] [] [] 
 []


Underfull \vbox (badness 10000) detected at line 418
 []


Underfull \hbox (badness 2426) in paragraph at lines 427--427
[]|\OT1/cmr/m/n/10.95 TOOL De-
 []


Underfull \hbox (badness 10000) in paragraph at lines 427--427
[]|\OT1/cmr/m/n/10.95 simple,
 []


Underfull \hbox (badness 10000) in paragraph at lines 427--427
\OT1/cmr/m/n/10.95 fron-tend,
 []


Underfull \hbox (badness 10000) in paragraph at lines 427--427
\OT1/cmr/m/n/10.95 back-end
 []


Underfull \hbox (badness 10000) in paragraph at lines 427--427
\OT1/cmr/m/n/10.95 CASE,
 []


Underfull \hbox (badness 10000) in paragraph at lines 427--427
[]|\OT1/cmr/m/n/10.95 basic
 []


Underfull \hbox (badness 10000) in paragraph at lines 427--427
\OT1/cmr/m/n/10.95 life-cycle
 []


Underfull \hbox (badness 10000) in paragraph at lines 427--427
\OT1/cmr/m/n/10.95 tools,
 []


Underfull \hbox (badness 10000) in paragraph at lines 427--427
\OT1/cmr/m/n/10.95 mod-
 []


Underfull \hbox (badness 10000) in paragraph at lines 427--427
\OT1/cmr/m/n/10.95 er-ately
 []


Underfull \hbox (badness 10000) in paragraph at lines 427--427
[]|\OT1/cmr/m/n/10.95 strong,
 []


Underfull \hbox (badness 10000) in paragraph at lines 427--427
\OT1/cmr/m/n/10.95 ma-ture
 []


Underfull \hbox (badness 10000) in paragraph at lines 427--427
\OT1/cmr/m/n/10.95 life-cycle
 []


Underfull \hbox (badness 10000) in paragraph at lines 427--427
\OT1/cmr/m/n/10.95 tools,
 []


Underfull \hbox (badness 10000) in paragraph at lines 427--427
\OT1/cmr/m/n/10.95 mod-
 []


Underfull \hbox (badness 10000) in paragraph at lines 427--427
\OT1/cmr/m/n/10.95 er-ately
 []


Underfull \hbox (badness 10000) in paragraph at lines 427--427
[]|\OT1/cmr/m/n/10.95 strong,
 []


Underfull \hbox (badness 10000) in paragraph at lines 427--427
\OT1/cmr/m/n/10.95 ma-ture,
 []


Underfull \hbox (badness 10000) in paragraph at lines 427--427
\OT1/cmr/m/n/10.95 proac-tive
 []


Underfull \hbox (badness 10000) in paragraph at lines 427--427
\OT1/cmr/m/n/10.95 life-cycle
 []


Underfull \hbox (badness 10000) in paragraph at lines 427--427
\OT1/cmr/m/n/10.95 in-te-grated
 []


Underfull \hbox (badness 3482) in paragraph at lines 427--427
\OT1/cmr/m/n/10.95 with pro-
 []


Underfull \hbox (badness 10000) in paragraph at lines 427--427
\OT1/cmr/m/n/10.95 cesses,
 []


Underfull \hbox (badness 10000) in paragraph at lines 427--427
\OT1/cmr/m/n/10.95 meth-ods,
 []


Underfull \hbox (badness 10000) in paragraph at lines 428--428
[]|\OT1/cmr/m/n/10.95 Extra
 []


Underfull \hbox (badness 1490) in paragraph at lines 429--429
[]|\OT1/cmr/m/n/10.95 Effort mul-
 []


Overfull \hbox (44.0pt too wide) in alignment at lines 426--430
 [] [] [] [] [] [] [] 
 []


Underfull \vbox (badness 10000) detected at line 430
 []


Package Fancyhdr Warning: \headheight is too small (12.0pt): 
 Make it at least 13.59999pt.
 We now make it that large for the rest of the document.
 This may cause the page layout to be inconsistent, however.

[17]
Underfull \hbox (badness 8000) in paragraph at lines 440--440
\OT1/cmr/m/n/10.95 ca-tion De-
 []


Underfull \hbox (badness 10000) in paragraph at lines 440--440
[]|\OT1/cmr/m/n/10.95 Intern-
 []


Underfull \hbox (badness 10000) in paragraph at lines 440--440
[]|\OT1/cmr/m/n/10.95 Multi-city
 []


Underfull \hbox (badness 10000) in paragraph at lines 440--440
[]|\OT1/cmr/m/n/10.95 Multi-city
 []


Underfull \hbox (badness 10000) in paragraph at lines 440--440
\OT1/cmr/m/n/10.95 or multi-
 []


Underfull \hbox (badness 10000) in paragraph at lines 440--440
\OT1/cmr/m/n/10.95 or metro
 []


Underfull \hbox (badness 10000) in paragraph at lines 440--440
[]|\OT1/cmr/m/n/10.95 Same
 []


Underfull \hbox (badness 10000) in paragraph at lines 440--440
\OT1/cmr/m/n/10.95 build-
 []


Underfull \hbox (badness 10000) in paragraph at lines 440--440
\OT1/cmr/m/n/10.95 ing or
 []


Underfull \hbox (badness 2781) in paragraph at lines 440--441
[]|\OT1/cmr/m/n/10.95 Fully col-
 []


Underfull \hbox (badness 10000) in paragraph at lines 441--441
\OT1/cmr/m/n/10.95 mu-ni-ca-tions
 []


Underfull \hbox (badness 10000) in paragraph at lines 441--441
[]|\OT1/cmr/m/n/10.95 Some
 []


Underfull \hbox (badness 10000) in paragraph at lines 441--441
\OT1/cmr/m/n/10.95 phone,
 []


Underfull \hbox (badness 10000) in paragraph at lines 441--441
[]|\OT1/cmr/m/n/10.95 Individual
 []


Underfull \hbox (badness 10000) in paragraph at lines 441--441
[]|\OT1/cmr/m/n/10.95 Narrow
 []


Underfull \hbox (badness 10000) in paragraph at lines 441--441
\OT1/cmr/m/n/10.95 band
 []


Underfull \hbox (badness 10000) in paragraph at lines 441--441
[]|\OT1/cmr/m/n/10.95 Wideband
 []


Underfull \hbox (badness 10000) in paragraph at lines 441--441
\OT1/cmr/m/n/10.95 elec-tronic
 []


Underfull \hbox (badness 10000) in paragraph at lines 441--441
\OT1/cmr/m/n/10.95 com-mu-ni-
 []


Underfull \hbox (badness 10000) in paragraph at lines 441--441
[]|\OT1/cmr/m/n/10.95 Wideband
 []


Underfull \hbox (badness 10000) in paragraph at lines 441--441
\OT1/cmr/m/n/10.95 elect.
 []


Underfull \hbox (badness 10000) in paragraph at lines 441--441
\OT1/cmr/m/n/10.95 comm.,
 []


Underfull \hbox (badness 10000) in paragraph at lines 441--441
\OT1/cmr/m/n/10.95 oc-ca-sional
 []


Underfull \hbox (badness 10000) in paragraph at lines 441--441
\OT1/cmr/m/n/10.95 video
 []


Overfull \hbox (0.73068pt too wide) in paragraph at lines 441--441
[]|\OT1/cmr/m/n/10.95 Interactive
 []


Underfull \hbox (badness 10000) in paragraph at lines 441--441
\OT1/cmr/m/n/10.95 mul-ti-me-
 []


Underfull \hbox (badness 10000) in paragraph at lines 442--442
[]|\OT1/cmr/m/n/10.95 Extra
 []


Underfull \hbox (badness 1490) in paragraph at lines 443--443
[]|\OT1/cmr/m/n/10.95 Effort mul-
 []


Overfull \hbox (44.0pt too wide) in alignment at lines 439--444
 [] [] [] [] [] [] [] 
 []


Underfull \vbox (badness 10000) detected at line 444
 []


Underfull \hbox (badness 6300) in paragraph at lines 454--454
[]|\OT1/cmr/m/n/10.95 SCED De-
 []


Underfull \hbox (badness 10000) in paragraph at lines 454--454
[]|\OT1/cmr/m/n/10.95 75% of
 []


Underfull \hbox (badness 10000) in paragraph at lines 454--454
[]|\OT1/cmr/m/n/10.95 85% of
 []


Underfull \hbox (badness 10000) in paragraph at lines 454--454
[]|\OT1/cmr/m/n/10.95 100% of
 []


Underfull \hbox (badness 10000) in paragraph at lines 454--454
[]|\OT1/cmr/m/n/10.95 130% of
 []


Underfull \hbox (badness 10000) in paragraph at lines 454--454
[]|\OT1/cmr/m/n/10.95 160% of
 []


Underfull \hbox (badness 10000) in paragraph at lines 455--455
[]|\OT1/cmr/m/n/10.95 Extra
 []


Underfull \hbox (badness 1490) in paragraph at lines 456--456
[]|\OT1/cmr/m/n/10.95 Effort mul-
 []


Overfull \hbox (44.0pt too wide) in alignment at lines 453--457
 [] [] [] [] [] [] [] 
 []


Underfull \vbox (badness 10000) detected at line 457
 []


Underfull \vbox (badness 10000) detected at line 482
 []


Package Fancyhdr Warning: \headheight is too small (12.0pt): 
 Make it at least 13.59999pt.
 We now make it that large for the rest of the document.
 This may cause the page layout to be inconsistent, however.

[18]
LaTeX Font Info:    External font `cmex10' loaded for size
(Font)              <9> on input line 487.
LaTeX Font Info:    External font `cmex10' loaded for size
(Font)              <5> on input line 487.


Package Fancyhdr Warning: \headheight is too small (12.0pt): 
 Make it at least 13.59999pt.
 We now make it that large for the rest of the document.
 This may cause the page layout to be inconsistent, however.

[19]) (./chapters/schedule.tex

Package Fancyhdr Warning: \headheight is too small (12.0pt): 
 Make it at least 13.59999pt.
 We now make it that large for the rest of the document.
 This may cause the page layout to be inconsistent, however.

[20]
Chapter 3.
<images/gantt_gen_1.png, id=302, 246.1998pt x 486.3771pt>
File: images/gantt_gen_1.png Graphic file (type png)
 <use images/gantt_gen_1.png>
Package pdftex.def Info: images/gantt_gen_1.png used on input line 11.
(pdftex.def)             Requested size: 303.71428pt x 600.0pt.
 <images/gantt_gen_2.png, id=304, 1240.635pt x 2017.5375pt>
File: images/gantt_gen_2.png Graphic file (type png)
 <use images/gantt_gen_2.png>
Package pdftex.def Info: images/gantt_gen_2.png used on input line 15.
(pdftex.def)             Requested size: 368.95625pt x 600.0pt.
 [21

]
Overfull \vbox (4.19974pt too high) has occurred while \output is active []



Package Fancyhdr Warning: \headheight is too small (12.0pt): 
 Make it at least 13.59999pt.
 We now make it that large for the rest of the document.
 This may cause the page layout to be inconsistent, however.

[22 <./images/gantt_gen_1.png>]) (./chapters/resources.tex
Overfull \vbox (4.19974pt too high) has occurred while \output is active []



Package Fancyhdr Warning: \headheight is too small (12.0pt): 
 Make it at least 13.59999pt.
 We now make it that large for the rest of the document.
 This may cause the page layout to be inconsistent, however.

[23 <./images/gantt_gen_2.png>]
Chapter 4.
<images/resource_alloc_fabri_1.png, id=320, 724.7075pt x 1348.03625pt>
File: images/resource_alloc_fabri_1.png Graphic file (type png)
 <use images/resource_alloc_fabri_1.png>
Package pdftex.def Info: images/resource_alloc_fabri_1.png used on input line 12.
(pdftex.def)             Requested size: 320.0pt x 595.23587pt.
 [24

] <images/resource_alloc_fabri_2.png, id=325, 722.7pt x 1349.04pt>
File: images/resource_alloc_fabri_2.png Graphic file (type png)
 <use images/resource_alloc_fabri_2.png>
Package pdftex.def Info: images/resource_alloc_fabri_2.png used on input line 16.
(pdftex.def)             Requested size: 320.0pt x 597.32585pt.
 <images/resource_alloc_vale_1.png, id=326, 726.715pt x 1348.03625pt>
File: images/resource_alloc_vale_1.png Graphic file (type png)
 <use images/resource_alloc_vale_1.png>
Package pdftex.def Info: images/resource_alloc_vale_1.png used on input line 20.
(pdftex.def)             Requested size: 320.0pt x 593.61089pt.


Package Fancyhdr Warning: \headheight is too small (12.0pt): 
 Make it at least 13.59999pt.
 We now make it that large for the rest of the document.
 This may cause the page layout to be inconsistent, however.

[25 <./images/resource_alloc_fabri_1.png>]
Overfull \vbox (1.52559pt too high) has occurred while \output is active []



Package Fancyhdr Warning: \headheight is too small (12.0pt): 
 Make it at least 13.59999pt.
 We now make it that large for the rest of the document.
 This may cause the page layout to be inconsistent, however.

[26 <./images/resource_alloc_fabri_2.png>] <images/resource_alloc_vale_2.png, id=337, 726.715pt x 1348.03625pt>
File: images/resource_alloc_vale_2.png Graphic file (type png)
 <use images/resource_alloc_vale_2.png>
Package pdftex.def Info: images/resource_alloc_vale_2.png used on input line 24.
(pdftex.def)             Requested size: 320.0pt x 593.61089pt.
) (./chapters/risks.tex

Package Fancyhdr Warning: \headheight is too small (12.0pt): 
 Make it at least 13.59999pt.
 We now make it that large for the rest of the document.
 This may cause the page layout to be inconsistent, however.

[27 <./images/resource_alloc_vale_1.png>]

Package Fancyhdr Warning: \headheight is too small (12.0pt): 
 Make it at least 13.59999pt.
 We now make it that large for the rest of the document.
 This may cause the page layout to be inconsistent, however.

[28 <./images/resource_alloc_vale_2.png>]
Chapter 5.
[29

]

Package Fancyhdr Warning: \headheight is too small (12.0pt): 
 Make it at least 13.59999pt.
 We now make it that large for the rest of the document.
 This may cause the page layout to be inconsistent, however.

[30]) (./chapters/changelog.tex

Package Fancyhdr Warning: \headheight is too small (12.0pt): 
 Make it at least 13.59999pt.
 We now make it that large for the rest of the document.
 This may cause the page layout to be inconsistent, however.

[31]
Appendix A.
) (./chapters/hours_of_work.tex [32

]
Appendix B.

Overfull \hbox (66.01857pt too wide) in alignment at lines 5--23
 [] [] 
 []


Underfull \vbox (badness 10000) detected at line 23
 []

)
Package atveryend Info: Empty hook `BeforeClearDocument' on input line 22.
 [33

]
Package atveryend Info: Empty hook `AfterLastShipout' on input line 22.
 (/Users/Valerio/GitHub/casaticastelli_sweng2/Documents/5_PPD/latex_files/.texpadtmp/5_PPD.aux)
Package atveryend Info: Executing hook `AtVeryEndDocument' on input line 22.
Package atveryend Info: Executing hook `AtEndAfterFileList' on input line 22.
Package rerunfilecheck Info: File `5_PPD.out' has not changed.
(rerunfilecheck)             Checksum: 9C29CD224A16A9FFDE60544DD64662FD;1707.
Package atveryend Info: Empty hook `AtVeryVeryEnd' on input line 22.
 ) 
Here is how much of TeX's memory you used:
 10350 strings out of 493089
 150160 string characters out of 6134841
 420775 words of memory out of 5000000
 13505 multiletter control sequences out of 15000+600000
 11623 words of font info for 40 fonts, out of 8000000 for 9000
 1141 hyphenation exceptions out of 8191
 39i,12n,67p,1044b,1216s stack positions out of 5000i,500n,10000p,200000b,80000s
</usr/local/texlive/2015/texmf-dist/fonts/type1/public/amsfonts/cm/cmbx10.pfb></usr/local/texlive/2015/texmf-dist/fonts/type1/public/amsfonts/cm/cmbx12.pfb></usr/local/texlive/2015/texmf-dist/fonts/type1/public/amsfonts/cm/cmcsc10.pfb></usr/local/texlive/2015/texmf-dist/fonts/type1/public/amsfonts/cm/cmex10.pfb></usr/local/texlive/2015/texmf-dist/fonts/type1/public/amsfonts/cm/cmmi10.pfb></usr/local/texlive/2015/texmf-dist/fonts/type1/public/amsfonts/cm/cmmi6.pfb></usr/local/texlive/2015/texmf-dist/fonts/type1/public/amsfonts/cm/cmmi8.pfb></usr/local/texlive/2015/texmf-dist/fonts/type1/public/amsfonts/cm/cmmi9.pfb></usr/local/texlive/2015/texmf-dist/fonts/type1/public/amsfonts/cm/cmr10.pfb></usr/local/texlive/2015/texmf-dist/fonts/type1/public/amsfonts/cm/cmr12.pfb></usr/local/texlive/2015/texmf-dist/fonts/type1/public/amsfonts/cm/cmr6.pfb></usr/local/texlive/2015/texmf-dist/fonts/type1/public/amsfonts/cm/cmr9.pfb></usr/local/texlive/2015/texmf-dist/fonts/type1/public/amsfonts/cm/cmsl10.pfb></usr/local/texlive/2015/texmf-dist/fonts/type1/public/amsfonts/cm/cmsy10.pfb></usr/local/texlive/2015/texmf-dist/fonts/type1/public/amsfonts/cm/cmsy9.pfb></usr/local/texlive/2015/texmf-dist/fonts/type1/public/amsfonts/cm/cmti10.pfb>
Output written on /Users/Valerio/GitHub/casaticastelli_sweng2/Documents/5_PPD/latex_files/.texpadtmp/5_PPD.pdf (35 pages, 1366435 bytes).
PDF statistics:
 449 PDF objects out of 1000 (max. 8388607)
 379 compressed objects within 4 object streams
 120 named destinations out of 1000 (max. 500000)
 244 words of extra memory for PDF output out of 10000 (max. 10000000)

