This is pdfTeX, Version 3.1415926-2.5-1.40.14 (TeX Live 2013/Debian) (format=pdflatex 2014.11.2)  20 JAN 2016 21:44
entering extended mode
 restricted \write18 enabled.
 %&-line parsing enabled.
**4_ITPD.tex
(./4_ITPD.tex
LaTeX2e <2011/06/27>
Babel <3.9h> and hyphenation patterns for 5 languages loaded.
(./preamble/settings.tex
(/usr/share/texlive/texmf-dist/tex/latex/base/report.cls
Document Class: report 2007/10/19 v1.4h Standard LaTeX document class
(/usr/share/texlive/texmf-dist/tex/latex/base/size11.clo
File: size11.clo 2007/10/19 v1.4h Standard LaTeX file (size option)
)
\c@part=\count79
\c@chapter=\count80
\c@section=\count81
\c@subsection=\count82
\c@subsubsection=\count83
\c@paragraph=\count84
\c@subparagraph=\count85
\c@figure=\count86
\c@table=\count87
\abovecaptionskip=\skip41
\belowcaptionskip=\skip42
\bibindent=\dimen102
)
(/usr/share/texlive/texmf-dist/tex/latex/hyperref/hyperref.sty
Package: hyperref 2012/11/06 v6.83m Hypertext links for LaTeX

(/usr/share/texlive/texmf-dist/tex/generic/oberdiek/hobsub-hyperref.sty
Package: hobsub-hyperref 2012/05/28 v1.13 Bundle oberdiek, subset hyperref (HO)


(/usr/share/texlive/texmf-dist/tex/generic/oberdiek/hobsub-generic.sty
Package: hobsub-generic 2012/05/28 v1.13 Bundle oberdiek, subset generic (HO)
Package: hobsub 2012/05/28 v1.13 Construct package bundles (HO)
Package: infwarerr 2010/04/08 v1.3 Providing info/warning/error messages (HO)
Package: ltxcmds 2011/11/09 v1.22 LaTeX kernel commands for general use (HO)
Package: ifluatex 2010/03/01 v1.3 Provides the ifluatex switch (HO)
Package ifluatex Info: LuaTeX not detected.
Package: ifvtex 2010/03/01 v1.5 Detect VTeX and its facilities (HO)
Package ifvtex Info: VTeX not detected.
Package: intcalc 2007/09/27 v1.1 Expandable calculations with integers (HO)
Package: ifpdf 2011/01/30 v2.3 Provides the ifpdf switch (HO)
Package ifpdf Info: pdfTeX in PDF mode is detected.
Package: etexcmds 2011/02/16 v1.5 Avoid name clashes with e-TeX commands (HO)
Package etexcmds Info: Could not find \expanded.
(etexcmds)             That can mean that you are not using pdfTeX 1.50 or
(etexcmds)             that some package has redefined \expanded.
(etexcmds)             In the latter case, load this package earlier.
Package: kvsetkeys 2012/04/25 v1.16 Key value parser (HO)
Package: kvdefinekeys 2011/04/07 v1.3 Define keys (HO)
Package: pdftexcmds 2011/11/29 v0.20 Utility functions of pdfTeX for LuaTeX (HO
)
Package pdftexcmds Info: LuaTeX not detected.
Package pdftexcmds Info: \pdf@primitive is available.
Package pdftexcmds Info: \pdf@ifprimitive is available.
Package pdftexcmds Info: \pdfdraftmode found.
Package: pdfescape 2011/11/25 v1.13 Implements pdfTeX's escape features (HO)
Package: bigintcalc 2012/04/08 v1.3 Expandable calculations on big integers (HO
)
Package: bitset 2011/01/30 v1.1 Handle bit-vector datatype (HO)
Package: uniquecounter 2011/01/30 v1.2 Provide unlimited unique counter (HO)
)
Package hobsub Info: Skipping package `hobsub' (already loaded).
Package: letltxmacro 2010/09/02 v1.4 Let assignment for LaTeX macros (HO)
Package: hopatch 2012/05/28 v1.2 Wrapper for package hooks (HO)
Package: xcolor-patch 2011/01/30 xcolor patch
Package: atveryend 2011/06/30 v1.8 Hooks at the very end of document (HO)
Package atveryend Info: \enddocument detected (standard20110627).
Package: atbegshi 2011/10/05 v1.16 At begin shipout hook (HO)
Package: refcount 2011/10/16 v3.4 Data extraction from label references (HO)
Package: hycolor 2011/01/30 v1.7 Color options for hyperref/bookmark (HO)
)
(/usr/share/texlive/texmf-dist/tex/latex/graphics/keyval.sty
Package: keyval 1999/03/16 v1.13 key=value parser (DPC)
\KV@toks@=\toks14
)
(/usr/share/texlive/texmf-dist/tex/generic/ifxetex/ifxetex.sty
Package: ifxetex 2010/09/12 v0.6 Provides ifxetex conditional
)
(/usr/share/texlive/texmf-dist/tex/latex/oberdiek/auxhook.sty
Package: auxhook 2011/03/04 v1.3 Hooks for auxiliary files (HO)
)
(/usr/share/texlive/texmf-dist/tex/latex/oberdiek/kvoptions.sty
Package: kvoptions 2011/06/30 v3.11 Key value format for package options (HO)
)
\@linkdim=\dimen103
\Hy@linkcounter=\count88
\Hy@pagecounter=\count89

(/usr/share/texlive/texmf-dist/tex/latex/hyperref/pd1enc.def
File: pd1enc.def 2012/11/06 v6.83m Hyperref: PDFDocEncoding definition (HO)
)
\Hy@SavedSpaceFactor=\count90

(/usr/share/texlive/texmf-dist/tex/latex/latexconfig/hyperref.cfg
File: hyperref.cfg 2002/06/06 v1.2 hyperref configuration of TeXLive
)
Package hyperref Info: Hyper figures OFF on input line 4443.
Package hyperref Info: Link nesting OFF on input line 4448.
Package hyperref Info: Hyper index ON on input line 4451.
Package hyperref Info: Plain pages OFF on input line 4458.
Package hyperref Info: Backreferencing OFF on input line 4463.
Package hyperref Info: Implicit mode ON; LaTeX internals redefined.
Package hyperref Info: Bookmarks ON on input line 4688.
\c@Hy@tempcnt=\count91

(/usr/share/texlive/texmf-dist/tex/latex/url/url.sty
\Urlmuskip=\muskip10
Package: url 2013/09/16  ver 3.4  Verb mode for urls, etc.
)
LaTeX Info: Redefining \url on input line 5041.
\XeTeXLinkMargin=\dimen104
\Fld@menulength=\count92
\Field@Width=\dimen105
\Fld@charsize=\dimen106
Package hyperref Info: Hyper figures OFF on input line 6295.
Package hyperref Info: Link nesting OFF on input line 6300.
Package hyperref Info: Hyper index ON on input line 6303.
Package hyperref Info: backreferencing OFF on input line 6310.
Package hyperref Info: Link coloring OFF on input line 6315.
Package hyperref Info: Link coloring with OCG OFF on input line 6320.
Package hyperref Info: PDF/A mode OFF on input line 6325.
LaTeX Info: Redefining \ref on input line 6365.
LaTeX Info: Redefining \pageref on input line 6369.
\Hy@abspage=\count93
\c@Item=\count94
\c@Hfootnote=\count95
)

Package hyperref Message: Driver (autodetected): hpdftex.

(/usr/share/texlive/texmf-dist/tex/latex/hyperref/hpdftex.def
File: hpdftex.def 2012/11/06 v6.83m Hyperref driver for pdfTeX
\Fld@listcount=\count96
\c@bookmark@seq@number=\count97

(/usr/share/texlive/texmf-dist/tex/latex/oberdiek/rerunfilecheck.sty
Package: rerunfilecheck 2011/04/15 v1.7 Rerun checks for auxiliary files (HO)
Package uniquecounter Info: New unique counter `rerunfilecheck' on input line 2
82.
)
\Hy@SectionHShift=\skip43
)
(/usr/share/texlive/texmf-dist/tex/latex/fancyhdr/fancyhdr.sty
\fancy@headwidth=\skip44
\f@ncyO@elh=\skip45
\f@ncyO@erh=\skip46
\f@ncyO@olh=\skip47
\f@ncyO@orh=\skip48
\f@ncyO@elf=\skip49
\f@ncyO@erf=\skip50
\f@ncyO@olf=\skip51
\f@ncyO@orf=\skip52
)

Package Fancyhdr Warning: \fancyhead's `E' option without twoside option is use
less on input line 23.


Package Fancyhdr Warning: \fancyfoot's `E' option without twoside option is use
less on input line 24.


Package Fancyhdr Warning: \fancyfoot's `E' option without twoside option is use
less on input line 26.

(/usr/share/texlive/texmf-dist/tex/latex/float/float.sty
Package: float 2001/11/08 v1.3d Float enhancements (AL)
\c@float@type=\count98
\float@exts=\toks15
\float@box=\box26
\@float@everytoks=\toks16
\@floatcapt=\box27
)
(/usr/share/texlive/texmf-dist/tex/latex/graphics/graphicx.sty
Package: graphicx 1999/02/16 v1.0f Enhanced LaTeX Graphics (DPC,SPQR)

(/usr/share/texlive/texmf-dist/tex/latex/graphics/graphics.sty
Package: graphics 2009/02/05 v1.0o Standard LaTeX Graphics (DPC,SPQR)

(/usr/share/texlive/texmf-dist/tex/latex/graphics/trig.sty
Package: trig 1999/03/16 v1.09 sin cos tan (DPC)
)
(/etc/texmf/tex/latex/config/graphics.cfg
File: graphics.cfg 2009/08/28 v1.8 graphics configuration of TeX Live
)
Package graphics Info: Driver file: pdftex.def on input line 91.

(/usr/share/texlive/texmf-dist/tex/latex/pdftex-def/pdftex.def
File: pdftex.def 2011/05/27 v0.06d Graphics/color for pdfTeX
\Gread@gobject=\count99
))
\Gin@req@height=\dimen107
\Gin@req@width=\dimen108
)
(/usr/share/texlive/texmf-dist/tex/latex/wrapfig/wrapfig.sty
\wrapoverhang=\dimen109
\WF@size=\dimen110
\c@WF@wrappedlines=\count100
\WF@box=\box28
\WF@everypar=\toks17
Package: wrapfig 2003/01/31  v 3.6
)
(/usr/share/texlive/texmf-dist/tex/latex/rotating/rotating.sty
Package: rotating 2009/03/28 v2.16a rotated objects in LaTeX

(/usr/share/texlive/texmf-dist/tex/latex/base/ifthen.sty
Package: ifthen 2001/05/26 v1.1c Standard LaTeX ifthen package (DPC)
)
\c@r@tfl@t=\count101
\rotFPtop=\skip53
\rotFPbot=\skip54
\rot@float@box=\box29
\rot@mess@toks=\toks18
)
(/usr/share/texlive/texmf-dist/tex/latex/oberdiek/epstopdf.sty
Package: epstopdf 2010/02/09 v2.5 Conversion with epstopdf on the fly (HO)

(/usr/share/texlive/texmf-dist/tex/latex/oberdiek/epstopdf-base.sty
Package: epstopdf-base 2010/02/09 v2.5 Base part for package epstopdf

(/usr/share/texlive/texmf-dist/tex/latex/oberdiek/grfext.sty
Package: grfext 2010/08/19 v1.1 Manage graphics extensions (HO)
)
Package grfext Info: Graphics extension search list:
(grfext)             [.png,.pdf,.jpg,.mps,.jpeg,.jbig2,.jb2,.PNG,.PDF,.JPG,.JPE
G,.JBIG2,.JB2,.eps]
(grfext)             \AppendGraphicsExtensions on input line 452.

(/usr/share/texlive/texmf-dist/tex/latex/latexconfig/epstopdf-sys.cfg
File: epstopdf-sys.cfg 2010/07/13 v1.3 Configuration of (r)epstopdf for TeX Liv
e
)))
(/usr/share/texlive/texmf-dist/tex/latex/graphics/lscape.sty
Package: lscape 2000/10/22 v3.01 Landscape Pages (DPC)
)
(/usr/share/texlive/texmf-dist/tex/latex/oberdiek/pdflscape.sty
Package: pdflscape 2008/08/11 v0.10 Display of landscape pages in PDF (HO)
Package pdflscape Info: Auto-detected driver: pdftex on input line 80.
)
(/usr/share/texlive/texmf-dist/tex/latex/pdfpages/pdfpages.sty
Package: pdfpages 2013/08/25 v0.4v Insert pages of external PDF documents (AM)

(/usr/share/texlive/texmf-dist/tex/latex/tools/calc.sty
Package: calc 2007/08/22 v4.3 Infix arithmetic (KKT,FJ)
\calc@Acount=\count102
\calc@Bcount=\count103
\calc@Adimen=\dimen111
\calc@Bdimen=\dimen112
\calc@Askip=\skip55
\calc@Bskip=\skip56
LaTeX Info: Redefining \setlength on input line 76.
LaTeX Info: Redefining \addtolength on input line 77.
\calc@Ccount=\count104
\calc@Cskip=\skip57
)
(/usr/share/texlive/texmf-dist/tex/latex/eso-pic/eso-pic.sty
Package: eso-pic 2013/10/06 v2.0d eso-pic (RN)

(/usr/share/texmf/tex/latex/xcolor/xcolor.sty
Package: xcolor 2007/01/21 v2.11 LaTeX color extensions (UK)

(/etc/texmf/tex/latex/config/color.cfg
File: color.cfg 2007/01/18 v1.5 color configuration of teTeX/TeXLive
)
Package xcolor Info: Driver file: pdftex.def on input line 225.
Package xcolor Info: Model `cmy' substituted by `cmy0' on input line 1337.
Package xcolor Info: Model `hsb' substituted by `rgb' on input line 1341.
Package xcolor Info: Model `RGB' extended on input line 1353.
Package xcolor Info: Model `HTML' substituted by `rgb' on input line 1355.
Package xcolor Info: Model `Hsb' substituted by `hsb' on input line 1356.
Package xcolor Info: Model `tHsb' substituted by `hsb' on input line 1357.
Package xcolor Info: Model `HSB' substituted by `hsb' on input line 1358.
Package xcolor Info: Model `Gray' substituted by `gray' on input line 1359.
Package xcolor Info: Model `wave' substituted by `hsb' on input line 1360.
))
(/usr/share/texlive/texmf-dist/tex/latex/pdfpages/pppdftex.def
File: pppdftex.def 2013/08/25 v0.4v Pdfpages driver for pdfTeX (AM)
)
\AM@pagebox=\box30
\AM@toc@title=\toks19
\c@AM@survey=\count105
\AM@templatesizebox=\box31
)
(/usr/share/texlive/texmf-dist/tex/latex/appendix/appendix.sty
Package: appendix 2009/09/02 v1.2b extra appendix facilities
\c@@pps=\count106
\c@@ppsavesec=\count107
\c@@ppsaveapp=\count108
)
(/usr/share/texlive/texmf-dist/tex/latex/tools/longtable.sty
Package: longtable 2004/02/01 v4.11 Multi-page Table package (DPC)
\LTleft=\skip58
\LTright=\skip59
\LTpre=\skip60
\LTpost=\skip61
\LTchunksize=\count109
\LTcapwidth=\dimen113
\LT@head=\box32
\LT@firsthead=\box33
\LT@foot=\box34
\LT@lastfoot=\box35
\LT@cols=\count110
\LT@rows=\count111
\c@LT@tables=\count112
\c@LT@chunks=\count113
\LT@p@ftn=\toks20
)
(/usr/share/texlive/texmf-dist/tex/generic/babel/babel.sty
Package: babel 2013/12/03 3.9h The Babel package

(/usr/share/texlive/texmf-dist/tex/generic/babel-english/english.ldf
Language: english 2012/08/20 v3.3p English support from the babel system

(/usr/share/texlive/texmf-dist/tex/generic/babel/babel.def
File: babel.def 2013/12/03 3.9h Babel common definitions
\babel@savecnt=\count114
\U@D=\dimen114
)
\l@canadian = a dialect from \language\l@american 
\l@australian = a dialect from \language\l@british 
\l@newzealand = a dialect from \language\l@british 
))
(/usr/share/texlive/texmf-dist/tex/latex/base/inputenc.sty
Package: inputenc 2008/03/30 v1.1d Input encoding file
\inpenc@prehook=\toks21
\inpenc@posthook=\toks22

(/usr/share/texlive/texmf-dist/tex/latex/base/utf8.def
File: utf8.def 2008/04/05 v1.1m UTF-8 support for inputenc
Now handling font encoding OML ...
... no UTF-8 mapping file for font encoding OML
Now handling font encoding T1 ...
... processing UTF-8 mapping file for font encoding T1

(/usr/share/texlive/texmf-dist/tex/latex/base/t1enc.dfu
File: t1enc.dfu 2008/04/05 v1.1m UTF-8 support for inputenc
   defining Unicode char U+00A1 (decimal 161)
   defining Unicode char U+00A3 (decimal 163)
   defining Unicode char U+00AB (decimal 171)
   defining Unicode char U+00BB (decimal 187)
   defining Unicode char U+00BF (decimal 191)
   defining Unicode char U+00C0 (decimal 192)
   defining Unicode char U+00C1 (decimal 193)
   defining Unicode char U+00C2 (decimal 194)
   defining Unicode char U+00C3 (decimal 195)
   defining Unicode char U+00C4 (decimal 196)
   defining Unicode char U+00C5 (decimal 197)
   defining Unicode char U+00C6 (decimal 198)
   defining Unicode char U+00C7 (decimal 199)
   defining Unicode char U+00C8 (decimal 200)
   defining Unicode char U+00C9 (decimal 201)
   defining Unicode char U+00CA (decimal 202)
   defining Unicode char U+00CB (decimal 203)
   defining Unicode char U+00CC (decimal 204)
   defining Unicode char U+00CD (decimal 205)
   defining Unicode char U+00CE (decimal 206)
   defining Unicode char U+00CF (decimal 207)
   defining Unicode char U+00D0 (decimal 208)
   defining Unicode char U+00D1 (decimal 209)
   defining Unicode char U+00D2 (decimal 210)
   defining Unicode char U+00D3 (decimal 211)
   defining Unicode char U+00D4 (decimal 212)
   defining Unicode char U+00D5 (decimal 213)
   defining Unicode char U+00D6 (decimal 214)
   defining Unicode char U+00D8 (decimal 216)
   defining Unicode char U+00D9 (decimal 217)
   defining Unicode char U+00DA (decimal 218)
   defining Unicode char U+00DB (decimal 219)
   defining Unicode char U+00DC (decimal 220)
   defining Unicode char U+00DD (decimal 221)
   defining Unicode char U+00DE (decimal 222)
   defining Unicode char U+00DF (decimal 223)
   defining Unicode char U+00E0 (decimal 224)
   defining Unicode char U+00E1 (decimal 225)
   defining Unicode char U+00E2 (decimal 226)
   defining Unicode char U+00E3 (decimal 227)
   defining Unicode char U+00E4 (decimal 228)
   defining Unicode char U+00E5 (decimal 229)
   defining Unicode char U+00E6 (decimal 230)
   defining Unicode char U+00E7 (decimal 231)
   defining Unicode char U+00E8 (decimal 232)
   defining Unicode char U+00E9 (decimal 233)
   defining Unicode char U+00EA (decimal 234)
   defining Unicode char U+00EB (decimal 235)
   defining Unicode char U+00EC (decimal 236)
   defining Unicode char U+00ED (decimal 237)
   defining Unicode char U+00EE (decimal 238)
   defining Unicode char U+00EF (decimal 239)
   defining Unicode char U+00F0 (decimal 240)
   defining Unicode char U+00F1 (decimal 241)
   defining Unicode char U+00F2 (decimal 242)
   defining Unicode char U+00F3 (decimal 243)
   defining Unicode char U+00F4 (decimal 244)
   defining Unicode char U+00F5 (decimal 245)
   defining Unicode char U+00F6 (decimal 246)
   defining Unicode char U+00F8 (decimal 248)
   defining Unicode char U+00F9 (decimal 249)
   defining Unicode char U+00FA (decimal 250)
   defining Unicode char U+00FB (decimal 251)
   defining Unicode char U+00FC (decimal 252)
   defining Unicode char U+00FD (decimal 253)
   defining Unicode char U+00FE (decimal 254)
   defining Unicode char U+00FF (decimal 255)
   defining Unicode char U+0102 (decimal 258)
   defining Unicode char U+0103 (decimal 259)
   defining Unicode char U+0104 (decimal 260)
   defining Unicode char U+0105 (decimal 261)
   defining Unicode char U+0106 (decimal 262)
   defining Unicode char U+0107 (decimal 263)
   defining Unicode char U+010C (decimal 268)
   defining Unicode char U+010D (decimal 269)
   defining Unicode char U+010E (decimal 270)
   defining Unicode char U+010F (decimal 271)
   defining Unicode char U+0110 (decimal 272)
   defining Unicode char U+0111 (decimal 273)
   defining Unicode char U+0118 (decimal 280)
   defining Unicode char U+0119 (decimal 281)
   defining Unicode char U+011A (decimal 282)
   defining Unicode char U+011B (decimal 283)
   defining Unicode char U+011E (decimal 286)
   defining Unicode char U+011F (decimal 287)
   defining Unicode char U+0130 (decimal 304)
   defining Unicode char U+0131 (decimal 305)
   defining Unicode char U+0132 (decimal 306)
   defining Unicode char U+0133 (decimal 307)
   defining Unicode char U+0139 (decimal 313)
   defining Unicode char U+013A (decimal 314)
   defining Unicode char U+013D (decimal 317)
   defining Unicode char U+013E (decimal 318)
   defining Unicode char U+0141 (decimal 321)
   defining Unicode char U+0142 (decimal 322)
   defining Unicode char U+0143 (decimal 323)
   defining Unicode char U+0144 (decimal 324)
   defining Unicode char U+0147 (decimal 327)
   defining Unicode char U+0148 (decimal 328)
   defining Unicode char U+014A (decimal 330)
   defining Unicode char U+014B (decimal 331)
   defining Unicode char U+0150 (decimal 336)
   defining Unicode char U+0151 (decimal 337)
   defining Unicode char U+0152 (decimal 338)
   defining Unicode char U+0153 (decimal 339)
   defining Unicode char U+0154 (decimal 340)
   defining Unicode char U+0155 (decimal 341)
   defining Unicode char U+0158 (decimal 344)
   defining Unicode char U+0159 (decimal 345)
   defining Unicode char U+015A (decimal 346)
   defining Unicode char U+015B (decimal 347)
   defining Unicode char U+015E (decimal 350)
   defining Unicode char U+015F (decimal 351)
   defining Unicode char U+0160 (decimal 352)
   defining Unicode char U+0161 (decimal 353)
   defining Unicode char U+0162 (decimal 354)
   defining Unicode char U+0163 (decimal 355)
   defining Unicode char U+0164 (decimal 356)
   defining Unicode char U+0165 (decimal 357)
   defining Unicode char U+016E (decimal 366)
   defining Unicode char U+016F (decimal 367)
   defining Unicode char U+0170 (decimal 368)
   defining Unicode char U+0171 (decimal 369)
   defining Unicode char U+0178 (decimal 376)
   defining Unicode char U+0179 (decimal 377)
   defining Unicode char U+017A (decimal 378)
   defining Unicode char U+017B (decimal 379)
   defining Unicode char U+017C (decimal 380)
   defining Unicode char U+017D (decimal 381)
   defining Unicode char U+017E (decimal 382)
   defining Unicode char U+200C (decimal 8204)
   defining Unicode char U+2013 (decimal 8211)
   defining Unicode char U+2014 (decimal 8212)
   defining Unicode char U+2018 (decimal 8216)
   defining Unicode char U+2019 (decimal 8217)
   defining Unicode char U+201A (decimal 8218)
   defining Unicode char U+201C (decimal 8220)
   defining Unicode char U+201D (decimal 8221)
   defining Unicode char U+201E (decimal 8222)
   defining Unicode char U+2030 (decimal 8240)
   defining Unicode char U+2031 (decimal 8241)
   defining Unicode char U+2039 (decimal 8249)
   defining Unicode char U+203A (decimal 8250)
   defining Unicode char U+2423 (decimal 9251)
)
Now handling font encoding OT1 ...
... processing UTF-8 mapping file for font encoding OT1

(/usr/share/texlive/texmf-dist/tex/latex/base/ot1enc.dfu
File: ot1enc.dfu 2008/04/05 v1.1m UTF-8 support for inputenc
   defining Unicode char U+00A1 (decimal 161)
   defining Unicode char U+00A3 (decimal 163)
   defining Unicode char U+00B8 (decimal 184)
   defining Unicode char U+00BF (decimal 191)
   defining Unicode char U+00C5 (decimal 197)
   defining Unicode char U+00C6 (decimal 198)
   defining Unicode char U+00D8 (decimal 216)
   defining Unicode char U+00DF (decimal 223)
   defining Unicode char U+00E6 (decimal 230)
   defining Unicode char U+00EC (decimal 236)
   defining Unicode char U+00ED (decimal 237)
   defining Unicode char U+00EE (decimal 238)
   defining Unicode char U+00EF (decimal 239)
   defining Unicode char U+00F8 (decimal 248)
   defining Unicode char U+0131 (decimal 305)
   defining Unicode char U+0141 (decimal 321)
   defining Unicode char U+0142 (decimal 322)
   defining Unicode char U+0152 (decimal 338)
   defining Unicode char U+0153 (decimal 339)
   defining Unicode char U+2013 (decimal 8211)
   defining Unicode char U+2014 (decimal 8212)
   defining Unicode char U+2018 (decimal 8216)
   defining Unicode char U+2019 (decimal 8217)
   defining Unicode char U+201C (decimal 8220)
   defining Unicode char U+201D (decimal 8221)
)
Now handling font encoding OMS ...
... processing UTF-8 mapping file for font encoding OMS

(/usr/share/texlive/texmf-dist/tex/latex/base/omsenc.dfu
File: omsenc.dfu 2008/04/05 v1.1m UTF-8 support for inputenc
   defining Unicode char U+00A7 (decimal 167)
   defining Unicode char U+00B6 (decimal 182)
   defining Unicode char U+00B7 (decimal 183)
   defining Unicode char U+2020 (decimal 8224)
   defining Unicode char U+2021 (decimal 8225)
   defining Unicode char U+2022 (decimal 8226)
)
Now handling font encoding OMX ...
... no UTF-8 mapping file for font encoding OMX
Now handling font encoding U ...
... no UTF-8 mapping file for font encoding U
Now handling font encoding PD1 ...
... no UTF-8 mapping file for font encoding PD1
   defining Unicode char U+00A9 (decimal 169)
   defining Unicode char U+00AA (decimal 170)
   defining Unicode char U+00AE (decimal 174)
   defining Unicode char U+00BA (decimal 186)
   defining Unicode char U+02C6 (decimal 710)
   defining Unicode char U+02DC (decimal 732)
   defining Unicode char U+200C (decimal 8204)
   defining Unicode char U+2026 (decimal 8230)
   defining Unicode char U+2122 (decimal 8482)
   defining Unicode char U+2423 (decimal 9251)
))
(/usr/share/texlive/texmf-dist/tex/latex/enumitem/enumitem.sty
Package: enumitem 2011/09/28 v3.5.2 Customized lists
\labelindent=\skip62
\enit@outerparindent=\dimen115
\enit@toks=\toks23
\enit@inbox=\box36
\enitdp@description=\count115
)
(/usr/share/texlive/texmf-dist/tex/latex/seqsplit/seqsplit.sty
Package: seqsplit 2006/08/07 v0.1 Splitting long sequences (DNA, RNA, proteins,
 etc.) 
)
(/usr/share/texlive/texmf-dist/tex/latex/multirow/multirow.sty
\bigstrutjot=\dimen116
)
(/usr/share/texlive/texmf-dist/tex/latex/tools/hhline.sty
Package: hhline 1994/05/23 v2.03 Table rule package (DPC)
)
(/usr/share/texlive/texmf-dist/tex/latex/listings/listings.sty
\lst@mode=\count116
\lst@gtempboxa=\box37
\lst@token=\toks24
\lst@length=\count117
\lst@currlwidth=\dimen117
\lst@column=\count118
\lst@pos=\count119
\lst@lostspace=\dimen118
\lst@width=\dimen119
\lst@newlines=\count120
\lst@lineno=\count121
\lst@maxwidth=\dimen120

(/usr/share/texlive/texmf-dist/tex/latex/listings/lstmisc.sty
File: lstmisc.sty 2013/08/26 1.5b (Carsten Heinz)
\c@lstnumber=\count122
\lst@skipnumbers=\count123
\lst@framebox=\box38
)
(/usr/share/texlive/texmf-dist/tex/latex/listings/listings.cfg
File: listings.cfg 2013/08/26 1.5b listings configuration
))
Package: listings 2013/08/26 1.5b (Carsten Heinz)

(/usr/share/texlive/texmf-dist/tex/latex/listings/lstlang1.sty
File: lstlang1.sty 2013/08/26 1.5b listings language file
)
(./preamble/commands.tex)) (./4_ITPD.aux)
\openout1 = `4_ITPD.aux'.

LaTeX Font Info:    Checking defaults for OML/cmm/m/it on input line 4.
LaTeX Font Info:    ... okay on input line 4.
LaTeX Font Info:    Checking defaults for T1/cmr/m/n on input line 4.
LaTeX Font Info:    ... okay on input line 4.
LaTeX Font Info:    Checking defaults for OT1/cmr/m/n on input line 4.
LaTeX Font Info:    ... okay on input line 4.
LaTeX Font Info:    Checking defaults for OMS/cmsy/m/n on input line 4.
LaTeX Font Info:    ... okay on input line 4.
LaTeX Font Info:    Checking defaults for OMX/cmex/m/n on input line 4.
LaTeX Font Info:    ... okay on input line 4.
LaTeX Font Info:    Checking defaults for U/cmr/m/n on input line 4.
LaTeX Font Info:    ... okay on input line 4.
LaTeX Font Info:    Checking defaults for PD1/pdf/m/n on input line 4.
LaTeX Font Info:    ... okay on input line 4.
\AtBeginShipoutBox=\box39
Package hyperref Info: Link coloring OFF on input line 4.

(/usr/share/texlive/texmf-dist/tex/latex/hyperref/nameref.sty
Package: nameref 2012/10/27 v2.43 Cross-referencing by name of section

(/usr/share/texlive/texmf-dist/tex/generic/oberdiek/gettitlestring.sty
Package: gettitlestring 2010/12/03 v1.4 Cleanup title references (HO)
)
\c@section@level=\count124
)
LaTeX Info: Redefining \ref on input line 4.
LaTeX Info: Redefining \pageref on input line 4.
LaTeX Info: Redefining \nameref on input line 4.

(./4_ITPD.out) (./4_ITPD.out)
\@outlinefile=\write3
\openout3 = `4_ITPD.out'.


(/usr/share/texlive/texmf-dist/tex/context/base/supp-pdf.mkii
[Loading MPS to PDF converter (version 2006.09.02).]
\scratchcounter=\count125
\scratchdimen=\dimen121
\scratchbox=\box40
\nofMPsegments=\count126
\nofMParguments=\count127
\everyMPshowfont=\toks25
\MPscratchCnt=\count128
\MPscratchDim=\dimen122
\MPnumerator=\count129
\makeMPintoPDFobject=\count130
\everyMPtoPDFconversion=\toks26
)
\c@lstlisting=\count131
 (./title/title_page.tex
<title/polimi_logo.png, id=183, 419.31656pt x 417.81094pt>
File: title/polimi_logo.png Graphic file (type png)

<use title/polimi_logo.png>
Package pdftex.def Info: title/polimi_logo.png used on input line 3.
(pdftex.def)             Requested size: 150.0pt x 149.4619pt.
 [1

{/var/lib/texmf/fonts/map/pdftex/updmap/pdftex.map} <./title/polimi_logo.png>])
 (./4_ITPD.toc
LaTeX Font Info:    External font `cmex10' loaded for size
(Font)              <10.95> on input line 3.
LaTeX Font Info:    External font `cmex10' loaded for size
(Font)              <8> on input line 3.
LaTeX Font Info:    External font `cmex10' loaded for size
(Font)              <6> on input line 3.
pdfTeX warning (ext4): destination with the same identifier (name{page.i}) has 
been already used, duplicate ignored
<to be read again> 
                   \relax 
l.35 ...ta Access Utilities}{21}{subsection.3.3.4}
                                                   [1

])
\tf@toc=\write4
\openout4 = `4_ITPD.toc'.



Package Fancyhdr Warning: \headheight is too small (12.0pt): 
 Make it at least 13.59999pt.
 We now make it that large for the rest of the document.
 This may cause the page layout to be inconsistent, however.

[2] (./chapters/introduction.tex
Chapter 1.

Underfull \vbox (badness 10000) detected at line 16
 []

LaTeX Font Info:    Try loading font information for OMS+cmr on input line 26.
(/usr/share/texlive/texmf-dist/tex/latex/base/omscmr.fd
File: omscmr.fd 1999/05/25 v2.5h Standard LaTeX font definitions
)
LaTeX Font Info:    Font shape `OMS/cmr/m/n' in size <10.95> not available
(Font)              Font shape `OMS/cmsy/m/n' tried instead on input line 26.
 [1


]
Overfull \hbox (34.68718pt too wide) in paragraph at lines 62--63
[]\OT1/cmr/m/n/10.95 myTaxiService Re-quire-ment Anal-y-sis and Spec-i-fi-ca-ti
on Doc-u-ment: RASD.pdf 
 []


Package Fancyhdr Warning: \headheight is too small (12.0pt): 
 Make it at least 13.59999pt.
 We now make it that large for the rest of the document.
 This may cause the page layout to be inconsistent, however.

[2]) (./chapters/integration.tex

Package Fancyhdr Warning: \headheight is too small (12.0pt): 
 Make it at least 13.59999pt.
 We now make it that large for the rest of the document.
 This may cause the page layout to be inconsistent, however.

[3]
Chapter 2.
[4

]
Overfull \hbox (0.82693pt too wide) in paragraph at lines 34--35
\OT1/cmr/bx/n/10.95 No-ti-fi-ca-tion Sys-tem \OT1/cmr/m/n/10.95 and \OT1/cmr/bx
/n/10.95 Re-mote Ser-vices In-ter-face \OT1/cmr/m/n/10.95 com-po-nents. 
 []


Package Fancyhdr Warning: \headheight is too small (12.0pt): 
 Make it at least 13.59999pt.
 We now make it that large for the rest of the document.
 This may cause the page layout to be inconsistent, however.

[5]

Package Fancyhdr Warning: \headheight is too small (12.0pt): 
 Make it at least 13.59999pt.
 We now make it that large for the rest of the document.
 This may cause the page layout to be inconsistent, however.

[6] <pdfs/integration_dataaccess.pdf, id=275, 445.665pt x 114.4275pt>
File: pdfs/integration_dataaccess.pdf Graphic file (type pdf)

<use pdfs/integration_dataaccess.pdf>
Package pdftex.def Info: pdfs/integration_dataaccess.pdf used on input line 58.

(pdftex.def)             Requested size: 250.0pt x 64.18895pt.

Overfull \hbox (1.31786pt too wide) in paragraph at lines 61--62
\OT1/cmr/m/n/10.95 sub-com-po-nents im-ple-ment-ing the \OT1/cmr/bx/n/10.95 Tax
i Man-age-ment Sys-tem\OT1/cmr/m/n/10.95 . This choice
 []

<pdfs/taximan/integration_reqmansub.pdf, id=276, 686.565pt x 114.4275pt>
File: pdfs/taximan/integration_reqmansub.pdf Graphic file (type pdf)

<use pdfs/taximan/integration_reqmansub.pdf>
Package pdftex.def Info: pdfs/taximan/integration_reqmansub.pdf used on input l
ine 68.
(pdftex.def)             Requested size: 350.0pt x 58.3328pt.

<pdfs/taximan/integration_resmansub.pdf, id=277, 686.565pt x 114.4275pt>
File: pdfs/taximan/integration_resmansub.pdf Graphic file (type pdf)

<use pdfs/taximan/integration_resmansub.pdf>
Package pdftex.def Info: pdfs/taximan/integration_resmansub.pdf used on input l
ine 73.
(pdftex.def)             Requested size: 350.0pt x 58.3328pt.


Package Fancyhdr Warning: \headheight is too small (12.0pt): 
 Make it at least 13.59999pt.
 We now make it that large for the rest of the document.
 This may cause the page layout to be inconsistent, however.

[7 <./pdfs/integration_dataaccess.pdf> <./pdfs/taximan/integration_reqmansub.pd
f>] <pdfs/taximan/integration_taximansub.pdf, id=290, 686.565pt x 259.97125pt>
File: pdfs/taximan/integration_taximansub.pdf Graphic file (type pdf)

<use pdfs/taximan/integration_taximansub.pdf>
Package pdftex.def Info: pdfs/taximan/integration_taximansub.pdf used on input 
line 78.
(pdftex.def)             Requested size: 350.0pt x 132.52805pt.

<pdfs/integration_taximan.pdf, id=291, 736.7525pt x 425.59pt>
File: pdfs/integration_taximan.pdf Graphic file (type pdf)

<use pdfs/integration_taximan.pdf>
Package pdftex.def Info: pdfs/integration_taximan.pdf used on input line 83.
(pdftex.def)             Requested size: 350.0pt x 202.17682pt.


Package Fancyhdr Warning: \headheight is too small (12.0pt): 
 Make it at least 13.59999pt.
 We now make it that large for the rest of the document.
 This may cause the page layout to be inconsistent, however.

[8 <./pdfs/taximan/integration_resmansub.pdf> <./pdfs/taximan/integration_taxim
ansub.pdf> <./pdfs/integration_taximan.pdf>]
<pdfs/systemadmin/integration_apipermansub.pdf, id=306, 686.565pt x 114.4275pt>
File: pdfs/systemadmin/integration_apipermansub.pdf Graphic file (type pdf)
<use pdfs/systemadmin/integration_apipermansub.pdf>
Package pdftex.def Info: pdfs/systemadmin/integration_apipermansub.pdf used on 
input line 93.
(pdftex.def)             Requested size: 350.0pt x 58.3328pt.

<pdfs/systemadmin/integration_zonedivmansub.pdf, id=307, 686.565pt x 114.4275pt
>
File: pdfs/systemadmin/integration_zonedivmansub.pdf Graphic file (type pdf)
 <use pdfs/systemadmin/integration_zonedivmansub.pdf>
Package pdftex.def Info: pdfs/systemadmin/integration_zonedivmansub.pdf used on
 input line 97.
(pdftex.def)             Requested size: 350.0pt x 58.3328pt.

<pdfs/systemadmin/integration_taxidrivermansub.pdf, id=308, 686.565pt x 114.427
5pt>
File: pdfs/systemadmin/integration_taxidrivermansub.pdf Graphic file (type pdf)

 <use pdfs/systemadmin/integration_taxidrivermansub.pdf>
Package pdftex.def Info: pdfs/systemadmin/integration_taxidrivermansub.pdf used
 on input line 101.
(pdftex.def)             Requested size: 350.0pt x 58.3328pt.

<pdfs/systemadmin/integration_servstatsub.pdf, id=309, 686.565pt x 114.4275pt>
File: pdfs/systemadmin/integration_servstatsub.pdf Graphic file (type pdf)

<use pdfs/systemadmin/integration_servstatsub.pdf>
Package pdftex.def Info: pdfs/systemadmin/integration_servstatsub.pdf used on i
nput line 105.
(pdftex.def)             Requested size: 350.0pt x 58.3328pt.

<pdfs/systemadmin/integration_pluginmansub.pdf, id=310, 686.565pt x 114.4275pt>
File: pdfs/systemadmin/integration_pluginmansub.pdf Graphic file (type pdf)
<use pdfs/systemadmin/integration_pluginmansub.pdf>
Package pdftex.def Info: pdfs/systemadmin/integration_pluginmansub.pdf used on 
input line 109.
(pdftex.def)             Requested size: 350.0pt x 58.3328pt.

Overfull \hbox (0.57896pt too wide) in paragraph at lines 112--113
\OT1/cmr/m/n/10.95 sub-com-po-nents im-ple-ment-ing the \OT1/cmr/bx/n/10.95 Ac-
count Man-age-ment \OT1/cmr/m/n/10.95 sub-sys-tem. This
 []


Package Fancyhdr Warning: \headheight is too small (12.0pt): 
 Make it at least 13.59999pt.
 We now make it that large for the rest of the document.
 This may cause the page layout to be inconsistent, however.

[9 <./pdfs/systemadmin/integration_apipermansub.pdf> <./pdfs/systemadmin/integr
ation_zonedivmansub.pdf> <./pdfs/systemadmin/integration_taxidrivermansub.pdf> 
<./pdfs/systemadmin/integration_servstatsub.pdf> <./pdfs/systemadmin/integratio
n_pluginmansub.pdf>]
<pdfs/accountman/integration_passregsub.pdf, id=330, 686.565pt x 114.4275pt>
File: pdfs/accountman/integration_passregsub.pdf Graphic file (type pdf)

<use pdfs/accountman/integration_passregsub.pdf>
Package pdftex.def Info: pdfs/accountman/integration_passregsub.pdf used on inp
ut line 119.
(pdftex.def)             Requested size: 350.0pt x 58.3328pt.

<pdfs/accountman/integration_loginsub.pdf, id=331, 686.565pt x 114.4275pt>
File: pdfs/accountman/integration_loginsub.pdf Graphic file (type pdf)

<use pdfs/accountman/integration_loginsub.pdf>
Package pdftex.def Info: pdfs/accountman/integration_loginsub.pdf used on input
 line 123.
(pdftex.def)             Requested size: 350.0pt x 58.3328pt.

<pdfs/accountman/integration_pwdretsub.pdf, id=332, 686.565pt x 114.4275pt>
File: pdfs/accountman/integration_pwdretsub.pdf Graphic file (type pdf)

<use pdfs/accountman/integration_pwdretsub.pdf>
Package pdftex.def Info: pdfs/accountman/integration_pwdretsub.pdf used on inpu
t line 127.
(pdftex.def)             Requested size: 350.0pt x 58.3328pt.

<pdfs/accountman/integration_settingsmansub.pdf, id=333, 686.565pt x 114.4275pt
>
File: pdfs/accountman/integration_settingsmansub.pdf Graphic file (type pdf)
 <use pdfs/accountman/integration_settingsmansub.pdf>
Package pdftex.def Info: pdfs/accountman/integration_settingsmansub.pdf used on
 input line 131.
(pdftex.def)             Requested size: 350.0pt x 58.3328pt.


Package Fancyhdr Warning: \headheight is too small (12.0pt): 
 Make it at least 13.59999pt.
 We now make it that large for the rest of the document.
 This may cause the page layout to be inconsistent, however.

[10 <./pdfs/accountman/integration_passregsub.pdf> <./pdfs/accountman/integrati
on_loginsub.pdf> <./pdfs/accountman/integration_pwdretsub.pdf> <./pdfs/accountm
an/integration_settingsmansub.pdf>]
<pdfs/integration_subsystems.pdf, id=352, 1676.2625pt x 1013.7875pt>
File: pdfs/integration_subsystems.pdf Graphic file (type pdf)

<use pdfs/integration_subsystems.pdf>
Package pdftex.def Info: pdfs/integration_subsystems.pdf used on input line 138
.
(pdftex.def)             Requested size: 550.0pt x 332.63274pt.
) (./chapters/istd.tex

Package Fancyhdr Warning: \headheight is too small (12.0pt): 
 Make it at least 13.59999pt.
 We now make it that large for the rest of the document.
 This may cause the page layout to be inconsistent, however.

[11 <./pdfs/integration_subsystems.pdf>]
Chapter 3.

Underfull \hbox (badness 4913) in paragraph at lines 11--11
[]|\OT1/cmr/m/n/10.95 A re-quest with an id
 []


Underfull \hbox (badness 3872) in paragraph at lines 11--11
\OT1/cmr/m/n/10.95 al-ready ex-is-tent in the
 []


Underfull \hbox (badness 5316) in paragraph at lines 12--12
[]|\OT1/cmr/m/n/10.95 An In-val-i-dAr-gu-ment-Val-ue-Ex-cep-tion is
 []


Underfull \hbox (badness 5316) in paragraph at lines 20--20
[]|\OT1/cmr/m/n/10.95 An In-val-i-dAr-gu-ment-Val-ue-Ex-cep-tion is
 []


Underfull \vbox (badness 10000) detected at line 27
 []


Underfull \hbox (badness 3872) in paragraph at lines 37--37
\OT1/cmr/m/n/10.95 al-ready ex-is-tent in the
 []


Underfull \hbox (badness 5316) in paragraph at lines 38--38
[]|\OT1/cmr/m/n/10.95 An In-val-i-dAr-gu-ment-Val-ue-Ex-cep-tion is
 []


Underfull \hbox (badness 5316) in paragraph at lines 46--46
[]|\OT1/cmr/m/n/10.95 An In-val-i-dAr-gu-ment-Val-ue-Ex-cep-tion is
 []


Underfull \hbox (badness 5316) in paragraph at lines 54--54
[]|\OT1/cmr/m/n/10.95 An In-val-i-dAr-gu-ment-Val-ue-Ex-cep-tion is
 []


Underfull \hbox (badness 5316) in paragraph at lines 58--58
[]|\OT1/cmr/m/n/10.95 An In-val-i-dAr-gu-ment-Val-ue-Ex-cep-tion is
 []


Underfull \vbox (badness 10000) detected at line 64
 []

[12

]
Underfull \hbox (badness 5316) in paragraph at lines 75--75
[]|\OT1/cmr/m/n/10.95 An In-val-i-dAr-gu-ment-Val-ue-Ex-cep-tion is
 []


Underfull \hbox (badness 10000) in paragraph at lines 78--78
[]|\OT1/cmr/m/n/10.95 An ar-ray of non-null
 []


Underfull \hbox (badness 7944) in paragraph at lines 78--78
\OT1/cmr/m/n/10.95 queues, but con-tain-ing
 []


Underfull \hbox (badness 5316) in paragraph at lines 79--79
[]|\OT1/cmr/m/n/10.95 An In-val-i-dAr-gu-ment-Val-ue-Ex-cep-tion is
 []


Underfull \vbox (badness 10000) detected at line 94
 []


Package Fancyhdr Warning: \headheight is too small (12.0pt): 
 Make it at least 13.59999pt.
 We now make it that large for the rest of the document.
 This may cause the page layout to be inconsistent, however.

[13]
Underfull \vbox (badness 10000) detected at line 119
 []


Underfull \hbox (badness 4454) in paragraph at lines 144--144
[]|\OT1/cmr/m/n/10.95 A meet-ing-Point out-side
 []


Underfull \hbox (badness 4144) in paragraph at lines 146--146
\OT1/cmr/m/n/10.95 meet-ing-Point in-side the
 []


Underfull \hbox (badness 4144) in paragraph at lines 148--148
\OT1/cmr/m/n/10.95 meet-ing-Point in-side the
 []


Underfull \vbox (badness 10000) detected at line 150
 []


Package Fancyhdr Warning: \headheight is too small (12.0pt): 
 Make it at least 13.59999pt.
 We now make it that large for the rest of the document.
 This may cause the page layout to be inconsistent, however.

[14]
Underfull \hbox (badness 2951) in paragraph at lines 159--159
[]|\OT1/cmr/m/n/10.95 A pas-sen-gerId not cor-
 []


Underfull \hbox (badness 10000) in paragraph at lines 161--161
[]|\OT1/cmr/m/n/10.95 A pas-sen-ger-Loca-tion
 []


Underfull \hbox (badness 10000) in paragraph at lines 161--161
\OT1/cmr/m/n/10.95 whose co-or-di-nates are
 []


Underfull \vbox (badness 10000) detected at line 169
 []


Underfull \hbox (badness 5316) in paragraph at lines 179--179
[]|\OT1/cmr/m/n/10.95 An In-val-i-dAr-gu-ment-Val-ue-Ex-cep-tion is
 []


Underfull \hbox (badness 5316) in paragraph at lines 181--181
[]|\OT1/cmr/m/n/10.95 An In-val-i-dAr-gu-ment-Val-ue-Ex-cep-tion is
 []


Underfull \hbox (badness 10000) in paragraph at lines 188--188
[]|\OT1/cmr/m/n/10.95 A pas-sen-ger-Loca-tion
 []


Underfull \hbox (badness 10000) in paragraph at lines 188--188
\OT1/cmr/m/n/10.95 whose co-or-di-nates are
 []


Underfull \hbox (badness 5316) in paragraph at lines 191--191
[]|\OT1/cmr/m/n/10.95 An In-val-i-dAr-gu-ment-Val-ue-Ex-cep-tion is
 []


Underfull \hbox (badness 3260) in paragraph at lines 192--192
[]|\OT1/cmr/m/n/10.95 A valid taxiDriver and
 []


Underfull \hbox (badness 5316) in paragraph at lines 197--197
[]|\OT1/cmr/m/n/10.95 An In-val-i-dAr-gu-ment-Val-ue-Ex-cep-tion is
 []


Package Fancyhdr Warning: \headheight is too small (12.0pt): 
 Make it at least 13.59999pt.
 We now make it that large for the rest of the document.
 This may cause the page layout to be inconsistent, however.

[15]
Underfull \vbox (badness 10000) detected at line 204
 []


Underfull \hbox (badness 5316) in paragraph at lines 206--206
[]|\OT1/cmr/m/n/10.95 An In-val-i-dAr-gu-ment-Val-ue-Ex-cep-tion is
 []


Package Fancyhdr Warning: \headheight is too small (12.0pt): 
 Make it at least 13.59999pt.
 We now make it that large for the rest of the document.
 This may cause the page layout to be inconsistent, however.

[16]
Underfull \hbox (badness 5316) in paragraph at lines 222--222
[]|\OT1/cmr/m/n/10.95 An In-val-i-dAr-gu-ment-Val-ue-Ex-cep-tion is
 []


Underfull \hbox (badness 5316) in paragraph at lines 226--226
[]|\OT1/cmr/m/n/10.95 An In-val-i-dAr-gu-ment-Val-ue-Ex-cep-tion is
 []


Underfull \hbox (badness 5316) in paragraph at lines 228--228
[]|\OT1/cmr/m/n/10.95 An In-val-i-dAr-gu-ment-Val-ue-Ex-cep-tion is
 []


Underfull \hbox (badness 5316) in paragraph at lines 236--236
[]|\OT1/cmr/m/n/10.95 An In-val-i-dAr-gu-ment-Val-ue-Ex-cep-tion is
 []


Underfull \hbox (badness 5316) in paragraph at lines 238--238
[]|\OT1/cmr/m/n/10.95 An In-val-i-dAr-gu-ment-Val-ue-Ex-cep-tion is
 []


Underfull \hbox (badness 5316) in paragraph at lines 246--246
[]|\OT1/cmr/m/n/10.95 An In-val-i-dAr-gu-ment-Val-ue-Ex-cep-tion is
 []


Underfull \hbox (badness 5316) in paragraph at lines 250--250
[]|\OT1/cmr/m/n/10.95 An In-val-i-dAr-gu-ment-Val-ue-Ex-cep-tion is
 []


Underfull \vbox (badness 10000) detected at line 250
 []


Underfull \hbox (badness 6412) in paragraph at lines 251--251
[]|\OT1/cmr/m/n/10.95 A non-empty ar-ray of
 []


Package Fancyhdr Warning: \headheight is too small (12.0pt): 
 Make it at least 13.59999pt.
 We now make it that large for the rest of the document.
 This may cause the page layout to be inconsistent, however.

[17]
Underfull \hbox (badness 10000) in paragraph at lines 258--258
[][]\OT1/cmr/m/n/10.95 should
 []


Underfull \hbox (badness 10000) in paragraph at lines 258--258
\OT1/cmr/m/n/10.95 we add
 []


Underfull \hbox (badness 10000) in paragraph at lines 258--258
\OT1/cmr/m/n/10.95 ad-minid
 []


Underfull \hbox (badness 10000) in paragraph at lines 268--268
[]|\OT1/cmr/m/n/10.95 An In-valid-Se-cu-rityLevelEx-cep-tion is
 []


Underfull \hbox (badness 10000) in paragraph at lines 270--270
[]|\OT1/cmr/m/n/10.95 An In-valid-Se-cu-rityLevelEx-cep-tion is
 []


Underfull \hbox (badness 1178) in paragraph at lines 273--273
\OT1/cmr/m/n/10.95 a-tion, and the app has
 []


Underfull \hbox (badness 10000) in paragraph at lines 280--280
[]|\OT1/cmr/m/n/10.95 An In-valid-Se-cu-rityLevelEx-cep-tion is
 []


Underfull \hbox (badness 10000) in paragraph at lines 288--288
[]|\OT1/cmr/m/n/10.95 An In-valid-Se-cu-rityLevelEx-cep-tion is
 []


Underfull \hbox (badness 5316) in paragraph at lines 290--290
[]|\OT1/cmr/m/n/10.95 An In-val-i-dAr-gu-ment-Val-ue-Ex-cep-tion is
 []


Underfull \hbox (badness 10000) in paragraph at lines 291--291
[]|\OT1/cmr/m/n/10.95 A valid ap-pId and
 []


Underfull \hbox (badness 10000) in paragraph at lines 291--291
\OT1/cmr/m/n/10.95 op-er-a-tion, and the
 []


Underfull \hbox (badness 5592) in paragraph at lines 291--291
\OML/cmm/m/it/10.95 < appId; operation >$
 []


Underfull \vbox (badness 10000) detected at line 293
 []


Package Fancyhdr Warning: \headheight is too small (12.0pt): 
 Make it at least 13.59999pt.
 We now make it that large for the rest of the document.
 This may cause the page layout to be inconsistent, however.

[18]
Underfull \hbox (badness 5316) in paragraph at lines 304--304
[]|\OT1/cmr/m/n/10.95 An In-val-i-dAr-gu-ment-Val-ue-Ex-cep-tion is
 []


Underfull \hbox (badness 5316) in paragraph at lines 308--308
[]|\OT1/cmr/m/n/10.95 An In-val-i-dAr-gu-ment-Val-ue-Ex-cep-tion is
 []


Underfull \hbox (badness 6412) in paragraph at lines 309--309
[]|\OT1/cmr/m/n/10.95 A non-empty ar-ray of
 []


Underfull \hbox (badness 1960) in paragraph at lines 310--310
[]|\OT1/cmr/m/n/10.95 The taxi drivers are in-serted in the
 []


Underfull \hbox (badness 5316) in paragraph at lines 316--316
[]|\OT1/cmr/m/n/10.95 An In-val-i-dAr-gu-ment-Val-ue-Ex-cep-tion is
 []


Underfull \hbox (badness 5316) in paragraph at lines 318--318
[]|\OT1/cmr/m/n/10.95 An In-val-i-dAr-gu-ment-Val-ue-Ex-cep-tion is
 []


Underfull \hbox (badness 5316) in paragraph at lines 326--326
[]|\OT1/cmr/m/n/10.95 An In-val-i-dAr-gu-ment-Val-ue-Ex-cep-tion is
 []


Underfull \hbox (badness 5316) in paragraph at lines 328--328
[]|\OT1/cmr/m/n/10.95 An In-val-i-dAr-gu-ment-Val-ue-Ex-cep-tion is
 []


Underfull \vbox (badness 10000) detected at line 331
 []


Underfull \hbox (badness 5316) in paragraph at lines 342--342
[]|\OT1/cmr/m/n/10.95 An In-val-i-dAr-gu-ment-Val-ue-Ex-cep-tion is
 []


Underfull \hbox (badness 5316) in paragraph at lines 344--344
[]|\OT1/cmr/m/n/10.95 An In-val-i-dAr-gu-ment-Val-ue-Ex-cep-tion is
 []


Underfull \hbox (badness 5316) in paragraph at lines 346--346
[]|\OT1/cmr/m/n/10.95 An In-val-i-dAr-gu-ment-Val-ue-Ex-cep-tion is
 []


Underfull \hbox (badness 10000) in paragraph at lines 351--351
[]|\OT1/cmr/m/n/10.95 A non-existing pas-sen-
 []


Underfull \hbox (badness 5316) in paragraph at lines 352--352
[]|\OT1/cmr/m/n/10.95 An In-val-i-dAr-gu-ment-Val-ue-Ex-cep-tion is
 []


Underfull \hbox (badness 5316) in paragraph at lines 354--354
[]|\OT1/cmr/m/n/10.95 An In-val-i-dAr-gu-ment-Val-ue-Ex-cep-tion is
 []


Package Fancyhdr Warning: \headheight is too small (12.0pt): 
 Make it at least 13.59999pt.
 We now make it that large for the rest of the document.
 This may cause the page layout to be inconsistent, however.

[19]
Underfull \vbox (badness 10000) detected at line 357
 []


Underfull \hbox (badness 5316) in paragraph at lines 366--366
[]|\OT1/cmr/m/n/10.95 An In-val-i-dAr-gu-ment-Val-ue-Ex-cep-tion is
 []


Underfull \hbox (badness 5316) in paragraph at lines 368--368
[]|\OT1/cmr/m/n/10.95 An In-val-i-dAr-gu-ment-Val-ue-Ex-cep-tion is
 []


Underfull \vbox (badness 10000) detected at line 373
 []


Underfull \hbox (badness 10000) in paragraph at lines 390--390
[]|\OT1/cmr/m/n/10.95 An In-valid-Se-cu-rityLevelEx-cep-tion is
 []


Underfull \hbox (badness 6876) in paragraph at lines 394--394
[]|\OT1/cmr/m/n/10.95 Updates the user pass-word in the
 []


Package Fancyhdr Warning: \headheight is too small (12.0pt): 
 Make it at least 13.59999pt.
 We now make it that large for the rest of the document.
 This may cause the page layout to be inconsistent, however.

[20]
Underfull \vbox (badness 10000) detected at line 395
 []


Underfull \hbox (badness 2951) in paragraph at lines 407--407
[]|\OT1/cmr/m/n/10.95 A pas-sen-gerId not cor-
 []


Underfull \hbox (badness 10000) in paragraph at lines 409--409
[]|\OT1/cmr/m/n/10.95 A pas-sen-ger-Loca-tion
 []


Underfull \hbox (badness 10000) in paragraph at lines 409--409
\OT1/cmr/m/n/10.95 whose co-or-di-nates are
 []


Underfull \hbox (badness 5316) in paragraph at lines 424--424
[]|\OT1/cmr/m/n/10.95 An In-val-i-dAr-gu-ment-Val-ue-Ex-cep-tion is
 []


Underfull \hbox (badness 5316) in paragraph at lines 434--434
[]|\OT1/cmr/m/n/10.95 An In-val-i-dAr-gu-ment-Val-ue-Ex-cep-tion is
 []


Underfull \vbox (badness 10000) detected at line 436
 []


Package Fancyhdr Warning: \headheight is too small (12.0pt): 
 Make it at least 13.59999pt.
 We now make it that large for the rest of the document.
 This may cause the page layout to be inconsistent, however.

[21]

Package Fancyhdr Warning: \headheight is too small (12.0pt): 
 Make it at least 13.59999pt.
 We now make it that large for the rest of the document.
 This may cause the page layout to be inconsistent, however.

[22]
Underfull \hbox (badness 5316) in paragraph at lines 451--451
[]|\OT1/cmr/m/n/10.95 An In-val-i-dAr-gu-ment-Val-ue-Ex-cep-tion is
 []


Underfull \hbox (badness 5316) in paragraph at lines 453--453
[]|\OT1/cmr/m/n/10.95 An In-val-i-dAr-gu-ment-Val-ue-Ex-cep-tion is
 []


Underfull \hbox (badness 5316) in paragraph at lines 455--455
[]|\OT1/cmr/m/n/10.95 An In-val-i-dAr-gu-ment-Val-ue-Ex-cep-tion is
 []


Underfull \hbox (badness 10000) in paragraph at lines 460--460
[]|\OT1/cmr/m/n/10.95 A non-existing pas-sen-
 []


Underfull \hbox (badness 5316) in paragraph at lines 461--461
[]|\OT1/cmr/m/n/10.95 An In-val-i-dAr-gu-ment-Val-ue-Ex-cep-tion is
 []


Underfull \hbox (badness 5316) in paragraph at lines 463--463
[]|\OT1/cmr/m/n/10.95 An In-val-i-dAr-gu-ment-Val-ue-Ex-cep-tion is
 []


Underfull \hbox (badness 5316) in paragraph at lines 471--471
[]|\OT1/cmr/m/n/10.95 An In-val-i-dAr-gu-ment-Val-ue-Ex-cep-tion is
 []


Underfull \hbox (badness 5316) in paragraph at lines 473--473
[]|\OT1/cmr/m/n/10.95 An In-val-i-dAr-gu-ment-Val-ue-Ex-cep-tion is
 []


Underfull \vbox (badness 10000) detected at line 479
 []


Underfull \hbox (badness 10000) in paragraph at lines 491--491
[]|\OT1/cmr/m/n/10.95 An In-valid-Se-cu-rityLevelEx-cep-tion is
 []


Underfull \hbox (badness 6876) in paragraph at lines 495--495
[]|\OT1/cmr/m/n/10.95 Updates the user pass-word in the
 []


Package Fancyhdr Warning: \headheight is too small (12.0pt): 
 Make it at least 13.59999pt.
 We now make it that large for the rest of the document.
 This may cause the page layout to be inconsistent, however.

[23]
Underfull \hbox (badness 10000) in paragraph at lines 506--506
\OT1/cmr/m/n/10.95 be uni-
 []


Underfull \hbox (badness 10000) in paragraph at lines 506--506
\OT1/cmr/m/n/10.95 form in
 []


Underfull \hbox (badness 10000) in paragraph at lines 506--506
\OT1/cmr/m/n/10.95 no-ta-tion,
 []


Underfull \hbox (badness 7379) in paragraph at lines 506--506
\OT1/cmr/m/n/10.95 a-bly also
 []


Underfull \hbox (badness 10000) in paragraph at lines 506--506
\OT1/cmr/m/n/10.95 re-vise a
 []


Overfull \hbox (5.66118pt too wide) in paragraph at lines 506--507
\OT1/cmr/m/n/10.95 asdaWE SHOULD BE UNI-FORM IN NO-TA-TION, AND PROB-A-BLY ALSO

 []


Underfull \hbox (badness 5316) in paragraph at lines 513--513
[]|\OT1/cmr/m/n/10.95 An In-val-i-dAr-gu-ment-Val-ue-Ex-cep-tion is
 []


Underfull \hbox (badness 10000) in paragraph at lines 515--515
[]|\OT1/cmr/m/n/10.95 An In-valid-Se-cu-rityLevelEx-cep-tion is
 []


Underfull \hbox (badness 10000) in paragraph at lines 525--525
[]|\OT1/cmr/m/n/10.95 An In-valid-Se-cu-rityLevelEx-cep-tion is
 []


Underfull \hbox (badness 10000) in paragraph at lines 527--527
[]|\OT1/cmr/m/n/10.95 An In-valid-Se-cu-rityLevelEx-cep-tion is
 []


Underfull \hbox (badness 1178) in paragraph at lines 530--530
\OT1/cmr/m/n/10.95 a-tion, and the app has
 []


Underfull \hbox (badness 10000) in paragraph at lines 537--537
[]|\OT1/cmr/m/n/10.95 An In-valid-Se-cu-rityLevelEx-cep-tion is
 []


Underfull \hbox (badness 10000) in paragraph at lines 539--539
[]|\OT1/cmr/m/n/10.95 An In-valid-Se-cu-rityLevelEx-cep-tion is
 []


Underfull \vbox (badness 10000) detected at line 541
 []


Underfull \hbox (badness 10000) in paragraph at lines 547--547
[]|\OT1/cmr/m/n/10.95 An In-valid-Se-cu-rityLevelEx-cep-tion is
 []


Underfull \hbox (badness 10000) in paragraph at lines 549--549
[]|\OT1/cmr/m/n/10.95 An In-valid-Se-cu-rityLevelEx-cep-tion is
 []


Underfull \hbox (badness 5316) in paragraph at lines 551--551
[]|\OT1/cmr/m/n/10.95 An In-val-i-dAr-gu-ment-Val-ue-Ex-cep-tion is
 []


Underfull \hbox (badness 10000) in paragraph at lines 557--557
[]|\OT1/cmr/m/n/10.95 An In-valid-Se-cu-rityLevelEx-cep-tion is
 []


Underfull \hbox (badness 10000) in paragraph at lines 565--565
[]|\OT1/cmr/m/n/10.95 An In-valid-Se-cu-rityLevelEx-cep-tion is
 []


Underfull \hbox (badness 5316) in paragraph at lines 567--567
[]|\OT1/cmr/m/n/10.95 An In-val-i-dAr-gu-ment-Val-ue-Ex-cep-tion is
 []


Underfull \hbox (badness 5316) in paragraph at lines 571--571
[]|\OT1/cmr/m/n/10.95 An In-val-i-dAr-gu-ment-Val-ue-Ex-cep-tion is
 []


Underfull \hbox (badness 1354) in paragraph at lines 572--572
[]|\OT1/cmr/m/n/10.95 A valid ad-minId and a
 []


Package Fancyhdr Warning: \headheight is too small (12.0pt): 
 Make it at least 13.59999pt.
 We now make it that large for the rest of the document.
 This may cause the page layout to be inconsistent, however.

[24]
Underfull \hbox (badness 10000) in paragraph at lines 579--579
[]|\OT1/cmr/m/n/10.95 An In-valid-Se-cu-rityLevelEx-cep-tion is
 []


Underfull \hbox (badness 5316) in paragraph at lines 581--581
[]|\OT1/cmr/m/n/10.95 An In-val-i-dAr-gu-ment-Val-ue-Ex-cep-tion is
 []


Underfull \hbox (badness 5316) in paragraph at lines 585--585
[]|\OT1/cmr/m/n/10.95 An In-val-i-dAr-gu-ment-Val-ue-Ex-cep-tion is
 []


Underfull \hbox (badness 1354) in paragraph at lines 586--586
[]|\OT1/cmr/m/n/10.95 A valid ad-minId and a
 []


Underfull \hbox (badness 10000) in paragraph at lines 593--593
[]|\OT1/cmr/m/n/10.95 An In-valid-Se-cu-rityLevelEx-cep-tion is
 []


Underfull \hbox (badness 5316) in paragraph at lines 595--595
[]|\OT1/cmr/m/n/10.95 An In-val-i-dAr-gu-ment-Val-ue-Ex-cep-tion is
 []


Underfull \hbox (badness 3690) in paragraph at lines 598--598
\OT1/cmr/m/n/10.95 in-valid or ex-ist-ing taxi
 []


Underfull \hbox (badness 5316) in paragraph at lines 599--599
[]|\OT1/cmr/m/n/10.95 An In-val-i-dAr-gu-ment-Val-ue-Ex-cep-tion is
 []


Underfull \hbox (badness 1354) in paragraph at lines 600--600
[]|\OT1/cmr/m/n/10.95 A valid ad-minId and a
 []


Underfull \hbox (badness 1014) in paragraph at lines 601--601
\OT1/cmr/m/n/10.95 drivers and zones are in-serted in the
 []


Package Fancyhdr Warning: \headheight is too small (12.0pt): 
 Make it at least 13.59999pt.
 We now make it that large for the rest of the document.
 This may cause the page layout to be inconsistent, however.

[25]

Package Fancyhdr Warning: \headheight is too small (12.0pt): 
 Make it at least 13.59999pt.
 We now make it that large for the rest of the document.
 This may cause the page layout to be inconsistent, however.

[26]) (./chapters/performance.tex

Package Fancyhdr Warning: \headheight is too small (12.0pt): 
 Make it at least 13.59999pt.
 We now make it that large for the rest of the document.
 This may cause the page layout to be inconsistent, however.

[27]
Chapter 4.
) (./chapters/tter.tex [28

]
Chapter 5.
[29

]

Package Fancyhdr Warning: \headheight is too small (12.0pt): 
 Make it at least 13.59999pt.
 We now make it that large for the rest of the document.
 This may cause the page layout to be inconsistent, however.

[30]) (./chapters/pstdr.tex

Package Fancyhdr Warning: \headheight is too small (12.0pt): 
 Make it at least 13.59999pt.
 We now make it that large for the rest of the document.
 This may cause the page layout to be inconsistent, however.

[31]
Chapter 6.
[32

]

Package Fancyhdr Warning: \headheight is too small (12.0pt): 
 Make it at least 13.59999pt.
 We now make it that large for the rest of the document.
 This may cause the page layout to be inconsistent, however.

[33]

Package Fancyhdr Warning: \headheight is too small (12.0pt): 
 Make it at least 13.59999pt.
 We now make it that large for the rest of the document.
 This may cause the page layout to be inconsistent, however.

[34]) (./chapters/hours_of_work.tex

Package Fancyhdr Warning: \headheight is too small (12.0pt): 
 Make it at least 13.59999pt.
 We now make it that large for the rest of the document.
 This may cause the page layout to be inconsistent, however.

[35]
Appendix A.
)
Package atveryend Info: Empty hook `BeforeClearDocument' on input line 21.
 [36

]
Package atveryend Info: Empty hook `AfterLastShipout' on input line 21.
 (./4_ITPD.aux)
Package atveryend Info: Executing hook `AtVeryEndDocument' on input line 21.
Package atveryend Info: Executing hook `AtEndAfterFileList' on input line 21.
Package rerunfilecheck Info: File `4_ITPD.out' has not changed.
(rerunfilecheck)             Checksum: A7E6A9865156016CCE80566ABC7C84E2;3495.
Package atveryend Info: Empty hook `AtVeryVeryEnd' on input line 21.
 ) 
Here is how much of TeX's memory you used:
 9280 strings out of 494967
 135184 string characters out of 6179868
 279819 words of memory out of 5000000
 12215 multiletter control sequences out of 15000+600000
 10711 words of font info for 37 fonts, out of 8000000 for 9000
 38 hyphenation exceptions out of 8191
 39i,12n,43p,878b,535s stack positions out of 5000i,500n,10000p,200000b,80000s
</usr/share/texlive/texmf-dist/fonts/type1/public/amsfonts/cm/cmbx10.pfb></us
r/share/texlive/texmf-dist/fonts/type1/public/amsfonts/cm/cmbx12.pfb></usr/shar
e/texlive/texmf-dist/fonts/type1/public/amsfonts/cm/cmcsc10.pfb></usr/share/tex
live/texmf-dist/fonts/type1/public/amsfonts/cm/cmmi10.pfb></usr/share/texlive/t
exmf-dist/fonts/type1/public/amsfonts/cm/cmr10.pfb></usr/share/texlive/texmf-di
st/fonts/type1/public/amsfonts/cm/cmr12.pfb></usr/share/texlive/texmf-dist/font
s/type1/public/amsfonts/cm/cmsl10.pfb></usr/share/texlive/texmf-dist/fonts/type
1/public/amsfonts/cm/cmsy10.pfb></usr/share/texlive/texmf-dist/fonts/type1/publ
ic/amsfonts/cm/cmti10.pfb>
Output written on 4_ITPD.pdf (39 pages, 754468 bytes).
PDF statistics:
 539 PDF objects out of 1000 (max. 8388607)
 107 named destinations out of 1000 (max. 500000)
 441 words of extra memory for PDF output out of 10000 (max. 10000000)

